<?xml version="1.0" encoding="UTF-8"?>
<coverage generated="1534876920949" clover="3.2.0">
  <project timestamp="1534876920949" name="All files">
    <metrics statements="288" coveredstatements="276" conditionals="268" coveredconditionals="231" methods="52" coveredmethods="52" elements="608" coveredelements="559" complexity="0" loc="288" ncloc="288" packages="1" files="6" classes="6">
      <file name="HashMap.js" path="/home/bogdan/git-repos/eq-collections/dist/HashMap.js">
        <metrics statements="99" coveredstatements="97" conditionals="93" coveredconditionals="87" methods="13" coveredmethods="13"/>
        <line num="1" count="5" type="stmt"/>
        <line num="2" count="5" type="cond" truecount="3" falsecount="1"/>
        <line num="3" count="5" type="stmt"/>
        <line num="4" count="5" type="cond" truecount="1" falsecount="1"/>
        <line num="6" count="0" type="cond" truecount="0" falsecount="4"/>
        <line num="7" count="0" type="stmt"/>
        <line num="11" count="5" type="stmt"/>
        <line num="12" count="5" type="stmt"/>
        <line num="15" count="17" type="stmt"/>
        <line num="16" count="17" type="stmt"/>
        <line num="17" count="17" type="stmt"/>
        <line num="18" count="17" type="stmt"/>
        <line num="19" count="17" type="cond" truecount="2" falsecount="0"/>
        <line num="20" count="16" type="stmt"/>
        <line num="21" count="306" type="stmt"/>
        <line num="26" count="624" type="stmt"/>
        <line num="27" count="624" type="stmt"/>
        <line num="28" count="7306" type="cond" truecount="2" falsecount="0"/>
        <line num="29" count="4959" type="stmt"/>
        <line num="32" count="624" type="stmt"/>
        <line num="35" count="450" type="stmt"/>
        <line num="36" count="450" type="cond" truecount="4" falsecount="0"/>
        <line num="37" count="372" type="cond" truecount="2" falsecount="0"/>
        <line num="38" count="372" type="stmt"/>
        <line num="39" count="372" type="cond" truecount="2" falsecount="0"/>
        <line num="40" count="185" type="stmt"/>
        <line num="43" count="187" type="cond" truecount="4" falsecount="0"/>
        <line num="44" count="84" type="stmt"/>
        <line num="45" count="153" type="cond" truecount="2" falsecount="0"/>
        <line num="46" count="59" type="stmt"/>
        <line num="47" count="59" type="stmt"/>
        <line num="51" count="128" type="stmt"/>
        <line num="55" count="78" type="stmt"/>
        <line num="57" count="391" type="stmt"/>
        <line num="61" count="215" type="stmt"/>
        <line num="62" count="215" type="cond" truecount="4" falsecount="0"/>
        <line num="63" count="166" type="cond" truecount="2" falsecount="0"/>
        <line num="64" count="166" type="stmt"/>
        <line num="65" count="166" type="cond" truecount="2" falsecount="0"/>
        <line num="66" count="157" type="cond" truecount="4" falsecount="0"/>
        <line num="67" count="13" type="stmt"/>
        <line num="68" count="38" type="cond" truecount="2" falsecount="0"/>
        <line num="69" count="13" type="stmt"/>
        <line num="74" count="144" type="stmt"/>
        <line num="79" count="49" type="stmt"/>
        <line num="81" count="215" type="cond" truecount="2" falsecount="0"/>
        <line num="84" count="409" type="stmt"/>
        <line num="85" count="409" type="cond" truecount="4" falsecount="0"/>
        <line num="86" count="352" type="cond" truecount="2" falsecount="0"/>
        <line num="87" count="352" type="stmt"/>
        <line num="88" count="352" type="cond" truecount="2" falsecount="0"/>
        <line num="89" count="329" type="cond" truecount="4" falsecount="0"/>
        <line num="90" count="71" type="stmt"/>
        <line num="91" count="114" type="cond" truecount="2" falsecount="0"/>
        <line num="92" count="69" type="stmt"/>
        <line num="97" count="258" type="stmt"/>
        <line num="100" count="25" type="stmt"/>
        <line num="103" count="57" type="stmt"/>
        <line num="107" count="67" type="stmt"/>
        <line num="108" count="67" type="cond" truecount="4" falsecount="0"/>
        <line num="109" count="54" type="cond" truecount="2" falsecount="0"/>
        <line num="110" count="54" type="stmt"/>
        <line num="111" count="54" type="cond" truecount="2" falsecount="0"/>
        <line num="112" count="45" type="cond" truecount="4" falsecount="0"/>
        <line num="113" count="7" type="stmt"/>
        <line num="114" count="7" type="cond" truecount="2" falsecount="0"/>
        <line num="115" count="6" type="stmt"/>
        <line num="116" count="6" type="cond" truecount="2" falsecount="0"/>
        <line num="117" count="3" type="stmt"/>
        <line num="119" count="3" type="stmt"/>
        <line num="124" count="38" type="stmt"/>
        <line num="125" count="38" type="cond" truecount="2" falsecount="0"/>
        <line num="126" count="12" type="stmt"/>
        <line num="128" count="26" type="stmt"/>
        <line num="131" count="10" type="stmt"/>
        <line num="134" count="13" type="stmt"/>
        <line num="138" count="7" type="stmt"/>
        <line num="141" count="396" type="stmt"/>
        <line num="142" count="4555" type="cond" truecount="2" falsecount="0"/>
        <line num="143" count="2999" type="stmt"/>
        <line num="144" count="2999" type="stmt"/>
        <line num="145" count="4634" type="stmt"/>
        <line num="146" count="4634" type="cond" truecount="4" falsecount="0"/>
        <line num="147" count="30" type="stmt"/>
        <line num="149" count="4634" type="stmt"/>
        <line num="153" count="1556" type="stmt"/>
        <line num="154" count="1556" type="cond" truecount="4" falsecount="0"/>
        <line num="155" count="26" type="stmt"/>
        <line num="157" count="1556" type="stmt"/>
        <line num="162" count="2" type="stmt"/>
        <line num="163" count="40" type="cond" truecount="2" falsecount="0"/>
        <line num="164" count="20" type="stmt"/>
        <line num="167" count="20" type="stmt"/>
        <line num="172" count="1" type="stmt"/>
        <line num="173" count="20" type="stmt"/>
        <line num="177" count="1" type="stmt"/>
        <line num="178" count="20" type="stmt"/>
        <line num="182" count="5" type="stmt"/>
        <line num="183" count="5" type="stmt"/>
      </file>
      <file name="HashOnlyMap.js" path="/home/bogdan/git-repos/eq-collections/dist/HashOnlyMap.js">
        <metrics statements="48" coveredstatements="46" conditionals="47" coveredconditionals="41" methods="14" coveredmethods="14"/>
        <line num="1" count="5" type="stmt"/>
        <line num="2" count="5" type="cond" truecount="3" falsecount="1"/>
        <line num="3" count="5" type="stmt"/>
        <line num="4" count="5" type="cond" truecount="1" falsecount="1"/>
        <line num="6" count="0" type="cond" truecount="0" falsecount="4"/>
        <line num="7" count="0" type="stmt"/>
        <line num="11" count="5" type="stmt"/>
        <line num="12" count="5" type="stmt"/>
        <line num="15" count="14" type="stmt"/>
        <line num="16" count="14" type="stmt"/>
        <line num="17" count="14" type="stmt"/>
        <line num="18" count="14" type="cond" truecount="2" falsecount="0"/>
        <line num="19" count="13" type="stmt"/>
        <line num="20" count="171" type="stmt"/>
        <line num="25" count="366" type="stmt"/>
        <line num="28" count="240" type="stmt"/>
        <line num="29" count="240" type="stmt"/>
        <line num="30" count="240" type="cond" truecount="4" falsecount="0"/>
        <line num="31" count="216" type="cond" truecount="2" falsecount="0"/>
        <line num="34" count="24" type="stmt"/>
        <line num="36" count="240" type="stmt"/>
        <line num="39" count="114" type="stmt"/>
        <line num="40" count="114" type="cond" truecount="2" falsecount="0"/>
        <line num="43" count="113" type="stmt"/>
        <line num="44" count="113" type="stmt"/>
        <line num="47" count="33" type="cond" truecount="4" falsecount="0"/>
        <line num="52" count="5" type="stmt"/>
        <line num="55" count="230" type="stmt"/>
        <line num="57" count="2793" type="cond" truecount="2" falsecount="0"/>
        <line num="58" count="2641" type="stmt"/>
        <line num="61" count="152" type="stmt"/>
        <line num="63" count="2793" type="cond" truecount="4" falsecount="0"/>
        <line num="64" count="38" type="stmt"/>
        <line num="66" count="2793" type="stmt"/>
        <line num="70" count="2" type="stmt"/>
        <line num="71" count="34" type="cond" truecount="2" falsecount="0"/>
        <line num="72" count="17" type="stmt"/>
        <line num="75" count="17" type="stmt"/>
        <line num="80" count="1" type="stmt"/>
        <line num="81" count="17" type="stmt"/>
        <line num="85" count="1" type="stmt"/>
        <line num="86" count="17" type="stmt"/>
        <line num="90" count="227" type="stmt"/>
        <line num="91" count="227" type="cond" truecount="2" falsecount="0"/>
        <line num="92" count="227" type="cond" truecount="2" falsecount="0"/>
        <line num="95" count="227" type="cond" truecount="4" falsecount="0"/>
        <line num="98" count="5" type="stmt"/>
        <line num="99" count="5" type="stmt"/>
      </file>
      <file name="HashOnlySet.js" path="/home/bogdan/git-repos/eq-collections/dist/HashOnlySet.js">
        <metrics statements="28" coveredstatements="26" conditionals="26" coveredconditionals="20" methods="10" coveredmethods="10"/>
        <line num="1" count="5" type="stmt"/>
        <line num="2" count="5" type="cond" truecount="3" falsecount="1"/>
        <line num="3" count="5" type="stmt"/>
        <line num="4" count="5" type="cond" truecount="1" falsecount="1"/>
        <line num="6" count="0" type="cond" truecount="0" falsecount="4"/>
        <line num="7" count="0" type="stmt"/>
        <line num="11" count="5" type="stmt"/>
        <line num="12" count="5" type="stmt"/>
        <line num="15" count="9" type="stmt"/>
        <line num="16" count="9" type="stmt"/>
        <line num="17" count="9" type="cond" truecount="2" falsecount="0"/>
        <line num="18" count="8" type="stmt"/>
        <line num="19" count="114" type="stmt"/>
        <line num="24" count="291" type="stmt"/>
        <line num="27" count="164" type="cond" truecount="4" falsecount="0"/>
        <line num="28" count="136" type="stmt"/>
        <line num="31" count="28" type="stmt"/>
        <line num="33" count="164" type="stmt"/>
        <line num="36" count="122" type="cond" truecount="4" falsecount="0"/>
        <line num="41" count="32" type="cond" truecount="4" falsecount="0"/>
        <line num="46" count="5" type="stmt"/>
        <line num="49" count="187" type="stmt"/>
        <line num="52" count="2" type="stmt"/>
        <line num="53" count="34" type="cond" truecount="2" falsecount="0"/>
        <line num="54" count="17" type="stmt"/>
        <line num="57" count="17" type="stmt"/>
        <line num="62" count="5" type="stmt"/>
        <line num="63" count="5" type="stmt"/>
      </file>
      <file name="HashSet.js" path="/home/bogdan/git-repos/eq-collections/dist/HashSet.js">
        <metrics statements="86" coveredstatements="84" conditionals="79" coveredconditionals="72" methods="10" coveredmethods="10"/>
        <line num="1" count="5" type="stmt"/>
        <line num="2" count="5" type="cond" truecount="3" falsecount="1"/>
        <line num="3" count="5" type="stmt"/>
        <line num="4" count="5" type="cond" truecount="1" falsecount="1"/>
        <line num="6" count="0" type="cond" truecount="0" falsecount="4"/>
        <line num="7" count="0" type="stmt"/>
        <line num="11" count="5" type="stmt"/>
        <line num="12" count="5" type="stmt"/>
        <line num="15" count="12" type="stmt"/>
        <line num="16" count="12" type="stmt"/>
        <line num="17" count="12" type="stmt"/>
        <line num="18" count="12" type="cond" truecount="2" falsecount="0"/>
        <line num="19" count="11" type="stmt"/>
        <line num="20" count="229" type="stmt"/>
        <line num="25" count="532" type="stmt"/>
        <line num="26" count="532" type="stmt"/>
        <line num="27" count="6325" type="cond" truecount="2" falsecount="0"/>
        <line num="28" count="4485" type="stmt"/>
        <line num="31" count="532" type="stmt"/>
        <line num="34" count="347" type="stmt"/>
        <line num="35" count="347" type="cond" truecount="4" falsecount="0"/>
        <line num="36" count="295" type="cond" truecount="2" falsecount="0"/>
        <line num="37" count="295" type="stmt"/>
        <line num="38" count="295" type="cond" truecount="2" falsecount="0"/>
        <line num="39" count="148" type="stmt"/>
        <line num="42" count="147" type="cond" truecount="4" falsecount="0"/>
        <line num="43" count="68" type="stmt"/>
        <line num="44" count="123" type="cond" truecount="2" falsecount="0"/>
        <line num="45" count="51" type="stmt"/>
        <line num="46" count="51" type="stmt"/>
        <line num="51" count="79" type="stmt"/>
        <line num="52" count="267" type="cond" truecount="5" falsecount="0"/>
        <line num="55" count="16" type="stmt"/>
        <line num="56" count="16" type="stmt"/>
        <line num="60" count="80" type="stmt"/>
        <line num="64" count="52" type="stmt"/>
        <line num="66" count="280" type="stmt"/>
        <line num="69" count="418" type="stmt"/>
        <line num="70" count="418" type="cond" truecount="4" falsecount="0"/>
        <line num="71" count="360" type="cond" truecount="2" falsecount="0"/>
        <line num="72" count="360" type="stmt"/>
        <line num="73" count="360" type="cond" truecount="2" falsecount="0"/>
        <line num="74" count="25" type="stmt"/>
        <line num="77" count="335" type="cond" truecount="4" falsecount="0"/>
        <line num="78" count="71" type="stmt"/>
        <line num="79" count="113" type="cond" truecount="2" falsecount="0"/>
        <line num="80" count="69" type="stmt"/>
        <line num="85" count="264" type="stmt"/>
        <line num="86" count="693" type="cond" truecount="5" falsecount="0"/>
        <line num="89" count="159" type="stmt"/>
        <line num="96" count="58" type="stmt"/>
        <line num="98" count="107" type="stmt"/>
        <line num="101" count="66" type="stmt"/>
        <line num="102" count="66" type="cond" truecount="4" falsecount="0"/>
        <line num="103" count="54" type="cond" truecount="2" falsecount="0"/>
        <line num="104" count="54" type="stmt"/>
        <line num="105" count="54" type="cond" truecount="2" falsecount="0"/>
        <line num="106" count="10" type="stmt"/>
        <line num="109" count="44" type="cond" truecount="4" falsecount="0"/>
        <line num="110" count="7" type="stmt"/>
        <line num="111" count="7" type="cond" truecount="2" falsecount="0"/>
        <line num="112" count="6" type="stmt"/>
        <line num="113" count="6" type="cond" truecount="2" falsecount="0"/>
        <line num="114" count="3" type="stmt"/>
        <line num="116" count="6" type="stmt"/>
        <line num="121" count="37" type="stmt"/>
        <line num="122" count="63" type="cond" truecount="4" falsecount="1"/>
        <line num="125" count="23" type="stmt"/>
        <line num="126" count="23" type="cond" truecount="2" falsecount="0"/>
        <line num="127" count="13" type="stmt"/>
        <line num="129" count="23" type="stmt"/>
        <line num="136" count="12" type="stmt"/>
        <line num="138" count="15" type="stmt"/>
        <line num="141" count="7" type="stmt"/>
        <line num="144" count="343" type="stmt"/>
        <line num="145" count="4014" type="cond" truecount="2" falsecount="0"/>
        <line num="146" count="2822" type="stmt"/>
        <line num="147" count="2822" type="stmt"/>
        <line num="148" count="4405" type="stmt"/>
        <line num="152" count="1192" type="stmt"/>
        <line num="157" count="2" type="stmt"/>
        <line num="158" count="42" type="cond" truecount="2" falsecount="0"/>
        <line num="159" count="21" type="stmt"/>
        <line num="162" count="21" type="stmt"/>
        <line num="167" count="5" type="stmt"/>
        <line num="168" count="5" type="stmt"/>
      </file>
      <file name="index.js" path="/home/bogdan/git-repos/eq-collections/dist/index.js">
        <metrics statements="17" coveredstatements="15" conditionals="10" coveredconditionals="4" methods="2" coveredmethods="2"/>
        <line num="1" count="5" type="stmt"/>
        <line num="2" count="5" type="cond" truecount="3" falsecount="1"/>
        <line num="3" count="5" type="stmt"/>
        <line num="4" count="5" type="cond" truecount="1" falsecount="1"/>
        <line num="6" count="0" type="cond" truecount="0" falsecount="4"/>
        <line num="7" count="0" type="stmt"/>
        <line num="11" count="5" type="stmt"/>
        <line num="12" count="5" type="stmt"/>
        <line num="13" count="5" type="stmt"/>
        <line num="14" count="5" type="stmt"/>
        <line num="15" count="5" type="stmt"/>
        <line num="16" count="5" type="stmt"/>
        <line num="17" count="5" type="stmt"/>
        <line num="18" count="5" type="stmt"/>
        <line num="19" count="5" type="stmt"/>
        <line num="20" count="5" type="stmt"/>
        <line num="21" count="5" type="stmt"/>
      </file>
      <file name="utils.js" path="/home/bogdan/git-repos/eq-collections/dist/utils.js">
        <metrics statements="10" coveredstatements="8" conditionals="13" coveredconditionals="7" methods="3" coveredmethods="3"/>
        <line num="1" count="5" type="stmt"/>
        <line num="2" count="5" type="cond" truecount="3" falsecount="1"/>
        <line num="3" count="5" type="stmt"/>
        <line num="4" count="5" type="cond" truecount="1" falsecount="1"/>
        <line num="6" count="0" type="cond" truecount="0" falsecount="4"/>
        <line num="7" count="0" type="stmt"/>
        <line num="11" count="5" type="stmt"/>
        <line num="13" count="27579" type="stmt"/>
        <line num="14" count="27579" type="cond" truecount="3" falsecount="0"/>
        <line num="16" count="5" type="stmt"/>
      </file>
    </metrics>
  </project>
</coverage>
