{"/home/bogdan/git-repos/eq-collections/dist/HashMap.js": {"path":"/home/bogdan/git-repos/eq-collections/dist/HashMap.js","statementMap":{"0":{"start":{"line":1,"column":0},"end":{"line":184,"column":3}},"1":{"start":{"line":2,"column":4},"end":{"line":8,"column":5}},"2":{"start":{"line":3,"column":16},"end":{"line":3,"column":41}},"3":{"start":{"line":4,"column":8},"end":{"line":4,"column":48}},"4":{"start":{"line":4,"column":29},"end":{"line":4,"column":48}},"5":{"start":{"line":6,"column":9},"end":{"line":8,"column":5}},"6":{"start":{"line":7,"column":8},"end":{"line":7,"column":59}},"7":{"start":{"line":11,"column":4},"end":{"line":11,"column":66}},"8":{"start":{"line":12,"column":20},"end":{"line":12,"column":38}},"9":{"start":{"line":15,"column":12},"end":{"line":15,"column":34}},"10":{"start":{"line":16,"column":12},"end":{"line":16,"column":35}},"11":{"start":{"line":17,"column":12},"end":{"line":17,"column":39}},"12":{"start":{"line":18,"column":12},"end":{"line":18,"column":45}},"13":{"start":{"line":19,"column":12},"end":{"line":23,"column":13}},"14":{"start":{"line":20,"column":16},"end":{"line":22,"column":17}},"15":{"start":{"line":21,"column":20},"end":{"line":21,"column":41}},"16":{"start":{"line":26,"column":23},"end":{"line":26,"column":37}},"17":{"start":{"line":27,"column":12},"end":{"line":31,"column":13}},"18":{"start":{"line":28,"column":16},"end":{"line":30,"column":17}},"19":{"start":{"line":29,"column":20},"end":{"line":29,"column":43}},"20":{"start":{"line":32,"column":12},"end":{"line":32,"column":24}},"21":{"start":{"line":35,"column":35},"end":{"line":35,"column":59}},"22":{"start":{"line":36,"column":12},"end":{"line":56,"column":13}},"23":{"start":{"line":37,"column":29},"end":{"line":37,"column":69}},"24":{"start":{"line":38,"column":31},"end":{"line":38,"column":50}},"25":{"start":{"line":39,"column":16},"end":{"line":52,"column":17}},"26":{"start":{"line":40,"column":20},"end":{"line":40,"column":65}},"27":{"start":{"line":43,"column":20},"end":{"line":50,"column":21}},"28":{"start":{"line":44,"column":24},"end":{"line":49,"column":25}},"29":{"start":{"line":45,"column":28},"end":{"line":48,"column":29}},"30":{"start":{"line":46,"column":32},"end":{"line":46,"column":58}},"31":{"start":{"line":47,"column":32},"end":{"line":47,"column":44}},"32":{"start":{"line":51,"column":20},"end":{"line":51,"column":43}},"33":{"start":{"line":55,"column":16},"end":{"line":55,"column":42}},"34":{"start":{"line":57,"column":12},"end":{"line":57,"column":24}},"35":{"start":{"line":61,"column":35},"end":{"line":61,"column":59}},"36":{"start":{"line":62,"column":12},"end":{"line":80,"column":13}},"37":{"start":{"line":63,"column":29},"end":{"line":63,"column":69}},"38":{"start":{"line":64,"column":31},"end":{"line":64,"column":50}},"39":{"start":{"line":65,"column":16},"end":{"line":76,"column":17}},"40":{"start":{"line":66,"column":20},"end":{"line":75,"column":21}},"41":{"start":{"line":67,"column":24},"end":{"line":71,"column":25}},"42":{"start":{"line":68,"column":28},"end":{"line":70,"column":29}},"43":{"start":{"line":69,"column":32},"end":{"line":69,"column":59}},"44":{"start":{"line":74,"column":24},"end":{"line":74,"column":48}},"45":{"start":{"line":79,"column":16},"end":{"line":79,"column":43}},"46":{"start":{"line":81,"column":12},"end":{"line":81,"column":62}},"47":{"start":{"line":84,"column":35},"end":{"line":84,"column":59}},"48":{"start":{"line":85,"column":12},"end":{"line":104,"column":13}},"49":{"start":{"line":86,"column":29},"end":{"line":86,"column":69}},"50":{"start":{"line":87,"column":31},"end":{"line":87,"column":50}},"51":{"start":{"line":88,"column":16},"end":{"line":99,"column":17}},"52":{"start":{"line":89,"column":20},"end":{"line":98,"column":21}},"53":{"start":{"line":90,"column":24},"end":{"line":94,"column":25}},"54":{"start":{"line":91,"column":28},"end":{"line":93,"column":29}},"55":{"start":{"line":92,"column":32},"end":{"line":92,"column":44}},"56":{"start":{"line":97,"column":24},"end":{"line":97,"column":47}},"57":{"start":{"line":100,"column":16},"end":{"line":100,"column":29}},"58":{"start":{"line":103,"column":16},"end":{"line":103,"column":42}},"59":{"start":{"line":107,"column":35},"end":{"line":107,"column":59}},"60":{"start":{"line":108,"column":12},"end":{"line":135,"column":13}},"61":{"start":{"line":109,"column":29},"end":{"line":109,"column":69}},"62":{"start":{"line":110,"column":31},"end":{"line":110,"column":50}},"63":{"start":{"line":111,"column":16},"end":{"line":130,"column":17}},"64":{"start":{"line":112,"column":20},"end":{"line":129,"column":21}},"65":{"start":{"line":113,"column":24},"end":{"line":121,"column":25}},"66":{"start":{"line":114,"column":28},"end":{"line":120,"column":29}},"67":{"start":{"line":115,"column":32},"end":{"line":115,"column":54}},"68":{"start":{"line":116,"column":32},"end":{"line":118,"column":33}},"69":{"start":{"line":117,"column":36},"end":{"line":117,"column":66}},"70":{"start":{"line":119,"column":32},"end":{"line":119,"column":44}},"71":{"start":{"line":124,"column":40},"end":{"line":124,"column":58}},"72":{"start":{"line":125,"column":24},"end":{"line":127,"column":25}},"73":{"start":{"line":126,"column":28},"end":{"line":126,"column":58}},"74":{"start":{"line":128,"column":24},"end":{"line":128,"column":39}},"75":{"start":{"line":131,"column":16},"end":{"line":131,"column":29}},"76":{"start":{"line":134,"column":16},"end":{"line":134,"column":45}},"77":{"start":{"line":138,"column":12},"end":{"line":138,"column":37}},"78":{"start":{"line":141,"column":12},"end":{"line":159,"column":13}},"79":{"start":{"line":142,"column":16},"end":{"line":158,"column":17}},"80":{"start":{"line":143,"column":35},"end":{"line":143,"column":40}},"81":{"start":{"line":144,"column":20},"end":{"line":150,"column":21}},"82":{"start":{"line":145,"column":24},"end":{"line":145,"column":50}},"83":{"start":{"line":146,"column":24},"end":{"line":148,"column":25}},"84":{"start":{"line":147,"column":28},"end":{"line":147,"column":51}},"85":{"start":{"line":149,"column":24},"end":{"line":149,"column":35}},"86":{"start":{"line":153,"column":33},"end":{"line":153,"column":45}},"87":{"start":{"line":154,"column":20},"end":{"line":156,"column":21}},"88":{"start":{"line":155,"column":24},"end":{"line":155,"column":47}},"89":{"start":{"line":157,"column":20},"end":{"line":157,"column":31}},"90":{"start":{"line":162,"column":12},"end":{"line":169,"column":13}},"91":{"start":{"line":163,"column":16},"end":{"line":168,"column":17}},"92":{"start":{"line":164,"column":20},"end":{"line":164,"column":61}},"93":{"start":{"line":167,"column":20},"end":{"line":167,"column":47}},"94":{"start":{"line":172,"column":12},"end":{"line":174,"column":13}},"95":{"start":{"line":173,"column":16},"end":{"line":173,"column":26}},"96":{"start":{"line":177,"column":12},"end":{"line":179,"column":13}},"97":{"start":{"line":178,"column":16},"end":{"line":178,"column":28}},"98":{"start":{"line":182,"column":4},"end":{"line":182,"column":30}},"99":{"start":{"line":183,"column":4},"end":{"line":183,"column":67}}},"fnMap":{"0":{"name":"(anonymous_0)","decl":{"start":{"line":1,"column":1},"end":{"line":1,"column":2}},"loc":{"start":{"line":1,"column":20},"end":{"line":9,"column":1}},"line":1},"1":{"name":"(anonymous_1)","decl":{"start":{"line":9,"column":3},"end":{"line":9,"column":4}},"loc":{"start":{"line":9,"column":31},"end":{"line":184,"column":1}},"line":9},"2":{"name":"(anonymous_2)","decl":{"start":{"line":14,"column":8},"end":{"line":14,"column":9}},"loc":{"start":{"line":14,"column":63},"end":{"line":24,"column":9}},"line":14},"3":{"name":"(anonymous_3)","decl":{"start":{"line":25,"column":8},"end":{"line":25,"column":9}},"loc":{"start":{"line":25,"column":19},"end":{"line":33,"column":9}},"line":25},"4":{"name":"(anonymous_4)","decl":{"start":{"line":34,"column":8},"end":{"line":34,"column":9}},"loc":{"start":{"line":34,"column":24},"end":{"line":58,"column":9}},"line":34},"5":{"name":"(anonymous_5)","decl":{"start":{"line":59,"column":8},"end":{"line":59,"column":9}},"loc":{"start":{"line":59,"column":51},"end":{"line":82,"column":9}},"line":59},"6":{"name":"(anonymous_6)","decl":{"start":{"line":83,"column":8},"end":{"line":83,"column":9}},"loc":{"start":{"line":83,"column":17},"end":{"line":105,"column":9}},"line":83},"7":{"name":"(anonymous_7)","decl":{"start":{"line":106,"column":8},"end":{"line":106,"column":9}},"loc":{"start":{"line":106,"column":22},"end":{"line":136,"column":9}},"line":106},"8":{"name":"(anonymous_8)","decl":{"start":{"line":137,"column":8},"end":{"line":137,"column":9}},"loc":{"start":{"line":137,"column":16},"end":{"line":139,"column":9}},"line":137},"9":{"name":"(anonymous_9)","decl":{"start":{"line":140,"column":8},"end":{"line":140,"column":9}},"loc":{"start":{"line":140,"column":71},"end":{"line":160,"column":9}},"line":140},"10":{"name":"(anonymous_10)","decl":{"start":{"line":161,"column":8},"end":{"line":161,"column":9}},"loc":{"start":{"line":161,"column":35},"end":{"line":170,"column":9}},"line":161},"11":{"name":"(anonymous_11)","decl":{"start":{"line":171,"column":8},"end":{"line":171,"column":9}},"loc":{"start":{"line":171,"column":16},"end":{"line":175,"column":9}},"line":171},"12":{"name":"(anonymous_12)","decl":{"start":{"line":176,"column":8},"end":{"line":176,"column":9}},"loc":{"start":{"line":176,"column":70},"end":{"line":180,"column":9}},"line":176}},"branchMap":{"0":{"loc":{"start":{"line":2,"column":4},"end":{"line":8,"column":5}},"type":"if","locations":[{"start":{"line":2,"column":4},"end":{"line":8,"column":5}},{"start":{"line":2,"column":4},"end":{"line":8,"column":5}}],"line":2},"1":{"loc":{"start":{"line":2,"column":8},"end":{"line":2,"column":72}},"type":"binary-expr","locations":[{"start":{"line":2,"column":8},"end":{"line":2,"column":34}},{"start":{"line":2,"column":38},"end":{"line":2,"column":72}}],"line":2},"2":{"loc":{"start":{"line":4,"column":8},"end":{"line":4,"column":48}},"type":"if","locations":[{"start":{"line":4,"column":8},"end":{"line":4,"column":48}},{"start":{"line":4,"column":8},"end":{"line":4,"column":48}}],"line":4},"3":{"loc":{"start":{"line":6,"column":9},"end":{"line":8,"column":5}},"type":"if","locations":[{"start":{"line":6,"column":9},"end":{"line":8,"column":5}},{"start":{"line":6,"column":9},"end":{"line":8,"column":5}}],"line":6},"4":{"loc":{"start":{"line":6,"column":13},"end":{"line":6,"column":55}},"type":"binary-expr","locations":[{"start":{"line":6,"column":13},"end":{"line":6,"column":41}},{"start":{"line":6,"column":45},"end":{"line":6,"column":55}}],"line":6},"5":{"loc":{"start":{"line":19,"column":12},"end":{"line":23,"column":13}},"type":"if","locations":[{"start":{"line":19,"column":12},"end":{"line":23,"column":13}},{"start":{"line":19,"column":12},"end":{"line":23,"column":13}}],"line":19},"6":{"loc":{"start":{"line":28,"column":16},"end":{"line":30,"column":17}},"type":"if","locations":[{"start":{"line":28,"column":16},"end":{"line":30,"column":17}},{"start":{"line":28,"column":16},"end":{"line":30,"column":17}}],"line":28},"7":{"loc":{"start":{"line":36,"column":12},"end":{"line":56,"column":13}},"type":"if","locations":[{"start":{"line":36,"column":12},"end":{"line":56,"column":13}},{"start":{"line":36,"column":12},"end":{"line":56,"column":13}}],"line":36},"8":{"loc":{"start":{"line":36,"column":16},"end":{"line":36,"column":46}},"type":"binary-expr","locations":[{"start":{"line":36,"column":16},"end":{"line":36,"column":28}},{"start":{"line":36,"column":32},"end":{"line":36,"column":46}}],"line":36},"9":{"loc":{"start":{"line":37,"column":29},"end":{"line":37,"column":69}},"type":"cond-expr","locations":[{"start":{"line":37,"column":46},"end":{"line":37,"column":49}},{"start":{"line":37,"column":52},"end":{"line":37,"column":69}}],"line":37},"10":{"loc":{"start":{"line":39,"column":16},"end":{"line":52,"column":17}},"type":"if","locations":[{"start":{"line":39,"column":16},"end":{"line":52,"column":17}},{"start":{"line":39,"column":16},"end":{"line":52,"column":17}}],"line":39},"11":{"loc":{"start":{"line":43,"column":20},"end":{"line":50,"column":21}},"type":"if","locations":[{"start":{"line":43,"column":20},"end":{"line":50,"column":21}},{"start":{"line":43,"column":20},"end":{"line":50,"column":21}}],"line":43},"12":{"loc":{"start":{"line":43,"column":24},"end":{"line":43,"column":57}},"type":"binary-expr","locations":[{"start":{"line":43,"column":24},"end":{"line":43,"column":39}},{"start":{"line":43,"column":43},"end":{"line":43,"column":57}}],"line":43},"13":{"loc":{"start":{"line":45,"column":28},"end":{"line":48,"column":29}},"type":"if","locations":[{"start":{"line":45,"column":28},"end":{"line":48,"column":29}},{"start":{"line":45,"column":28},"end":{"line":48,"column":29}}],"line":45},"14":{"loc":{"start":{"line":59,"column":17},"end":{"line":59,"column":49}},"type":"default-arg","locations":[{"start":{"line":59,"column":32},"end":{"line":59,"column":49}}],"line":59},"15":{"loc":{"start":{"line":62,"column":12},"end":{"line":80,"column":13}},"type":"if","locations":[{"start":{"line":62,"column":12},"end":{"line":80,"column":13}},{"start":{"line":62,"column":12},"end":{"line":80,"column":13}}],"line":62},"16":{"loc":{"start":{"line":62,"column":16},"end":{"line":62,"column":46}},"type":"binary-expr","locations":[{"start":{"line":62,"column":16},"end":{"line":62,"column":28}},{"start":{"line":62,"column":32},"end":{"line":62,"column":46}}],"line":62},"17":{"loc":{"start":{"line":63,"column":29},"end":{"line":63,"column":69}},"type":"cond-expr","locations":[{"start":{"line":63,"column":46},"end":{"line":63,"column":49}},{"start":{"line":63,"column":52},"end":{"line":63,"column":69}}],"line":63},"18":{"loc":{"start":{"line":65,"column":16},"end":{"line":76,"column":17}},"type":"if","locations":[{"start":{"line":65,"column":16},"end":{"line":76,"column":17}},{"start":{"line":65,"column":16},"end":{"line":76,"column":17}}],"line":65},"19":{"loc":{"start":{"line":66,"column":20},"end":{"line":75,"column":21}},"type":"if","locations":[{"start":{"line":66,"column":20},"end":{"line":75,"column":21}},{"start":{"line":66,"column":20},"end":{"line":75,"column":21}}],"line":66},"20":{"loc":{"start":{"line":66,"column":24},"end":{"line":66,"column":57}},"type":"binary-expr","locations":[{"start":{"line":66,"column":24},"end":{"line":66,"column":39}},{"start":{"line":66,"column":43},"end":{"line":66,"column":57}}],"line":66},"21":{"loc":{"start":{"line":68,"column":28},"end":{"line":70,"column":29}},"type":"if","locations":[{"start":{"line":68,"column":28},"end":{"line":70,"column":29}},{"start":{"line":68,"column":28},"end":{"line":70,"column":29}}],"line":68},"22":{"loc":{"start":{"line":81,"column":19},"end":{"line":81,"column":61}},"type":"cond-expr","locations":[{"start":{"line":81,"column":41},"end":{"line":81,"column":46}},{"start":{"line":81,"column":49},"end":{"line":81,"column":61}}],"line":81},"23":{"loc":{"start":{"line":85,"column":12},"end":{"line":104,"column":13}},"type":"if","locations":[{"start":{"line":85,"column":12},"end":{"line":104,"column":13}},{"start":{"line":85,"column":12},"end":{"line":104,"column":13}}],"line":85},"24":{"loc":{"start":{"line":85,"column":16},"end":{"line":85,"column":46}},"type":"binary-expr","locations":[{"start":{"line":85,"column":16},"end":{"line":85,"column":28}},{"start":{"line":85,"column":32},"end":{"line":85,"column":46}}],"line":85},"25":{"loc":{"start":{"line":86,"column":29},"end":{"line":86,"column":69}},"type":"cond-expr","locations":[{"start":{"line":86,"column":46},"end":{"line":86,"column":49}},{"start":{"line":86,"column":52},"end":{"line":86,"column":69}}],"line":86},"26":{"loc":{"start":{"line":88,"column":16},"end":{"line":99,"column":17}},"type":"if","locations":[{"start":{"line":88,"column":16},"end":{"line":99,"column":17}},{"start":{"line":88,"column":16},"end":{"line":99,"column":17}}],"line":88},"27":{"loc":{"start":{"line":89,"column":20},"end":{"line":98,"column":21}},"type":"if","locations":[{"start":{"line":89,"column":20},"end":{"line":98,"column":21}},{"start":{"line":89,"column":20},"end":{"line":98,"column":21}}],"line":89},"28":{"loc":{"start":{"line":89,"column":24},"end":{"line":89,"column":57}},"type":"binary-expr","locations":[{"start":{"line":89,"column":24},"end":{"line":89,"column":39}},{"start":{"line":89,"column":43},"end":{"line":89,"column":57}}],"line":89},"29":{"loc":{"start":{"line":91,"column":28},"end":{"line":93,"column":29}},"type":"if","locations":[{"start":{"line":91,"column":28},"end":{"line":93,"column":29}},{"start":{"line":91,"column":28},"end":{"line":93,"column":29}}],"line":91},"30":{"loc":{"start":{"line":108,"column":12},"end":{"line":135,"column":13}},"type":"if","locations":[{"start":{"line":108,"column":12},"end":{"line":135,"column":13}},{"start":{"line":108,"column":12},"end":{"line":135,"column":13}}],"line":108},"31":{"loc":{"start":{"line":108,"column":16},"end":{"line":108,"column":46}},"type":"binary-expr","locations":[{"start":{"line":108,"column":16},"end":{"line":108,"column":28}},{"start":{"line":108,"column":32},"end":{"line":108,"column":46}}],"line":108},"32":{"loc":{"start":{"line":109,"column":29},"end":{"line":109,"column":69}},"type":"cond-expr","locations":[{"start":{"line":109,"column":46},"end":{"line":109,"column":49}},{"start":{"line":109,"column":52},"end":{"line":109,"column":69}}],"line":109},"33":{"loc":{"start":{"line":111,"column":16},"end":{"line":130,"column":17}},"type":"if","locations":[{"start":{"line":111,"column":16},"end":{"line":130,"column":17}},{"start":{"line":111,"column":16},"end":{"line":130,"column":17}}],"line":111},"34":{"loc":{"start":{"line":112,"column":20},"end":{"line":129,"column":21}},"type":"if","locations":[{"start":{"line":112,"column":20},"end":{"line":129,"column":21}},{"start":{"line":112,"column":20},"end":{"line":129,"column":21}}],"line":112},"35":{"loc":{"start":{"line":112,"column":24},"end":{"line":112,"column":57}},"type":"binary-expr","locations":[{"start":{"line":112,"column":24},"end":{"line":112,"column":39}},{"start":{"line":112,"column":43},"end":{"line":112,"column":57}}],"line":112},"36":{"loc":{"start":{"line":114,"column":28},"end":{"line":120,"column":29}},"type":"if","locations":[{"start":{"line":114,"column":28},"end":{"line":120,"column":29}},{"start":{"line":114,"column":28},"end":{"line":120,"column":29}}],"line":114},"37":{"loc":{"start":{"line":116,"column":32},"end":{"line":118,"column":33}},"type":"if","locations":[{"start":{"line":116,"column":32},"end":{"line":118,"column":33}},{"start":{"line":116,"column":32},"end":{"line":118,"column":33}}],"line":116},"38":{"loc":{"start":{"line":125,"column":24},"end":{"line":127,"column":25}},"type":"if","locations":[{"start":{"line":125,"column":24},"end":{"line":127,"column":25}},{"start":{"line":125,"column":24},"end":{"line":127,"column":25}}],"line":125},"39":{"loc":{"start":{"line":140,"column":17},"end":{"line":140,"column":35}},"type":"default-arg","locations":[{"start":{"line":140,"column":30},"end":{"line":140,"column":35}}],"line":140},"40":{"loc":{"start":{"line":140,"column":37},"end":{"line":140,"column":69}},"type":"default-arg","locations":[{"start":{"line":140,"column":52},"end":{"line":140,"column":69}}],"line":140},"41":{"loc":{"start":{"line":142,"column":16},"end":{"line":158,"column":17}},"type":"if","locations":[{"start":{"line":142,"column":16},"end":{"line":158,"column":17}},{"start":{"line":142,"column":16},"end":{"line":158,"column":17}}],"line":142},"42":{"loc":{"start":{"line":146,"column":24},"end":{"line":148,"column":25}},"type":"if","locations":[{"start":{"line":146,"column":24},"end":{"line":148,"column":25}},{"start":{"line":146,"column":24},"end":{"line":148,"column":25}}],"line":146},"43":{"loc":{"start":{"line":146,"column":28},"end":{"line":146,"column":63}},"type":"binary-expr","locations":[{"start":{"line":146,"column":28},"end":{"line":146,"column":38}},{"start":{"line":146,"column":42},"end":{"line":146,"column":63}}],"line":146},"44":{"loc":{"start":{"line":154,"column":20},"end":{"line":156,"column":21}},"type":"if","locations":[{"start":{"line":154,"column":20},"end":{"line":156,"column":21}},{"start":{"line":154,"column":20},"end":{"line":156,"column":21}}],"line":154},"45":{"loc":{"start":{"line":154,"column":24},"end":{"line":154,"column":59}},"type":"binary-expr","locations":[{"start":{"line":154,"column":24},"end":{"line":154,"column":34}},{"start":{"line":154,"column":38},"end":{"line":154,"column":59}}],"line":154},"46":{"loc":{"start":{"line":163,"column":16},"end":{"line":168,"column":17}},"type":"if","locations":[{"start":{"line":163,"column":16},"end":{"line":168,"column":17}},{"start":{"line":163,"column":16},"end":{"line":168,"column":17}}],"line":163},"47":{"loc":{"start":{"line":176,"column":16},"end":{"line":176,"column":34}},"type":"default-arg","locations":[{"start":{"line":176,"column":29},"end":{"line":176,"column":34}}],"line":176},"48":{"loc":{"start":{"line":176,"column":36},"end":{"line":176,"column":68}},"type":"default-arg","locations":[{"start":{"line":176,"column":51},"end":{"line":176,"column":68}}],"line":176}},"s":{"0":5,"1":5,"2":5,"3":5,"4":0,"5":0,"6":0,"7":5,"8":5,"9":17,"10":17,"11":17,"12":17,"13":17,"14":16,"15":306,"16":624,"17":624,"18":7306,"19":4959,"20":624,"21":450,"22":450,"23":372,"24":372,"25":372,"26":185,"27":187,"28":84,"29":153,"30":59,"31":59,"32":128,"33":78,"34":391,"35":215,"36":215,"37":166,"38":166,"39":166,"40":157,"41":13,"42":38,"43":13,"44":144,"45":49,"46":215,"47":409,"48":409,"49":352,"50":352,"51":352,"52":329,"53":71,"54":114,"55":69,"56":258,"57":25,"58":57,"59":67,"60":67,"61":54,"62":54,"63":54,"64":45,"65":7,"66":7,"67":6,"68":6,"69":3,"70":3,"71":38,"72":38,"73":12,"74":26,"75":10,"76":13,"77":7,"78":396,"79":4555,"80":2999,"81":2999,"82":4634,"83":4634,"84":30,"85":4634,"86":1556,"87":1556,"88":26,"89":1556,"90":2,"91":40,"92":20,"93":20,"94":1,"95":20,"96":1,"97":20,"98":5,"99":5},"f":{"0":5,"1":5,"2":17,"3":624,"4":450,"5":215,"6":409,"7":67,"8":7,"9":396,"10":2,"11":1,"12":1},"b":{"0":[5,0],"1":[5,5],"2":[0,5],"3":[0,0],"4":[0,0],"5":[16,1],"6":[4959,2347],"7":[372,78],"8":[450,198],"9":[195,177],"10":[185,187],"11":[84,103],"12":[187,157],"13":[59,94],"14":[203],"15":[166,49],"16":[215,98],"17":[79,87],"18":[157,9],"19":[13,144],"20":[157,78],"21":[13,25],"22":[185,30],"23":[352,57],"24":[409,104],"25":[160,192],"26":[329,23],"27":[71,258],"28":[329,186],"29":[69,45],"30":[54,13],"31":[67,25],"32":[36,18],"33":[45,9],"34":[7,38],"35":[45,17],"36":[6,1],"37":[3,3],"38":[12,26],"39":[391],"40":[394],"41":[2999,1556],"42":[30,4604],"43":[4634,30],"44":[26,1530],"45":[1556,26],"46":[20,20],"47":[1],"48":[1]},"_coverageSchema":"332fd63041d2c1bcb487cc26dd0d5f7d97098a6c","hash":"2dcebcc919729a57b42f924ae8c387d608199946"}
,"/home/bogdan/git-repos/eq-collections/dist/HashOnlyMap.js": {"path":"/home/bogdan/git-repos/eq-collections/dist/HashOnlyMap.js","statementMap":{"0":{"start":{"line":1,"column":0},"end":{"line":100,"column":3}},"1":{"start":{"line":2,"column":4},"end":{"line":8,"column":5}},"2":{"start":{"line":3,"column":16},"end":{"line":3,"column":41}},"3":{"start":{"line":4,"column":8},"end":{"line":4,"column":48}},"4":{"start":{"line":4,"column":29},"end":{"line":4,"column":48}},"5":{"start":{"line":6,"column":9},"end":{"line":8,"column":5}},"6":{"start":{"line":7,"column":8},"end":{"line":7,"column":59}},"7":{"start":{"line":11,"column":4},"end":{"line":11,"column":66}},"8":{"start":{"line":12,"column":20},"end":{"line":12,"column":38}},"9":{"start":{"line":15,"column":12},"end":{"line":15,"column":34}},"10":{"start":{"line":16,"column":12},"end":{"line":16,"column":35}},"11":{"start":{"line":17,"column":12},"end":{"line":17,"column":45}},"12":{"start":{"line":18,"column":12},"end":{"line":22,"column":13}},"13":{"start":{"line":19,"column":16},"end":{"line":21,"column":17}},"14":{"start":{"line":20,"column":20},"end":{"line":20,"column":41}},"15":{"start":{"line":25,"column":12},"end":{"line":25,"column":34}},"16":{"start":{"line":28,"column":25},"end":{"line":28,"column":37}},"17":{"start":{"line":29,"column":35},"end":{"line":29,"column":59}},"18":{"start":{"line":30,"column":12},"end":{"line":35,"column":13}},"19":{"start":{"line":31,"column":16},"end":{"line":31,"column":78}},"20":{"start":{"line":34,"column":16},"end":{"line":34,"column":44}},"21":{"start":{"line":36,"column":12},"end":{"line":36,"column":24}},"22":{"start":{"line":39,"column":26},"end":{"line":39,"column":44}},"23":{"start":{"line":40,"column":12},"end":{"line":40,"column":62}},"24":{"start":{"line":43,"column":26},"end":{"line":43,"column":44}},"25":{"start":{"line":44,"column":12},"end":{"line":44,"column":39}},"26":{"start":{"line":47,"column":12},"end":{"line":49,"column":37}},"27":{"start":{"line":52,"column":12},"end":{"line":52,"column":37}},"28":{"start":{"line":55,"column":12},"end":{"line":67,"column":13}},"29":{"start":{"line":57,"column":16},"end":{"line":62,"column":17}},"30":{"start":{"line":58,"column":20},"end":{"line":58,"column":38}},"31":{"start":{"line":61,"column":20},"end":{"line":61,"column":40}},"32":{"start":{"line":63,"column":16},"end":{"line":65,"column":17}},"33":{"start":{"line":64,"column":20},"end":{"line":64,"column":43}},"34":{"start":{"line":66,"column":16},"end":{"line":66,"column":27}},"35":{"start":{"line":70,"column":12},"end":{"line":77,"column":13}},"36":{"start":{"line":71,"column":16},"end":{"line":76,"column":17}},"37":{"start":{"line":72,"column":20},"end":{"line":72,"column":61}},"38":{"start":{"line":75,"column":20},"end":{"line":75,"column":47}},"39":{"start":{"line":80,"column":12},"end":{"line":82,"column":13}},"40":{"start":{"line":81,"column":16},"end":{"line":81,"column":26}},"41":{"start":{"line":85,"column":12},"end":{"line":87,"column":13}},"42":{"start":{"line":86,"column":16},"end":{"line":86,"column":28}},"43":{"start":{"line":90,"column":35},"end":{"line":90,"column":59}},"44":{"start":{"line":91,"column":32},"end":{"line":91,"column":62}},"45":{"start":{"line":92,"column":26},"end":{"line":94,"column":36}},"46":{"start":{"line":95,"column":12},"end":{"line":95,"column":73}},"47":{"start":{"line":98,"column":4},"end":{"line":98,"column":38}},"48":{"start":{"line":99,"column":4},"end":{"line":99,"column":75}}},"fnMap":{"0":{"name":"(anonymous_0)","decl":{"start":{"line":1,"column":1},"end":{"line":1,"column":2}},"loc":{"start":{"line":1,"column":20},"end":{"line":9,"column":1}},"line":1},"1":{"name":"(anonymous_1)","decl":{"start":{"line":9,"column":3},"end":{"line":9,"column":4}},"loc":{"start":{"line":9,"column":31},"end":{"line":100,"column":1}},"line":9},"2":{"name":"(anonymous_2)","decl":{"start":{"line":14,"column":8},"end":{"line":14,"column":9}},"loc":{"start":{"line":14,"column":52},"end":{"line":23,"column":9}},"line":14},"3":{"name":"(anonymous_3)","decl":{"start":{"line":24,"column":8},"end":{"line":24,"column":9}},"loc":{"start":{"line":24,"column":19},"end":{"line":26,"column":9}},"line":24},"4":{"name":"(anonymous_4)","decl":{"start":{"line":27,"column":8},"end":{"line":27,"column":9}},"loc":{"start":{"line":27,"column":24},"end":{"line":37,"column":9}},"line":27},"5":{"name":"(anonymous_5)","decl":{"start":{"line":38,"column":8},"end":{"line":38,"column":9}},"loc":{"start":{"line":38,"column":51},"end":{"line":41,"column":9}},"line":38},"6":{"name":"(anonymous_6)","decl":{"start":{"line":42,"column":8},"end":{"line":42,"column":9}},"loc":{"start":{"line":42,"column":17},"end":{"line":45,"column":9}},"line":42},"7":{"name":"(anonymous_7)","decl":{"start":{"line":46,"column":8},"end":{"line":46,"column":9}},"loc":{"start":{"line":46,"column":22},"end":{"line":50,"column":9}},"line":46},"8":{"name":"(anonymous_8)","decl":{"start":{"line":51,"column":8},"end":{"line":51,"column":9}},"loc":{"start":{"line":51,"column":16},"end":{"line":53,"column":9}},"line":51},"9":{"name":"(anonymous_9)","decl":{"start":{"line":54,"column":8},"end":{"line":54,"column":9}},"loc":{"start":{"line":54,"column":71},"end":{"line":68,"column":9}},"line":54},"10":{"name":"(anonymous_10)","decl":{"start":{"line":69,"column":8},"end":{"line":69,"column":9}},"loc":{"start":{"line":69,"column":35},"end":{"line":78,"column":9}},"line":69},"11":{"name":"(anonymous_11)","decl":{"start":{"line":79,"column":8},"end":{"line":79,"column":9}},"loc":{"start":{"line":79,"column":16},"end":{"line":83,"column":9}},"line":79},"12":{"name":"(anonymous_12)","decl":{"start":{"line":84,"column":8},"end":{"line":84,"column":9}},"loc":{"start":{"line":84,"column":70},"end":{"line":88,"column":9}},"line":84},"13":{"name":"(anonymous_13)","decl":{"start":{"line":89,"column":8},"end":{"line":89,"column":9}},"loc":{"start":{"line":89,"column":22},"end":{"line":96,"column":9}},"line":89}},"branchMap":{"0":{"loc":{"start":{"line":2,"column":4},"end":{"line":8,"column":5}},"type":"if","locations":[{"start":{"line":2,"column":4},"end":{"line":8,"column":5}},{"start":{"line":2,"column":4},"end":{"line":8,"column":5}}],"line":2},"1":{"loc":{"start":{"line":2,"column":8},"end":{"line":2,"column":72}},"type":"binary-expr","locations":[{"start":{"line":2,"column":8},"end":{"line":2,"column":34}},{"start":{"line":2,"column":38},"end":{"line":2,"column":72}}],"line":2},"2":{"loc":{"start":{"line":4,"column":8},"end":{"line":4,"column":48}},"type":"if","locations":[{"start":{"line":4,"column":8},"end":{"line":4,"column":48}},{"start":{"line":4,"column":8},"end":{"line":4,"column":48}}],"line":4},"3":{"loc":{"start":{"line":6,"column":9},"end":{"line":8,"column":5}},"type":"if","locations":[{"start":{"line":6,"column":9},"end":{"line":8,"column":5}},{"start":{"line":6,"column":9},"end":{"line":8,"column":5}}],"line":6},"4":{"loc":{"start":{"line":6,"column":13},"end":{"line":6,"column":55}},"type":"binary-expr","locations":[{"start":{"line":6,"column":13},"end":{"line":6,"column":41}},{"start":{"line":6,"column":45},"end":{"line":6,"column":55}}],"line":6},"5":{"loc":{"start":{"line":18,"column":12},"end":{"line":22,"column":13}},"type":"if","locations":[{"start":{"line":18,"column":12},"end":{"line":22,"column":13}},{"start":{"line":18,"column":12},"end":{"line":22,"column":13}}],"line":18},"6":{"loc":{"start":{"line":30,"column":12},"end":{"line":35,"column":13}},"type":"if","locations":[{"start":{"line":30,"column":12},"end":{"line":35,"column":13}},{"start":{"line":30,"column":12},"end":{"line":35,"column":13}}],"line":30},"7":{"loc":{"start":{"line":30,"column":16},"end":{"line":30,"column":46}},"type":"binary-expr","locations":[{"start":{"line":30,"column":16},"end":{"line":30,"column":28}},{"start":{"line":30,"column":32},"end":{"line":30,"column":46}}],"line":30},"8":{"loc":{"start":{"line":31,"column":30},"end":{"line":31,"column":70}},"type":"cond-expr","locations":[{"start":{"line":31,"column":47},"end":{"line":31,"column":50}},{"start":{"line":31,"column":53},"end":{"line":31,"column":70}}],"line":31},"9":{"loc":{"start":{"line":38,"column":17},"end":{"line":38,"column":49}},"type":"default-arg","locations":[{"start":{"line":38,"column":32},"end":{"line":38,"column":49}}],"line":38},"10":{"loc":{"start":{"line":40,"column":19},"end":{"line":40,"column":61}},"type":"cond-expr","locations":[{"start":{"line":40,"column":41},"end":{"line":40,"column":46}},{"start":{"line":40,"column":49},"end":{"line":40,"column":61}}],"line":40},"11":{"loc":{"start":{"line":47,"column":36},"end":{"line":49,"column":35}},"type":"cond-expr","locations":[{"start":{"line":48,"column":18},"end":{"line":48,"column":21}},{"start":{"line":49,"column":18},"end":{"line":49,"column":35}}],"line":47},"12":{"loc":{"start":{"line":47,"column":36},"end":{"line":47,"column":77}},"type":"binary-expr","locations":[{"start":{"line":47,"column":36},"end":{"line":47,"column":49}},{"start":{"line":47,"column":53},"end":{"line":47,"column":77}}],"line":47},"13":{"loc":{"start":{"line":54,"column":17},"end":{"line":54,"column":35}},"type":"default-arg","locations":[{"start":{"line":54,"column":30},"end":{"line":54,"column":35}}],"line":54},"14":{"loc":{"start":{"line":54,"column":37},"end":{"line":54,"column":69}},"type":"default-arg","locations":[{"start":{"line":54,"column":52},"end":{"line":54,"column":69}}],"line":54},"15":{"loc":{"start":{"line":57,"column":16},"end":{"line":62,"column":17}},"type":"if","locations":[{"start":{"line":57,"column":16},"end":{"line":62,"column":17}},{"start":{"line":57,"column":16},"end":{"line":62,"column":17}}],"line":57},"16":{"loc":{"start":{"line":63,"column":16},"end":{"line":65,"column":17}},"type":"if","locations":[{"start":{"line":63,"column":16},"end":{"line":65,"column":17}},{"start":{"line":63,"column":16},"end":{"line":65,"column":17}}],"line":63},"17":{"loc":{"start":{"line":63,"column":20},"end":{"line":63,"column":55}},"type":"binary-expr","locations":[{"start":{"line":63,"column":20},"end":{"line":63,"column":30}},{"start":{"line":63,"column":34},"end":{"line":63,"column":55}}],"line":63},"18":{"loc":{"start":{"line":71,"column":16},"end":{"line":76,"column":17}},"type":"if","locations":[{"start":{"line":71,"column":16},"end":{"line":76,"column":17}},{"start":{"line":71,"column":16},"end":{"line":76,"column":17}}],"line":71},"19":{"loc":{"start":{"line":84,"column":16},"end":{"line":84,"column":34}},"type":"default-arg","locations":[{"start":{"line":84,"column":29},"end":{"line":84,"column":34}}],"line":84},"20":{"loc":{"start":{"line":84,"column":36},"end":{"line":84,"column":68}},"type":"default-arg","locations":[{"start":{"line":84,"column":51},"end":{"line":84,"column":68}}],"line":84},"21":{"loc":{"start":{"line":91,"column":32},"end":{"line":91,"column":62}},"type":"binary-expr","locations":[{"start":{"line":91,"column":32},"end":{"line":91,"column":44}},{"start":{"line":91,"column":48},"end":{"line":91,"column":62}}],"line":91},"22":{"loc":{"start":{"line":92,"column":26},"end":{"line":94,"column":36}},"type":"cond-expr","locations":[{"start":{"line":93,"column":18},"end":{"line":93,"column":73}},{"start":{"line":94,"column":18},"end":{"line":94,"column":36}}],"line":92},"23":{"loc":{"start":{"line":93,"column":32},"end":{"line":93,"column":72}},"type":"cond-expr","locations":[{"start":{"line":93,"column":49},"end":{"line":93,"column":52}},{"start":{"line":93,"column":55},"end":{"line":93,"column":72}}],"line":93},"24":{"loc":{"start":{"line":95,"column":19},"end":{"line":95,"column":72}},"type":"cond-expr","locations":[{"start":{"line":95,"column":56},"end":{"line":95,"column":64}},{"start":{"line":95,"column":67},"end":{"line":95,"column":72}}],"line":95},"25":{"loc":{"start":{"line":95,"column":19},"end":{"line":95,"column":53}},"type":"binary-expr","locations":[{"start":{"line":95,"column":19},"end":{"line":95,"column":38}},{"start":{"line":95,"column":42},"end":{"line":95,"column":53}}],"line":95}},"s":{"0":5,"1":5,"2":5,"3":5,"4":0,"5":0,"6":0,"7":5,"8":5,"9":14,"10":14,"11":14,"12":14,"13":13,"14":171,"15":366,"16":240,"17":240,"18":240,"19":216,"20":24,"21":240,"22":114,"23":114,"24":113,"25":113,"26":33,"27":5,"28":230,"29":2793,"30":2641,"31":152,"32":2793,"33":38,"34":2793,"35":2,"36":34,"37":17,"38":17,"39":1,"40":17,"41":1,"42":17,"43":227,"44":227,"45":227,"46":227,"47":5,"48":5},"f":{"0":5,"1":5,"2":14,"3":366,"4":240,"5":114,"6":113,"7":33,"8":5,"9":230,"10":2,"11":1,"12":1,"13":227},"b":{"0":[5,0],"1":[5,5],"2":[0,5],"3":[0,0],"4":[0,0],"5":[13,1],"6":[216,24],"7":[240,144],"8":[180,36],"9":[102],"10":[84,30],"11":[27,6],"12":[33,8],"13":[225],"14":[228],"15":[2641,152],"16":[38,2755],"17":[2793,38],"18":[17,17],"19":[1],"20":[1],"21":[227,135],"22":[179,48],"23":[134,45],"24":[154,73],"25":[227,168]},"_coverageSchema":"332fd63041d2c1bcb487cc26dd0d5f7d97098a6c","hash":"bb96017b19e4ad9d2a40e0e668cd5391c1075e01"}
,"/home/bogdan/git-repos/eq-collections/dist/HashOnlySet.js": {"path":"/home/bogdan/git-repos/eq-collections/dist/HashOnlySet.js","statementMap":{"0":{"start":{"line":1,"column":0},"end":{"line":67,"column":3}},"1":{"start":{"line":2,"column":4},"end":{"line":8,"column":5}},"2":{"start":{"line":3,"column":16},"end":{"line":3,"column":41}},"3":{"start":{"line":4,"column":8},"end":{"line":4,"column":48}},"4":{"start":{"line":4,"column":29},"end":{"line":4,"column":48}},"5":{"start":{"line":6,"column":9},"end":{"line":8,"column":5}},"6":{"start":{"line":7,"column":8},"end":{"line":7,"column":59}},"7":{"start":{"line":11,"column":4},"end":{"line":11,"column":66}},"8":{"start":{"line":12,"column":20},"end":{"line":12,"column":38}},"9":{"start":{"line":15,"column":12},"end":{"line":15,"column":34}},"10":{"start":{"line":16,"column":12},"end":{"line":16,"column":39}},"11":{"start":{"line":17,"column":12},"end":{"line":21,"column":13}},"12":{"start":{"line":18,"column":16},"end":{"line":20,"column":17}},"13":{"start":{"line":19,"column":20},"end":{"line":19,"column":36}},"14":{"start":{"line":24,"column":12},"end":{"line":24,"column":34}},"15":{"start":{"line":27,"column":12},"end":{"line":32,"column":13}},"16":{"start":{"line":28,"column":16},"end":{"line":28,"column":44}},"17":{"start":{"line":31,"column":16},"end":{"line":31,"column":60}},"18":{"start":{"line":33,"column":12},"end":{"line":33,"column":24}},"19":{"start":{"line":36,"column":12},"end":{"line":38,"column":41}},"20":{"start":{"line":41,"column":12},"end":{"line":43,"column":41}},"21":{"start":{"line":46,"column":12},"end":{"line":46,"column":37}},"22":{"start":{"line":49,"column":12},"end":{"line":49,"column":38}},"23":{"start":{"line":52,"column":12},"end":{"line":59,"column":13}},"24":{"start":{"line":53,"column":16},"end":{"line":58,"column":17}},"25":{"start":{"line":54,"column":20},"end":{"line":54,"column":63}},"26":{"start":{"line":57,"column":20},"end":{"line":57,"column":49}},"27":{"start":{"line":62,"column":4},"end":{"line":62,"column":38}},"28":{"start":{"line":63,"column":4},"end":{"line":66,"column":47}}},"fnMap":{"0":{"name":"(anonymous_0)","decl":{"start":{"line":1,"column":1},"end":{"line":1,"column":2}},"loc":{"start":{"line":1,"column":20},"end":{"line":9,"column":1}},"line":1},"1":{"name":"(anonymous_1)","decl":{"start":{"line":9,"column":3},"end":{"line":9,"column":4}},"loc":{"start":{"line":9,"column":31},"end":{"line":67,"column":1}},"line":9},"2":{"name":"(anonymous_2)","decl":{"start":{"line":14,"column":8},"end":{"line":14,"column":9}},"loc":{"start":{"line":14,"column":39},"end":{"line":22,"column":9}},"line":14},"3":{"name":"(anonymous_3)","decl":{"start":{"line":23,"column":8},"end":{"line":23,"column":9}},"loc":{"start":{"line":23,"column":19},"end":{"line":25,"column":9}},"line":23},"4":{"name":"(anonymous_4)","decl":{"start":{"line":26,"column":8},"end":{"line":26,"column":9}},"loc":{"start":{"line":26,"column":19},"end":{"line":34,"column":9}},"line":26},"5":{"name":"(anonymous_5)","decl":{"start":{"line":35,"column":8},"end":{"line":35,"column":9}},"loc":{"start":{"line":35,"column":19},"end":{"line":39,"column":9}},"line":35},"6":{"name":"(anonymous_6)","decl":{"start":{"line":40,"column":8},"end":{"line":40,"column":9}},"loc":{"start":{"line":40,"column":24},"end":{"line":44,"column":9}},"line":40},"7":{"name":"(anonymous_7)","decl":{"start":{"line":45,"column":8},"end":{"line":45,"column":9}},"loc":{"start":{"line":45,"column":16},"end":{"line":47,"column":9}},"line":45},"8":{"name":"(anonymous_8)","decl":{"start":{"line":48,"column":8},"end":{"line":48,"column":9}},"loc":{"start":{"line":48,"column":17},"end":{"line":50,"column":9}},"line":48},"9":{"name":"(anonymous_9)","decl":{"start":{"line":51,"column":8},"end":{"line":51,"column":9}},"loc":{"start":{"line":51,"column":35},"end":{"line":60,"column":9}},"line":51}},"branchMap":{"0":{"loc":{"start":{"line":2,"column":4},"end":{"line":8,"column":5}},"type":"if","locations":[{"start":{"line":2,"column":4},"end":{"line":8,"column":5}},{"start":{"line":2,"column":4},"end":{"line":8,"column":5}}],"line":2},"1":{"loc":{"start":{"line":2,"column":8},"end":{"line":2,"column":72}},"type":"binary-expr","locations":[{"start":{"line":2,"column":8},"end":{"line":2,"column":34}},{"start":{"line":2,"column":38},"end":{"line":2,"column":72}}],"line":2},"2":{"loc":{"start":{"line":4,"column":8},"end":{"line":4,"column":48}},"type":"if","locations":[{"start":{"line":4,"column":8},"end":{"line":4,"column":48}},{"start":{"line":4,"column":8},"end":{"line":4,"column":48}}],"line":4},"3":{"loc":{"start":{"line":6,"column":9},"end":{"line":8,"column":5}},"type":"if","locations":[{"start":{"line":6,"column":9},"end":{"line":8,"column":5}},{"start":{"line":6,"column":9},"end":{"line":8,"column":5}}],"line":6},"4":{"loc":{"start":{"line":6,"column":13},"end":{"line":6,"column":55}},"type":"binary-expr","locations":[{"start":{"line":6,"column":13},"end":{"line":6,"column":41}},{"start":{"line":6,"column":45},"end":{"line":6,"column":55}}],"line":6},"5":{"loc":{"start":{"line":17,"column":12},"end":{"line":21,"column":13}},"type":"if","locations":[{"start":{"line":17,"column":12},"end":{"line":21,"column":13}},{"start":{"line":17,"column":12},"end":{"line":21,"column":13}}],"line":17},"6":{"loc":{"start":{"line":27,"column":12},"end":{"line":32,"column":13}},"type":"if","locations":[{"start":{"line":27,"column":12},"end":{"line":32,"column":13}},{"start":{"line":27,"column":12},"end":{"line":32,"column":13}}],"line":27},"7":{"loc":{"start":{"line":27,"column":16},"end":{"line":27,"column":61}},"type":"binary-expr","locations":[{"start":{"line":27,"column":16},"end":{"line":27,"column":31}},{"start":{"line":27,"column":35},"end":{"line":27,"column":61}}],"line":27},"8":{"loc":{"start":{"line":36,"column":33},"end":{"line":38,"column":39}},"type":"cond-expr","locations":[{"start":{"line":37,"column":18},"end":{"line":37,"column":23}},{"start":{"line":38,"column":18},"end":{"line":38,"column":39}}],"line":36},"9":{"loc":{"start":{"line":36,"column":33},"end":{"line":36,"column":78}},"type":"binary-expr","locations":[{"start":{"line":36,"column":33},"end":{"line":36,"column":48}},{"start":{"line":36,"column":52},"end":{"line":36,"column":78}}],"line":36},"10":{"loc":{"start":{"line":41,"column":36},"end":{"line":43,"column":39}},"type":"cond-expr","locations":[{"start":{"line":42,"column":18},"end":{"line":42,"column":23}},{"start":{"line":43,"column":18},"end":{"line":43,"column":39}}],"line":41},"11":{"loc":{"start":{"line":41,"column":36},"end":{"line":41,"column":81}},"type":"binary-expr","locations":[{"start":{"line":41,"column":36},"end":{"line":41,"column":51}},{"start":{"line":41,"column":55},"end":{"line":41,"column":81}}],"line":41},"12":{"loc":{"start":{"line":53,"column":16},"end":{"line":58,"column":17}},"type":"if","locations":[{"start":{"line":53,"column":16},"end":{"line":58,"column":17}},{"start":{"line":53,"column":16},"end":{"line":58,"column":17}}],"line":53}},"s":{"0":5,"1":5,"2":5,"3":5,"4":0,"5":0,"6":0,"7":5,"8":5,"9":9,"10":9,"11":9,"12":8,"13":114,"14":291,"15":164,"16":136,"17":28,"18":164,"19":122,"20":32,"21":5,"22":187,"23":2,"24":34,"25":17,"26":17,"27":5,"28":5},"f":{"0":5,"1":5,"2":9,"3":291,"4":164,"5":122,"6":32,"7":5,"8":187,"9":2},"b":{"0":[5,0],"1":[5,5],"2":[0,5],"3":[0,0],"4":[0,0],"5":[8,1],"6":[136,28],"7":[164,73],"8":[98,24],"9":[122,58],"10":[26,6],"11":[32,8],"12":[17,17]},"_coverageSchema":"332fd63041d2c1bcb487cc26dd0d5f7d97098a6c","hash":"b0da821ad4058657a055aeb6bf3c7a39a1482dbd"}
,"/home/bogdan/git-repos/eq-collections/dist/HashSet.js": {"path":"/home/bogdan/git-repos/eq-collections/dist/HashSet.js","statementMap":{"0":{"start":{"line":1,"column":0},"end":{"line":172,"column":3}},"1":{"start":{"line":2,"column":4},"end":{"line":8,"column":5}},"2":{"start":{"line":3,"column":16},"end":{"line":3,"column":41}},"3":{"start":{"line":4,"column":8},"end":{"line":4,"column":48}},"4":{"start":{"line":4,"column":29},"end":{"line":4,"column":48}},"5":{"start":{"line":6,"column":9},"end":{"line":8,"column":5}},"6":{"start":{"line":7,"column":8},"end":{"line":7,"column":59}},"7":{"start":{"line":11,"column":4},"end":{"line":11,"column":66}},"8":{"start":{"line":12,"column":20},"end":{"line":12,"column":38}},"9":{"start":{"line":15,"column":12},"end":{"line":15,"column":34}},"10":{"start":{"line":16,"column":12},"end":{"line":16,"column":39}},"11":{"start":{"line":17,"column":12},"end":{"line":17,"column":43}},"12":{"start":{"line":18,"column":12},"end":{"line":22,"column":13}},"13":{"start":{"line":19,"column":16},"end":{"line":21,"column":17}},"14":{"start":{"line":20,"column":20},"end":{"line":20,"column":36}},"15":{"start":{"line":25,"column":23},"end":{"line":25,"column":37}},"16":{"start":{"line":26,"column":12},"end":{"line":30,"column":13}},"17":{"start":{"line":27,"column":16},"end":{"line":29,"column":17}},"18":{"start":{"line":28,"column":20},"end":{"line":28,"column":45}},"19":{"start":{"line":31,"column":12},"end":{"line":31,"column":24}},"20":{"start":{"line":34,"column":37},"end":{"line":34,"column":63}},"21":{"start":{"line":35,"column":12},"end":{"line":65,"column":13}},"22":{"start":{"line":36,"column":29},"end":{"line":36,"column":77}},"23":{"start":{"line":37,"column":31},"end":{"line":37,"column":50}},"24":{"start":{"line":38,"column":16},"end":{"line":61,"column":17}},"25":{"start":{"line":39,"column":20},"end":{"line":39,"column":49}},"26":{"start":{"line":42,"column":20},"end":{"line":59,"column":21}},"27":{"start":{"line":43,"column":24},"end":{"line":48,"column":25}},"28":{"start":{"line":44,"column":28},"end":{"line":47,"column":29}},"29":{"start":{"line":45,"column":32},"end":{"line":45,"column":50}},"30":{"start":{"line":46,"column":32},"end":{"line":46,"column":44}},"31":{"start":{"line":51,"column":24},"end":{"line":58,"column":25}},"32":{"start":{"line":52,"column":28},"end":{"line":57,"column":29}},"33":{"start":{"line":55,"column":32},"end":{"line":55,"column":50}},"34":{"start":{"line":56,"column":32},"end":{"line":56,"column":44}},"35":{"start":{"line":60,"column":20},"end":{"line":60,"column":39}},"36":{"start":{"line":64,"column":16},"end":{"line":64,"column":44}},"37":{"start":{"line":66,"column":12},"end":{"line":66,"column":24}},"38":{"start":{"line":69,"column":37},"end":{"line":69,"column":63}},"39":{"start":{"line":70,"column":12},"end":{"line":97,"column":13}},"40":{"start":{"line":71,"column":29},"end":{"line":71,"column":77}},"41":{"start":{"line":72,"column":31},"end":{"line":72,"column":50}},"42":{"start":{"line":73,"column":16},"end":{"line":93,"column":17}},"43":{"start":{"line":74,"column":20},"end":{"line":74,"column":33}},"44":{"start":{"line":77,"column":20},"end":{"line":92,"column":21}},"45":{"start":{"line":78,"column":24},"end":{"line":82,"column":25}},"46":{"start":{"line":79,"column":28},"end":{"line":81,"column":29}},"47":{"start":{"line":80,"column":32},"end":{"line":80,"column":44}},"48":{"start":{"line":85,"column":24},"end":{"line":91,"column":25}},"49":{"start":{"line":86,"column":28},"end":{"line":90,"column":29}},"50":{"start":{"line":89,"column":32},"end":{"line":89,"column":44}},"51":{"start":{"line":96,"column":16},"end":{"line":96,"column":44}},"52":{"start":{"line":98,"column":12},"end":{"line":98,"column":25}},"53":{"start":{"line":101,"column":37},"end":{"line":101,"column":63}},"54":{"start":{"line":102,"column":12},"end":{"line":137,"column":13}},"55":{"start":{"line":103,"column":29},"end":{"line":103,"column":77}},"56":{"start":{"line":104,"column":31},"end":{"line":104,"column":50}},"57":{"start":{"line":105,"column":16},"end":{"line":133,"column":17}},"58":{"start":{"line":106,"column":20},"end":{"line":106,"column":33}},"59":{"start":{"line":109,"column":20},"end":{"line":132,"column":21}},"60":{"start":{"line":110,"column":24},"end":{"line":118,"column":25}},"61":{"start":{"line":111,"column":28},"end":{"line":117,"column":29}},"62":{"start":{"line":112,"column":32},"end":{"line":112,"column":52}},"63":{"start":{"line":113,"column":32},"end":{"line":115,"column":33}},"64":{"start":{"line":114,"column":36},"end":{"line":114,"column":59}},"65":{"start":{"line":116,"column":32},"end":{"line":116,"column":44}},"66":{"start":{"line":121,"column":24},"end":{"line":131,"column":25}},"67":{"start":{"line":122,"column":28},"end":{"line":130,"column":29}},"68":{"start":{"line":125,"column":32},"end":{"line":125,"column":52}},"69":{"start":{"line":126,"column":32},"end":{"line":128,"column":33}},"70":{"start":{"line":127,"column":36},"end":{"line":127,"column":59}},"71":{"start":{"line":129,"column":32},"end":{"line":129,"column":44}},"72":{"start":{"line":136,"column":16},"end":{"line":136,"column":47}},"73":{"start":{"line":138,"column":12},"end":{"line":138,"column":25}},"74":{"start":{"line":141,"column":12},"end":{"line":141,"column":37}},"75":{"start":{"line":144,"column":12},"end":{"line":154,"column":13}},"76":{"start":{"line":145,"column":16},"end":{"line":153,"column":17}},"77":{"start":{"line":146,"column":35},"end":{"line":146,"column":40}},"78":{"start":{"line":147,"column":20},"end":{"line":149,"column":21}},"79":{"start":{"line":148,"column":24},"end":{"line":148,"column":40}},"80":{"start":{"line":152,"column":20},"end":{"line":152,"column":32}},"81":{"start":{"line":157,"column":12},"end":{"line":164,"column":13}},"82":{"start":{"line":158,"column":16},"end":{"line":163,"column":17}},"83":{"start":{"line":159,"column":20},"end":{"line":159,"column":63}},"84":{"start":{"line":162,"column":20},"end":{"line":162,"column":49}},"85":{"start":{"line":167,"column":4},"end":{"line":167,"column":30}},"86":{"start":{"line":168,"column":4},"end":{"line":171,"column":43}}},"fnMap":{"0":{"name":"(anonymous_0)","decl":{"start":{"line":1,"column":1},"end":{"line":1,"column":2}},"loc":{"start":{"line":1,"column":20},"end":{"line":9,"column":1}},"line":1},"1":{"name":"(anonymous_1)","decl":{"start":{"line":9,"column":3},"end":{"line":9,"column":4}},"loc":{"start":{"line":9,"column":31},"end":{"line":172,"column":1}},"line":9},"2":{"name":"(anonymous_2)","decl":{"start":{"line":14,"column":8},"end":{"line":14,"column":9}},"loc":{"start":{"line":14,"column":52},"end":{"line":23,"column":9}},"line":14},"3":{"name":"(anonymous_3)","decl":{"start":{"line":24,"column":8},"end":{"line":24,"column":9}},"loc":{"start":{"line":24,"column":19},"end":{"line":32,"column":9}},"line":24},"4":{"name":"(anonymous_4)","decl":{"start":{"line":33,"column":8},"end":{"line":33,"column":9}},"loc":{"start":{"line":33,"column":19},"end":{"line":67,"column":9}},"line":33},"5":{"name":"(anonymous_5)","decl":{"start":{"line":68,"column":8},"end":{"line":68,"column":9}},"loc":{"start":{"line":68,"column":19},"end":{"line":99,"column":9}},"line":68},"6":{"name":"(anonymous_6)","decl":{"start":{"line":100,"column":8},"end":{"line":100,"column":9}},"loc":{"start":{"line":100,"column":24},"end":{"line":139,"column":9}},"line":100},"7":{"name":"(anonymous_7)","decl":{"start":{"line":140,"column":8},"end":{"line":140,"column":9}},"loc":{"start":{"line":140,"column":16},"end":{"line":142,"column":9}},"line":140},"8":{"name":"(anonymous_8)","decl":{"start":{"line":143,"column":8},"end":{"line":143,"column":9}},"loc":{"start":{"line":143,"column":18},"end":{"line":155,"column":9}},"line":143},"9":{"name":"(anonymous_9)","decl":{"start":{"line":156,"column":8},"end":{"line":156,"column":9}},"loc":{"start":{"line":156,"column":35},"end":{"line":165,"column":9}},"line":156}},"branchMap":{"0":{"loc":{"start":{"line":2,"column":4},"end":{"line":8,"column":5}},"type":"if","locations":[{"start":{"line":2,"column":4},"end":{"line":8,"column":5}},{"start":{"line":2,"column":4},"end":{"line":8,"column":5}}],"line":2},"1":{"loc":{"start":{"line":2,"column":8},"end":{"line":2,"column":72}},"type":"binary-expr","locations":[{"start":{"line":2,"column":8},"end":{"line":2,"column":34}},{"start":{"line":2,"column":38},"end":{"line":2,"column":72}}],"line":2},"2":{"loc":{"start":{"line":4,"column":8},"end":{"line":4,"column":48}},"type":"if","locations":[{"start":{"line":4,"column":8},"end":{"line":4,"column":48}},{"start":{"line":4,"column":8},"end":{"line":4,"column":48}}],"line":4},"3":{"loc":{"start":{"line":6,"column":9},"end":{"line":8,"column":5}},"type":"if","locations":[{"start":{"line":6,"column":9},"end":{"line":8,"column":5}},{"start":{"line":6,"column":9},"end":{"line":8,"column":5}}],"line":6},"4":{"loc":{"start":{"line":6,"column":13},"end":{"line":6,"column":55}},"type":"binary-expr","locations":[{"start":{"line":6,"column":13},"end":{"line":6,"column":41}},{"start":{"line":6,"column":45},"end":{"line":6,"column":55}}],"line":6},"5":{"loc":{"start":{"line":18,"column":12},"end":{"line":22,"column":13}},"type":"if","locations":[{"start":{"line":18,"column":12},"end":{"line":22,"column":13}},{"start":{"line":18,"column":12},"end":{"line":22,"column":13}}],"line":18},"6":{"loc":{"start":{"line":27,"column":16},"end":{"line":29,"column":17}},"type":"if","locations":[{"start":{"line":27,"column":16},"end":{"line":29,"column":17}},{"start":{"line":27,"column":16},"end":{"line":29,"column":17}}],"line":27},"7":{"loc":{"start":{"line":35,"column":12},"end":{"line":65,"column":13}},"type":"if","locations":[{"start":{"line":35,"column":12},"end":{"line":65,"column":13}},{"start":{"line":35,"column":12},"end":{"line":65,"column":13}}],"line":35},"8":{"loc":{"start":{"line":35,"column":16},"end":{"line":35,"column":50}},"type":"binary-expr","locations":[{"start":{"line":35,"column":16},"end":{"line":35,"column":30}},{"start":{"line":35,"column":34},"end":{"line":35,"column":50}}],"line":35},"9":{"loc":{"start":{"line":36,"column":29},"end":{"line":36,"column":77}},"type":"cond-expr","locations":[{"start":{"line":36,"column":48},"end":{"line":36,"column":53}},{"start":{"line":36,"column":56},"end":{"line":36,"column":77}}],"line":36},"10":{"loc":{"start":{"line":38,"column":16},"end":{"line":61,"column":17}},"type":"if","locations":[{"start":{"line":38,"column":16},"end":{"line":61,"column":17}},{"start":{"line":38,"column":16},"end":{"line":61,"column":17}}],"line":38},"11":{"loc":{"start":{"line":42,"column":20},"end":{"line":59,"column":21}},"type":"if","locations":[{"start":{"line":42,"column":20},"end":{"line":59,"column":21}},{"start":{"line":42,"column":20},"end":{"line":59,"column":21}}],"line":42},"12":{"loc":{"start":{"line":42,"column":24},"end":{"line":42,"column":61}},"type":"binary-expr","locations":[{"start":{"line":42,"column":24},"end":{"line":42,"column":41}},{"start":{"line":42,"column":45},"end":{"line":42,"column":61}}],"line":42},"13":{"loc":{"start":{"line":44,"column":28},"end":{"line":47,"column":29}},"type":"if","locations":[{"start":{"line":44,"column":28},"end":{"line":47,"column":29}},{"start":{"line":44,"column":28},"end":{"line":47,"column":29}}],"line":44},"14":{"loc":{"start":{"line":52,"column":28},"end":{"line":57,"column":29}},"type":"if","locations":[{"start":{"line":52,"column":28},"end":{"line":57,"column":29}},{"start":{"line":52,"column":28},"end":{"line":57,"column":29}}],"line":52},"15":{"loc":{"start":{"line":52,"column":32},"end":{"line":54,"column":54}},"type":"binary-expr","locations":[{"start":{"line":52,"column":32},"end":{"line":52,"column":51}},{"start":{"line":53,"column":35},"end":{"line":53,"column":58}},{"start":{"line":54,"column":39},"end":{"line":54,"column":54}}],"line":52},"16":{"loc":{"start":{"line":70,"column":12},"end":{"line":97,"column":13}},"type":"if","locations":[{"start":{"line":70,"column":12},"end":{"line":97,"column":13}},{"start":{"line":70,"column":12},"end":{"line":97,"column":13}}],"line":70},"17":{"loc":{"start":{"line":70,"column":16},"end":{"line":70,"column":50}},"type":"binary-expr","locations":[{"start":{"line":70,"column":16},"end":{"line":70,"column":30}},{"start":{"line":70,"column":34},"end":{"line":70,"column":50}}],"line":70},"18":{"loc":{"start":{"line":71,"column":29},"end":{"line":71,"column":77}},"type":"cond-expr","locations":[{"start":{"line":71,"column":48},"end":{"line":71,"column":53}},{"start":{"line":71,"column":56},"end":{"line":71,"column":77}}],"line":71},"19":{"loc":{"start":{"line":73,"column":16},"end":{"line":93,"column":17}},"type":"if","locations":[{"start":{"line":73,"column":16},"end":{"line":93,"column":17}},{"start":{"line":73,"column":16},"end":{"line":93,"column":17}}],"line":73},"20":{"loc":{"start":{"line":77,"column":20},"end":{"line":92,"column":21}},"type":"if","locations":[{"start":{"line":77,"column":20},"end":{"line":92,"column":21}},{"start":{"line":77,"column":20},"end":{"line":92,"column":21}}],"line":77},"21":{"loc":{"start":{"line":77,"column":24},"end":{"line":77,"column":61}},"type":"binary-expr","locations":[{"start":{"line":77,"column":24},"end":{"line":77,"column":41}},{"start":{"line":77,"column":45},"end":{"line":77,"column":61}}],"line":77},"22":{"loc":{"start":{"line":79,"column":28},"end":{"line":81,"column":29}},"type":"if","locations":[{"start":{"line":79,"column":28},"end":{"line":81,"column":29}},{"start":{"line":79,"column":28},"end":{"line":81,"column":29}}],"line":79},"23":{"loc":{"start":{"line":86,"column":28},"end":{"line":90,"column":29}},"type":"if","locations":[{"start":{"line":86,"column":28},"end":{"line":90,"column":29}},{"start":{"line":86,"column":28},"end":{"line":90,"column":29}}],"line":86},"24":{"loc":{"start":{"line":86,"column":32},"end":{"line":88,"column":54}},"type":"binary-expr","locations":[{"start":{"line":86,"column":32},"end":{"line":86,"column":51}},{"start":{"line":87,"column":35},"end":{"line":87,"column":58}},{"start":{"line":88,"column":39},"end":{"line":88,"column":54}}],"line":86},"25":{"loc":{"start":{"line":102,"column":12},"end":{"line":137,"column":13}},"type":"if","locations":[{"start":{"line":102,"column":12},"end":{"line":137,"column":13}},{"start":{"line":102,"column":12},"end":{"line":137,"column":13}}],"line":102},"26":{"loc":{"start":{"line":102,"column":16},"end":{"line":102,"column":50}},"type":"binary-expr","locations":[{"start":{"line":102,"column":16},"end":{"line":102,"column":30}},{"start":{"line":102,"column":34},"end":{"line":102,"column":50}}],"line":102},"27":{"loc":{"start":{"line":103,"column":29},"end":{"line":103,"column":77}},"type":"cond-expr","locations":[{"start":{"line":103,"column":48},"end":{"line":103,"column":53}},{"start":{"line":103,"column":56},"end":{"line":103,"column":77}}],"line":103},"28":{"loc":{"start":{"line":105,"column":16},"end":{"line":133,"column":17}},"type":"if","locations":[{"start":{"line":105,"column":16},"end":{"line":133,"column":17}},{"start":{"line":105,"column":16},"end":{"line":133,"column":17}}],"line":105},"29":{"loc":{"start":{"line":109,"column":20},"end":{"line":132,"column":21}},"type":"if","locations":[{"start":{"line":109,"column":20},"end":{"line":132,"column":21}},{"start":{"line":109,"column":20},"end":{"line":132,"column":21}}],"line":109},"30":{"loc":{"start":{"line":109,"column":24},"end":{"line":109,"column":61}},"type":"binary-expr","locations":[{"start":{"line":109,"column":24},"end":{"line":109,"column":41}},{"start":{"line":109,"column":45},"end":{"line":109,"column":61}}],"line":109},"31":{"loc":{"start":{"line":111,"column":28},"end":{"line":117,"column":29}},"type":"if","locations":[{"start":{"line":111,"column":28},"end":{"line":117,"column":29}},{"start":{"line":111,"column":28},"end":{"line":117,"column":29}}],"line":111},"32":{"loc":{"start":{"line":113,"column":32},"end":{"line":115,"column":33}},"type":"if","locations":[{"start":{"line":113,"column":32},"end":{"line":115,"column":33}},{"start":{"line":113,"column":32},"end":{"line":115,"column":33}}],"line":113},"33":{"loc":{"start":{"line":122,"column":28},"end":{"line":130,"column":29}},"type":"if","locations":[{"start":{"line":122,"column":28},"end":{"line":130,"column":29}},{"start":{"line":122,"column":28},"end":{"line":130,"column":29}}],"line":122},"34":{"loc":{"start":{"line":122,"column":32},"end":{"line":124,"column":54}},"type":"binary-expr","locations":[{"start":{"line":122,"column":32},"end":{"line":122,"column":51}},{"start":{"line":123,"column":35},"end":{"line":123,"column":58}},{"start":{"line":124,"column":39},"end":{"line":124,"column":54}}],"line":122},"35":{"loc":{"start":{"line":126,"column":32},"end":{"line":128,"column":33}},"type":"if","locations":[{"start":{"line":126,"column":32},"end":{"line":128,"column":33}},{"start":{"line":126,"column":32},"end":{"line":128,"column":33}}],"line":126},"36":{"loc":{"start":{"line":145,"column":16},"end":{"line":153,"column":17}},"type":"if","locations":[{"start":{"line":145,"column":16},"end":{"line":153,"column":17}},{"start":{"line":145,"column":16},"end":{"line":153,"column":17}}],"line":145},"37":{"loc":{"start":{"line":158,"column":16},"end":{"line":163,"column":17}},"type":"if","locations":[{"start":{"line":158,"column":16},"end":{"line":163,"column":17}},{"start":{"line":158,"column":16},"end":{"line":163,"column":17}}],"line":158}},"s":{"0":5,"1":5,"2":5,"3":5,"4":0,"5":0,"6":0,"7":5,"8":5,"9":12,"10":12,"11":12,"12":12,"13":11,"14":229,"15":532,"16":532,"17":6325,"18":4485,"19":532,"20":347,"21":347,"22":295,"23":295,"24":295,"25":148,"26":147,"27":68,"28":123,"29":51,"30":51,"31":79,"32":267,"33":16,"34":16,"35":80,"36":52,"37":280,"38":418,"39":418,"40":360,"41":360,"42":360,"43":25,"44":335,"45":71,"46":113,"47":69,"48":264,"49":693,"50":159,"51":58,"52":107,"53":66,"54":66,"55":54,"56":54,"57":54,"58":10,"59":44,"60":7,"61":7,"62":6,"63":6,"64":3,"65":6,"66":37,"67":63,"68":23,"69":23,"70":13,"71":23,"72":12,"73":15,"74":7,"75":343,"76":4014,"77":2822,"78":2822,"79":4405,"80":1192,"81":2,"82":42,"83":21,"84":21,"85":5,"86":5},"f":{"0":5,"1":5,"2":12,"3":532,"4":347,"5":418,"6":66,"7":7,"8":343,"9":2},"b":{"0":[5,0],"1":[5,5],"2":[0,5],"3":[0,0],"4":[0,0],"5":[11,1],"6":[4485,1840],"7":[295,52],"8":[347,132],"9":[144,151],"10":[148,147],"11":[68,79],"12":[147,131],"13":[51,72],"14":[16,251],"15":[267,252,1],"16":[360,58],"17":[418,111],"18":[168,192],"19":[25,335],"20":[71,264],"21":[335,186],"22":[69,44],"23":[159,534],"24":[693,538,4],"25":[54,12],"26":[66,24],"27":[36,18],"28":[10,44],"29":[7,37],"30":[44,17],"31":[6,1],"32":[3,3],"33":[23,40],"34":[63,40,0],"35":[13,10],"36":[2822,1192],"37":[21,21]},"_coverageSchema":"332fd63041d2c1bcb487cc26dd0d5f7d97098a6c","hash":"2319f9c36c617f0c5d9c3c9ad92f86feeab00b43"}
,"/home/bogdan/git-repos/eq-collections/dist/index.js": {"path":"/home/bogdan/git-repos/eq-collections/dist/index.js","statementMap":{"0":{"start":{"line":1,"column":0},"end":{"line":22,"column":3}},"1":{"start":{"line":2,"column":4},"end":{"line":8,"column":5}},"2":{"start":{"line":3,"column":16},"end":{"line":3,"column":41}},"3":{"start":{"line":4,"column":8},"end":{"line":4,"column":48}},"4":{"start":{"line":4,"column":29},"end":{"line":4,"column":48}},"5":{"start":{"line":6,"column":9},"end":{"line":8,"column":5}},"6":{"start":{"line":7,"column":8},"end":{"line":7,"column":119}},"7":{"start":{"line":11,"column":4},"end":{"line":11,"column":66}},"8":{"start":{"line":12,"column":26},"end":{"line":12,"column":50}},"9":{"start":{"line":13,"column":4},"end":{"line":13,"column":52}},"10":{"start":{"line":14,"column":26},"end":{"line":14,"column":50}},"11":{"start":{"line":15,"column":4},"end":{"line":15,"column":52}},"12":{"start":{"line":16,"column":22},"end":{"line":16,"column":42}},"13":{"start":{"line":17,"column":4},"end":{"line":17,"column":40}},"14":{"start":{"line":18,"column":22},"end":{"line":18,"column":42}},"15":{"start":{"line":19,"column":4},"end":{"line":19,"column":40}},"16":{"start":{"line":20,"column":20},"end":{"line":20,"column":38}},"17":{"start":{"line":21,"column":4},"end":{"line":21,"column":46}}},"fnMap":{"0":{"name":"(anonymous_0)","decl":{"start":{"line":1,"column":1},"end":{"line":1,"column":2}},"loc":{"start":{"line":1,"column":20},"end":{"line":9,"column":1}},"line":1},"1":{"name":"(anonymous_1)","decl":{"start":{"line":9,"column":3},"end":{"line":9,"column":4}},"loc":{"start":{"line":9,"column":31},"end":{"line":22,"column":1}},"line":9}},"branchMap":{"0":{"loc":{"start":{"line":2,"column":4},"end":{"line":8,"column":5}},"type":"if","locations":[{"start":{"line":2,"column":4},"end":{"line":8,"column":5}},{"start":{"line":2,"column":4},"end":{"line":8,"column":5}}],"line":2},"1":{"loc":{"start":{"line":2,"column":8},"end":{"line":2,"column":72}},"type":"binary-expr","locations":[{"start":{"line":2,"column":8},"end":{"line":2,"column":34}},{"start":{"line":2,"column":38},"end":{"line":2,"column":72}}],"line":2},"2":{"loc":{"start":{"line":4,"column":8},"end":{"line":4,"column":48}},"type":"if","locations":[{"start":{"line":4,"column":8},"end":{"line":4,"column":48}},{"start":{"line":4,"column":8},"end":{"line":4,"column":48}}],"line":4},"3":{"loc":{"start":{"line":6,"column":9},"end":{"line":8,"column":5}},"type":"if","locations":[{"start":{"line":6,"column":9},"end":{"line":8,"column":5}},{"start":{"line":6,"column":9},"end":{"line":8,"column":5}}],"line":6},"4":{"loc":{"start":{"line":6,"column":13},"end":{"line":6,"column":55}},"type":"binary-expr","locations":[{"start":{"line":6,"column":13},"end":{"line":6,"column":41}},{"start":{"line":6,"column":45},"end":{"line":6,"column":55}}],"line":6}},"s":{"0":5,"1":5,"2":5,"3":5,"4":0,"5":0,"6":0,"7":5,"8":5,"9":5,"10":5,"11":5,"12":5,"13":5,"14":5,"15":5,"16":5,"17":5},"f":{"0":5,"1":5},"b":{"0":[5,0],"1":[5,5],"2":[0,5],"3":[0,0],"4":[0,0]},"_coverageSchema":"332fd63041d2c1bcb487cc26dd0d5f7d97098a6c","hash":"cdfdac8b6e6c3fb7ceb21ffcd07cd20b1f4b500d"}
,"/home/bogdan/git-repos/eq-collections/dist/utils.js": {"path":"/home/bogdan/git-repos/eq-collections/dist/utils.js","statementMap":{"0":{"start":{"line":1,"column":0},"end":{"line":17,"column":3}},"1":{"start":{"line":2,"column":4},"end":{"line":8,"column":5}},"2":{"start":{"line":3,"column":16},"end":{"line":3,"column":41}},"3":{"start":{"line":4,"column":8},"end":{"line":4,"column":48}},"4":{"start":{"line":4,"column":29},"end":{"line":4,"column":48}},"5":{"start":{"line":6,"column":9},"end":{"line":8,"column":5}},"6":{"start":{"line":7,"column":8},"end":{"line":7,"column":48}},"7":{"start":{"line":11,"column":4},"end":{"line":11,"column":66}},"8":{"start":{"line":13,"column":21},"end":{"line":13,"column":33}},"9":{"start":{"line":14,"column":8},"end":{"line":14,"column":76}},"10":{"start":{"line":16,"column":4},"end":{"line":16,"column":38}}},"fnMap":{"0":{"name":"(anonymous_0)","decl":{"start":{"line":1,"column":1},"end":{"line":1,"column":2}},"loc":{"start":{"line":1,"column":20},"end":{"line":9,"column":1}},"line":1},"1":{"name":"(anonymous_1)","decl":{"start":{"line":9,"column":3},"end":{"line":9,"column":4}},"loc":{"start":{"line":9,"column":31},"end":{"line":17,"column":1}},"line":9},"2":{"name":"isPrimitive","decl":{"start":{"line":12,"column":13},"end":{"line":12,"column":24}},"loc":{"start":{"line":12,"column":32},"end":{"line":15,"column":5}},"line":12}},"branchMap":{"0":{"loc":{"start":{"line":2,"column":4},"end":{"line":8,"column":5}},"type":"if","locations":[{"start":{"line":2,"column":4},"end":{"line":8,"column":5}},{"start":{"line":2,"column":4},"end":{"line":8,"column":5}}],"line":2},"1":{"loc":{"start":{"line":2,"column":8},"end":{"line":2,"column":72}},"type":"binary-expr","locations":[{"start":{"line":2,"column":8},"end":{"line":2,"column":34}},{"start":{"line":2,"column":38},"end":{"line":2,"column":72}}],"line":2},"2":{"loc":{"start":{"line":4,"column":8},"end":{"line":4,"column":48}},"type":"if","locations":[{"start":{"line":4,"column":8},"end":{"line":4,"column":48}},{"start":{"line":4,"column":8},"end":{"line":4,"column":48}}],"line":4},"3":{"loc":{"start":{"line":6,"column":9},"end":{"line":8,"column":5}},"type":"if","locations":[{"start":{"line":6,"column":9},"end":{"line":8,"column":5}},{"start":{"line":6,"column":9},"end":{"line":8,"column":5}}],"line":6},"4":{"loc":{"start":{"line":6,"column":13},"end":{"line":6,"column":55}},"type":"binary-expr","locations":[{"start":{"line":6,"column":13},"end":{"line":6,"column":41}},{"start":{"line":6,"column":45},"end":{"line":6,"column":55}}],"line":6},"5":{"loc":{"start":{"line":14,"column":15},"end":{"line":14,"column":75}},"type":"binary-expr","locations":[{"start":{"line":14,"column":16},"end":{"line":14,"column":33}},{"start":{"line":14,"column":37},"end":{"line":14,"column":56}},{"start":{"line":14,"column":61},"end":{"line":14,"column":75}}],"line":14}},"s":{"0":5,"1":5,"2":5,"3":5,"4":0,"5":0,"6":0,"7":5,"8":27579,"9":27579,"10":5},"f":{"0":5,"1":5,"2":27579},"b":{"0":[5,0],"1":[5,5],"2":[0,5],"3":[0,0],"4":[0,0],"5":[27579,17982,9597]},"_coverageSchema":"332fd63041d2c1bcb487cc26dd0d5f7d97098a6c","hash":"ff4ab9c0e051d6bae40ce5bc92cffcdd8aa0d819"}
}
