TN:
SF:/home/bogdan/git-repos/eq-collections/dist/HashMap.js
FN:1,(anonymous_0)
FN:9,(anonymous_1)
FN:14,(anonymous_2)
FN:25,(anonymous_3)
FN:34,(anonymous_4)
FN:59,(anonymous_5)
FN:83,(anonymous_6)
FN:106,(anonymous_7)
FN:137,(anonymous_8)
FN:140,(anonymous_9)
FN:161,(anonymous_10)
FN:171,(anonymous_11)
FN:176,(anonymous_12)
FNF:13
FNH:13
FNDA:5,(anonymous_0)
FNDA:5,(anonymous_1)
FNDA:17,(anonymous_2)
FNDA:624,(anonymous_3)
FNDA:450,(anonymous_4)
FNDA:215,(anonymous_5)
FNDA:409,(anonymous_6)
FNDA:67,(anonymous_7)
FNDA:7,(anonymous_8)
FNDA:396,(anonymous_9)
FNDA:2,(anonymous_10)
FNDA:1,(anonymous_11)
FNDA:1,(anonymous_12)
DA:1,5
DA:2,5
DA:3,5
DA:4,5
DA:6,0
DA:7,0
DA:11,5
DA:12,5
DA:15,17
DA:16,17
DA:17,17
DA:18,17
DA:19,17
DA:20,16
DA:21,306
DA:26,624
DA:27,624
DA:28,7306
DA:29,4959
DA:32,624
DA:35,450
DA:36,450
DA:37,372
DA:38,372
DA:39,372
DA:40,185
DA:43,187
DA:44,84
DA:45,153
DA:46,59
DA:47,59
DA:51,128
DA:55,78
DA:57,391
DA:61,215
DA:62,215
DA:63,166
DA:64,166
DA:65,166
DA:66,157
DA:67,13
DA:68,38
DA:69,13
DA:74,144
DA:79,49
DA:81,215
DA:84,409
DA:85,409
DA:86,352
DA:87,352
DA:88,352
DA:89,329
DA:90,71
DA:91,114
DA:92,69
DA:97,258
DA:100,25
DA:103,57
DA:107,67
DA:108,67
DA:109,54
DA:110,54
DA:111,54
DA:112,45
DA:113,7
DA:114,7
DA:115,6
DA:116,6
DA:117,3
DA:119,3
DA:124,38
DA:125,38
DA:126,12
DA:128,26
DA:131,10
DA:134,13
DA:138,7
DA:141,396
DA:142,4555
DA:143,2999
DA:144,2999
DA:145,4634
DA:146,4634
DA:147,30
DA:149,4634
DA:153,1556
DA:154,1556
DA:155,26
DA:157,1556
DA:162,2
DA:163,40
DA:164,20
DA:167,20
DA:172,1
DA:173,20
DA:177,1
DA:178,20
DA:182,5
DA:183,5
LF:99
LH:97
BRDA:2,0,0,5
BRDA:2,0,1,0
BRDA:2,1,0,5
BRDA:2,1,1,5
BRDA:4,2,0,0
BRDA:4,2,1,5
BRDA:6,3,0,0
BRDA:6,3,1,0
BRDA:6,4,0,0
BRDA:6,4,1,0
BRDA:19,5,0,16
BRDA:19,5,1,1
BRDA:28,6,0,4959
BRDA:28,6,1,2347
BRDA:36,7,0,372
BRDA:36,7,1,78
BRDA:36,8,0,450
BRDA:36,8,1,198
BRDA:37,9,0,195
BRDA:37,9,1,177
BRDA:39,10,0,185
BRDA:39,10,1,187
BRDA:43,11,0,84
BRDA:43,11,1,103
BRDA:43,12,0,187
BRDA:43,12,1,157
BRDA:45,13,0,59
BRDA:45,13,1,94
BRDA:59,14,0,203
BRDA:62,15,0,166
BRDA:62,15,1,49
BRDA:62,16,0,215
BRDA:62,16,1,98
BRDA:63,17,0,79
BRDA:63,17,1,87
BRDA:65,18,0,157
BRDA:65,18,1,9
BRDA:66,19,0,13
BRDA:66,19,1,144
BRDA:66,20,0,157
BRDA:66,20,1,78
BRDA:68,21,0,13
BRDA:68,21,1,25
BRDA:81,22,0,185
BRDA:81,22,1,30
BRDA:85,23,0,352
BRDA:85,23,1,57
BRDA:85,24,0,409
BRDA:85,24,1,104
BRDA:86,25,0,160
BRDA:86,25,1,192
BRDA:88,26,0,329
BRDA:88,26,1,23
BRDA:89,27,0,71
BRDA:89,27,1,258
BRDA:89,28,0,329
BRDA:89,28,1,186
BRDA:91,29,0,69
BRDA:91,29,1,45
BRDA:108,30,0,54
BRDA:108,30,1,13
BRDA:108,31,0,67
BRDA:108,31,1,25
BRDA:109,32,0,36
BRDA:109,32,1,18
BRDA:111,33,0,45
BRDA:111,33,1,9
BRDA:112,34,0,7
BRDA:112,34,1,38
BRDA:112,35,0,45
BRDA:112,35,1,17
BRDA:114,36,0,6
BRDA:114,36,1,1
BRDA:116,37,0,3
BRDA:116,37,1,3
BRDA:125,38,0,12
BRDA:125,38,1,26
BRDA:140,39,0,391
BRDA:140,40,0,394
BRDA:142,41,0,2999
BRDA:142,41,1,1556
BRDA:146,42,0,30
BRDA:146,42,1,4604
BRDA:146,43,0,4634
BRDA:146,43,1,30
BRDA:154,44,0,26
BRDA:154,44,1,1530
BRDA:154,45,0,1556
BRDA:154,45,1,26
BRDA:163,46,0,20
BRDA:163,46,1,20
BRDA:176,47,0,1
BRDA:176,48,0,1
BRF:93
BRH:87
end_of_record
TN:
SF:/home/bogdan/git-repos/eq-collections/dist/HashOnlyMap.js
FN:1,(anonymous_0)
FN:9,(anonymous_1)
FN:14,(anonymous_2)
FN:24,(anonymous_3)
FN:27,(anonymous_4)
FN:38,(anonymous_5)
FN:42,(anonymous_6)
FN:46,(anonymous_7)
FN:51,(anonymous_8)
FN:54,(anonymous_9)
FN:69,(anonymous_10)
FN:79,(anonymous_11)
FN:84,(anonymous_12)
FN:89,(anonymous_13)
FNF:14
FNH:14
FNDA:5,(anonymous_0)
FNDA:5,(anonymous_1)
FNDA:14,(anonymous_2)
FNDA:366,(anonymous_3)
FNDA:240,(anonymous_4)
FNDA:114,(anonymous_5)
FNDA:113,(anonymous_6)
FNDA:33,(anonymous_7)
FNDA:5,(anonymous_8)
FNDA:230,(anonymous_9)
FNDA:2,(anonymous_10)
FNDA:1,(anonymous_11)
FNDA:1,(anonymous_12)
FNDA:227,(anonymous_13)
DA:1,5
DA:2,5
DA:3,5
DA:4,5
DA:6,0
DA:7,0
DA:11,5
DA:12,5
DA:15,14
DA:16,14
DA:17,14
DA:18,14
DA:19,13
DA:20,171
DA:25,366
DA:28,240
DA:29,240
DA:30,240
DA:31,216
DA:34,24
DA:36,240
DA:39,114
DA:40,114
DA:43,113
DA:44,113
DA:47,33
DA:52,5
DA:55,230
DA:57,2793
DA:58,2641
DA:61,152
DA:63,2793
DA:64,38
DA:66,2793
DA:70,2
DA:71,34
DA:72,17
DA:75,17
DA:80,1
DA:81,17
DA:85,1
DA:86,17
DA:90,227
DA:91,227
DA:92,227
DA:95,227
DA:98,5
DA:99,5
LF:48
LH:46
BRDA:2,0,0,5
BRDA:2,0,1,0
BRDA:2,1,0,5
BRDA:2,1,1,5
BRDA:4,2,0,0
BRDA:4,2,1,5
BRDA:6,3,0,0
BRDA:6,3,1,0
BRDA:6,4,0,0
BRDA:6,4,1,0
BRDA:18,5,0,13
BRDA:18,5,1,1
BRDA:30,6,0,216
BRDA:30,6,1,24
BRDA:30,7,0,240
BRDA:30,7,1,144
BRDA:31,8,0,180
BRDA:31,8,1,36
BRDA:38,9,0,102
BRDA:40,10,0,84
BRDA:40,10,1,30
BRDA:47,11,0,27
BRDA:47,11,1,6
BRDA:47,12,0,33
BRDA:47,12,1,8
BRDA:54,13,0,225
BRDA:54,14,0,228
BRDA:57,15,0,2641
BRDA:57,15,1,152
BRDA:63,16,0,38
BRDA:63,16,1,2755
BRDA:63,17,0,2793
BRDA:63,17,1,38
BRDA:71,18,0,17
BRDA:71,18,1,17
BRDA:84,19,0,1
BRDA:84,20,0,1
BRDA:91,21,0,227
BRDA:91,21,1,135
BRDA:92,22,0,179
BRDA:92,22,1,48
BRDA:93,23,0,134
BRDA:93,23,1,45
BRDA:95,24,0,154
BRDA:95,24,1,73
BRDA:95,25,0,227
BRDA:95,25,1,168
BRF:47
BRH:41
end_of_record
TN:
SF:/home/bogdan/git-repos/eq-collections/dist/HashOnlySet.js
FN:1,(anonymous_0)
FN:9,(anonymous_1)
FN:14,(anonymous_2)
FN:23,(anonymous_3)
FN:26,(anonymous_4)
FN:35,(anonymous_5)
FN:40,(anonymous_6)
FN:45,(anonymous_7)
FN:48,(anonymous_8)
FN:51,(anonymous_9)
FNF:10
FNH:10
FNDA:5,(anonymous_0)
FNDA:5,(anonymous_1)
FNDA:9,(anonymous_2)
FNDA:291,(anonymous_3)
FNDA:164,(anonymous_4)
FNDA:122,(anonymous_5)
FNDA:32,(anonymous_6)
FNDA:5,(anonymous_7)
FNDA:187,(anonymous_8)
FNDA:2,(anonymous_9)
DA:1,5
DA:2,5
DA:3,5
DA:4,5
DA:6,0
DA:7,0
DA:11,5
DA:12,5
DA:15,9
DA:16,9
DA:17,9
DA:18,8
DA:19,114
DA:24,291
DA:27,164
DA:28,136
DA:31,28
DA:33,164
DA:36,122
DA:41,32
DA:46,5
DA:49,187
DA:52,2
DA:53,34
DA:54,17
DA:57,17
DA:62,5
DA:63,5
LF:28
LH:26
BRDA:2,0,0,5
BRDA:2,0,1,0
BRDA:2,1,0,5
BRDA:2,1,1,5
BRDA:4,2,0,0
BRDA:4,2,1,5
BRDA:6,3,0,0
BRDA:6,3,1,0
BRDA:6,4,0,0
BRDA:6,4,1,0
BRDA:17,5,0,8
BRDA:17,5,1,1
BRDA:27,6,0,136
BRDA:27,6,1,28
BRDA:27,7,0,164
BRDA:27,7,1,73
BRDA:36,8,0,98
BRDA:36,8,1,24
BRDA:36,9,0,122
BRDA:36,9,1,58
BRDA:41,10,0,26
BRDA:41,10,1,6
BRDA:41,11,0,32
BRDA:41,11,1,8
BRDA:53,12,0,17
BRDA:53,12,1,17
BRF:26
BRH:20
end_of_record
TN:
SF:/home/bogdan/git-repos/eq-collections/dist/HashSet.js
FN:1,(anonymous_0)
FN:9,(anonymous_1)
FN:14,(anonymous_2)
FN:24,(anonymous_3)
FN:33,(anonymous_4)
FN:68,(anonymous_5)
FN:100,(anonymous_6)
FN:140,(anonymous_7)
FN:143,(anonymous_8)
FN:156,(anonymous_9)
FNF:10
FNH:10
FNDA:5,(anonymous_0)
FNDA:5,(anonymous_1)
FNDA:12,(anonymous_2)
FNDA:532,(anonymous_3)
FNDA:347,(anonymous_4)
FNDA:418,(anonymous_5)
FNDA:66,(anonymous_6)
FNDA:7,(anonymous_7)
FNDA:343,(anonymous_8)
FNDA:2,(anonymous_9)
DA:1,5
DA:2,5
DA:3,5
DA:4,5
DA:6,0
DA:7,0
DA:11,5
DA:12,5
DA:15,12
DA:16,12
DA:17,12
DA:18,12
DA:19,11
DA:20,229
DA:25,532
DA:26,532
DA:27,6325
DA:28,4485
DA:31,532
DA:34,347
DA:35,347
DA:36,295
DA:37,295
DA:38,295
DA:39,148
DA:42,147
DA:43,68
DA:44,123
DA:45,51
DA:46,51
DA:51,79
DA:52,267
DA:55,16
DA:56,16
DA:60,80
DA:64,52
DA:66,280
DA:69,418
DA:70,418
DA:71,360
DA:72,360
DA:73,360
DA:74,25
DA:77,335
DA:78,71
DA:79,113
DA:80,69
DA:85,264
DA:86,693
DA:89,159
DA:96,58
DA:98,107
DA:101,66
DA:102,66
DA:103,54
DA:104,54
DA:105,54
DA:106,10
DA:109,44
DA:110,7
DA:111,7
DA:112,6
DA:113,6
DA:114,3
DA:116,6
DA:121,37
DA:122,63
DA:125,23
DA:126,23
DA:127,13
DA:129,23
DA:136,12
DA:138,15
DA:141,7
DA:144,343
DA:145,4014
DA:146,2822
DA:147,2822
DA:148,4405
DA:152,1192
DA:157,2
DA:158,42
DA:159,21
DA:162,21
DA:167,5
DA:168,5
LF:86
LH:84
BRDA:2,0,0,5
BRDA:2,0,1,0
BRDA:2,1,0,5
BRDA:2,1,1,5
BRDA:4,2,0,0
BRDA:4,2,1,5
BRDA:6,3,0,0
BRDA:6,3,1,0
BRDA:6,4,0,0
BRDA:6,4,1,0
BRDA:18,5,0,11
BRDA:18,5,1,1
BRDA:27,6,0,4485
BRDA:27,6,1,1840
BRDA:35,7,0,295
BRDA:35,7,1,52
BRDA:35,8,0,347
BRDA:35,8,1,132
BRDA:36,9,0,144
BRDA:36,9,1,151
BRDA:38,10,0,148
BRDA:38,10,1,147
BRDA:42,11,0,68
BRDA:42,11,1,79
BRDA:42,12,0,147
BRDA:42,12,1,131
BRDA:44,13,0,51
BRDA:44,13,1,72
BRDA:52,14,0,16
BRDA:52,14,1,251
BRDA:52,15,0,267
BRDA:52,15,1,252
BRDA:52,15,2,1
BRDA:70,16,0,360
BRDA:70,16,1,58
BRDA:70,17,0,418
BRDA:70,17,1,111
BRDA:71,18,0,168
BRDA:71,18,1,192
BRDA:73,19,0,25
BRDA:73,19,1,335
BRDA:77,20,0,71
BRDA:77,20,1,264
BRDA:77,21,0,335
BRDA:77,21,1,186
BRDA:79,22,0,69
BRDA:79,22,1,44
BRDA:86,23,0,159
BRDA:86,23,1,534
BRDA:86,24,0,693
BRDA:86,24,1,538
BRDA:86,24,2,4
BRDA:102,25,0,54
BRDA:102,25,1,12
BRDA:102,26,0,66
BRDA:102,26,1,24
BRDA:103,27,0,36
BRDA:103,27,1,18
BRDA:105,28,0,10
BRDA:105,28,1,44
BRDA:109,29,0,7
BRDA:109,29,1,37
BRDA:109,30,0,44
BRDA:109,30,1,17
BRDA:111,31,0,6
BRDA:111,31,1,1
BRDA:113,32,0,3
BRDA:113,32,1,3
BRDA:122,33,0,23
BRDA:122,33,1,40
BRDA:122,34,0,63
BRDA:122,34,1,40
BRDA:122,34,2,0
BRDA:126,35,0,13
BRDA:126,35,1,10
BRDA:145,36,0,2822
BRDA:145,36,1,1192
BRDA:158,37,0,21
BRDA:158,37,1,21
BRF:79
BRH:72
end_of_record
TN:
SF:/home/bogdan/git-repos/eq-collections/dist/index.js
FN:1,(anonymous_0)
FN:9,(anonymous_1)
FNF:2
FNH:2
FNDA:5,(anonymous_0)
FNDA:5,(anonymous_1)
DA:1,5
DA:2,5
DA:3,5
DA:4,5
DA:6,0
DA:7,0
DA:11,5
DA:12,5
DA:13,5
DA:14,5
DA:15,5
DA:16,5
DA:17,5
DA:18,5
DA:19,5
DA:20,5
DA:21,5
LF:17
LH:15
BRDA:2,0,0,5
BRDA:2,0,1,0
BRDA:2,1,0,5
BRDA:2,1,1,5
BRDA:4,2,0,0
BRDA:4,2,1,5
BRDA:6,3,0,0
BRDA:6,3,1,0
BRDA:6,4,0,0
BRDA:6,4,1,0
BRF:10
BRH:4
end_of_record
TN:
SF:/home/bogdan/git-repos/eq-collections/dist/utils.js
FN:1,(anonymous_0)
FN:9,(anonymous_1)
FN:12,isPrimitive
FNF:3
FNH:3
FNDA:5,(anonymous_0)
FNDA:5,(anonymous_1)
FNDA:27579,isPrimitive
DA:1,5
DA:2,5
DA:3,5
DA:4,5
DA:6,0
DA:7,0
DA:11,5
DA:13,27579
DA:14,27579
DA:16,5
LF:10
LH:8
BRDA:2,0,0,5
BRDA:2,0,1,0
BRDA:2,1,0,5
BRDA:2,1,1,5
BRDA:4,2,0,0
BRDA:4,2,1,5
BRDA:6,3,0,0
BRDA:6,3,1,0
BRDA:6,4,0,0
BRDA:6,4,1,0
BRDA:14,5,0,27579
BRDA:14,5,1,17982
BRDA:14,5,2,9597
BRF:13
BRH:7
end_of_record
