{"/home/bogdan/git-repos/eq-collections/dist/HashMap.js": {"path":"/home/bogdan/git-repos/eq-collections/dist/HashMap.js","statementMap":{"0":{"start":{"line":1,"column":0},"end":{"line":185,"column":3}},"1":{"start":{"line":2,"column":4},"end":{"line":8,"column":5}},"2":{"start":{"line":3,"column":16},"end":{"line":3,"column":41}},"3":{"start":{"line":4,"column":8},"end":{"line":4,"column":48}},"4":{"start":{"line":4,"column":29},"end":{"line":4,"column":48}},"5":{"start":{"line":6,"column":9},"end":{"line":8,"column":5}},"6":{"start":{"line":7,"column":8},"end":{"line":7,"column":59}},"7":{"start":{"line":11,"column":4},"end":{"line":11,"column":66}},"8":{"start":{"line":12,"column":20},"end":{"line":12,"column":38}},"9":{"start":{"line":15,"column":12},"end":{"line":15,"column":34}},"10":{"start":{"line":16,"column":12},"end":{"line":16,"column":35}},"11":{"start":{"line":17,"column":12},"end":{"line":17,"column":39}},"12":{"start":{"line":18,"column":12},"end":{"line":18,"column":45}},"13":{"start":{"line":19,"column":12},"end":{"line":23,"column":13}},"14":{"start":{"line":20,"column":16},"end":{"line":22,"column":17}},"15":{"start":{"line":21,"column":20},"end":{"line":21,"column":41}},"16":{"start":{"line":26,"column":23},"end":{"line":26,"column":37}},"17":{"start":{"line":27,"column":12},"end":{"line":31,"column":13}},"18":{"start":{"line":28,"column":16},"end":{"line":30,"column":17}},"19":{"start":{"line":29,"column":20},"end":{"line":29,"column":43}},"20":{"start":{"line":32,"column":12},"end":{"line":32,"column":24}},"21":{"start":{"line":35,"column":35},"end":{"line":35,"column":59}},"22":{"start":{"line":36,"column":12},"end":{"line":56,"column":13}},"23":{"start":{"line":37,"column":29},"end":{"line":37,"column":69}},"24":{"start":{"line":38,"column":31},"end":{"line":38,"column":50}},"25":{"start":{"line":39,"column":16},"end":{"line":52,"column":17}},"26":{"start":{"line":40,"column":20},"end":{"line":40,"column":65}},"27":{"start":{"line":43,"column":20},"end":{"line":50,"column":21}},"28":{"start":{"line":44,"column":24},"end":{"line":49,"column":25}},"29":{"start":{"line":45,"column":28},"end":{"line":48,"column":29}},"30":{"start":{"line":46,"column":32},"end":{"line":46,"column":58}},"31":{"start":{"line":47,"column":32},"end":{"line":47,"column":44}},"32":{"start":{"line":51,"column":20},"end":{"line":51,"column":43}},"33":{"start":{"line":55,"column":16},"end":{"line":55,"column":42}},"34":{"start":{"line":57,"column":12},"end":{"line":57,"column":24}},"35":{"start":{"line":61,"column":35},"end":{"line":61,"column":59}},"36":{"start":{"line":62,"column":12},"end":{"line":80,"column":13}},"37":{"start":{"line":63,"column":29},"end":{"line":63,"column":69}},"38":{"start":{"line":64,"column":31},"end":{"line":64,"column":50}},"39":{"start":{"line":65,"column":16},"end":{"line":76,"column":17}},"40":{"start":{"line":66,"column":20},"end":{"line":75,"column":21}},"41":{"start":{"line":67,"column":24},"end":{"line":71,"column":25}},"42":{"start":{"line":68,"column":28},"end":{"line":70,"column":29}},"43":{"start":{"line":69,"column":32},"end":{"line":69,"column":59}},"44":{"start":{"line":74,"column":24},"end":{"line":74,"column":48}},"45":{"start":{"line":79,"column":16},"end":{"line":79,"column":43}},"46":{"start":{"line":81,"column":12},"end":{"line":81,"column":62}},"47":{"start":{"line":84,"column":35},"end":{"line":84,"column":59}},"48":{"start":{"line":85,"column":12},"end":{"line":104,"column":13}},"49":{"start":{"line":86,"column":29},"end":{"line":86,"column":69}},"50":{"start":{"line":87,"column":31},"end":{"line":87,"column":50}},"51":{"start":{"line":88,"column":16},"end":{"line":99,"column":17}},"52":{"start":{"line":89,"column":20},"end":{"line":98,"column":21}},"53":{"start":{"line":90,"column":24},"end":{"line":94,"column":25}},"54":{"start":{"line":91,"column":28},"end":{"line":93,"column":29}},"55":{"start":{"line":92,"column":32},"end":{"line":92,"column":44}},"56":{"start":{"line":97,"column":24},"end":{"line":97,"column":47}},"57":{"start":{"line":100,"column":16},"end":{"line":100,"column":29}},"58":{"start":{"line":103,"column":16},"end":{"line":103,"column":42}},"59":{"start":{"line":107,"column":35},"end":{"line":107,"column":59}},"60":{"start":{"line":108,"column":12},"end":{"line":135,"column":13}},"61":{"start":{"line":109,"column":29},"end":{"line":109,"column":69}},"62":{"start":{"line":110,"column":31},"end":{"line":110,"column":50}},"63":{"start":{"line":111,"column":16},"end":{"line":130,"column":17}},"64":{"start":{"line":112,"column":20},"end":{"line":129,"column":21}},"65":{"start":{"line":113,"column":24},"end":{"line":121,"column":25}},"66":{"start":{"line":114,"column":28},"end":{"line":120,"column":29}},"67":{"start":{"line":115,"column":32},"end":{"line":115,"column":54}},"68":{"start":{"line":116,"column":32},"end":{"line":118,"column":33}},"69":{"start":{"line":117,"column":36},"end":{"line":117,"column":66}},"70":{"start":{"line":119,"column":32},"end":{"line":119,"column":44}},"71":{"start":{"line":124,"column":40},"end":{"line":124,"column":58}},"72":{"start":{"line":125,"column":24},"end":{"line":127,"column":25}},"73":{"start":{"line":126,"column":28},"end":{"line":126,"column":58}},"74":{"start":{"line":128,"column":24},"end":{"line":128,"column":39}},"75":{"start":{"line":131,"column":16},"end":{"line":131,"column":29}},"76":{"start":{"line":134,"column":16},"end":{"line":134,"column":45}},"77":{"start":{"line":138,"column":12},"end":{"line":138,"column":37}},"78":{"start":{"line":141,"column":12},"end":{"line":159,"column":13}},"79":{"start":{"line":142,"column":16},"end":{"line":158,"column":17}},"80":{"start":{"line":143,"column":35},"end":{"line":143,"column":40}},"81":{"start":{"line":144,"column":20},"end":{"line":150,"column":21}},"82":{"start":{"line":145,"column":24},"end":{"line":145,"column":50}},"83":{"start":{"line":146,"column":24},"end":{"line":148,"column":25}},"84":{"start":{"line":147,"column":28},"end":{"line":147,"column":51}},"85":{"start":{"line":149,"column":24},"end":{"line":149,"column":35}},"86":{"start":{"line":153,"column":33},"end":{"line":153,"column":45}},"87":{"start":{"line":154,"column":20},"end":{"line":156,"column":21}},"88":{"start":{"line":155,"column":24},"end":{"line":155,"column":47}},"89":{"start":{"line":157,"column":20},"end":{"line":157,"column":31}},"90":{"start":{"line":162,"column":28},"end":{"line":162,"column":49}},"91":{"start":{"line":163,"column":12},"end":{"line":170,"column":13}},"92":{"start":{"line":164,"column":16},"end":{"line":169,"column":17}},"93":{"start":{"line":165,"column":20},"end":{"line":165,"column":61}},"94":{"start":{"line":168,"column":20},"end":{"line":168,"column":47}},"95":{"start":{"line":173,"column":12},"end":{"line":175,"column":13}},"96":{"start":{"line":174,"column":16},"end":{"line":174,"column":26}},"97":{"start":{"line":178,"column":12},"end":{"line":180,"column":13}},"98":{"start":{"line":179,"column":16},"end":{"line":179,"column":28}},"99":{"start":{"line":183,"column":4},"end":{"line":183,"column":30}},"100":{"start":{"line":184,"column":4},"end":{"line":184,"column":67}}},"fnMap":{"0":{"name":"(anonymous_0)","decl":{"start":{"line":1,"column":1},"end":{"line":1,"column":2}},"loc":{"start":{"line":1,"column":20},"end":{"line":9,"column":1}},"line":1},"1":{"name":"(anonymous_1)","decl":{"start":{"line":9,"column":3},"end":{"line":9,"column":4}},"loc":{"start":{"line":9,"column":31},"end":{"line":185,"column":1}},"line":9},"2":{"name":"(anonymous_2)","decl":{"start":{"line":14,"column":8},"end":{"line":14,"column":9}},"loc":{"start":{"line":14,"column":63},"end":{"line":24,"column":9}},"line":14},"3":{"name":"(anonymous_3)","decl":{"start":{"line":25,"column":8},"end":{"line":25,"column":9}},"loc":{"start":{"line":25,"column":19},"end":{"line":33,"column":9}},"line":25},"4":{"name":"(anonymous_4)","decl":{"start":{"line":34,"column":8},"end":{"line":34,"column":9}},"loc":{"start":{"line":34,"column":24},"end":{"line":58,"column":9}},"line":34},"5":{"name":"(anonymous_5)","decl":{"start":{"line":59,"column":8},"end":{"line":59,"column":9}},"loc":{"start":{"line":59,"column":51},"end":{"line":82,"column":9}},"line":59},"6":{"name":"(anonymous_6)","decl":{"start":{"line":83,"column":8},"end":{"line":83,"column":9}},"loc":{"start":{"line":83,"column":17},"end":{"line":105,"column":9}},"line":83},"7":{"name":"(anonymous_7)","decl":{"start":{"line":106,"column":8},"end":{"line":106,"column":9}},"loc":{"start":{"line":106,"column":22},"end":{"line":136,"column":9}},"line":106},"8":{"name":"(anonymous_8)","decl":{"start":{"line":137,"column":8},"end":{"line":137,"column":9}},"loc":{"start":{"line":137,"column":16},"end":{"line":139,"column":9}},"line":137},"9":{"name":"(anonymous_9)","decl":{"start":{"line":140,"column":8},"end":{"line":140,"column":9}},"loc":{"start":{"line":140,"column":71},"end":{"line":160,"column":9}},"line":140},"10":{"name":"(anonymous_10)","decl":{"start":{"line":161,"column":8},"end":{"line":161,"column":9}},"loc":{"start":{"line":161,"column":35},"end":{"line":171,"column":9}},"line":161},"11":{"name":"(anonymous_11)","decl":{"start":{"line":172,"column":8},"end":{"line":172,"column":9}},"loc":{"start":{"line":172,"column":16},"end":{"line":176,"column":9}},"line":172},"12":{"name":"(anonymous_12)","decl":{"start":{"line":177,"column":8},"end":{"line":177,"column":9}},"loc":{"start":{"line":177,"column":70},"end":{"line":181,"column":9}},"line":177}},"branchMap":{"0":{"loc":{"start":{"line":2,"column":4},"end":{"line":8,"column":5}},"type":"if","locations":[{"start":{"line":2,"column":4},"end":{"line":8,"column":5}},{"start":{"line":2,"column":4},"end":{"line":8,"column":5}}],"line":2},"1":{"loc":{"start":{"line":2,"column":8},"end":{"line":2,"column":72}},"type":"binary-expr","locations":[{"start":{"line":2,"column":8},"end":{"line":2,"column":34}},{"start":{"line":2,"column":38},"end":{"line":2,"column":72}}],"line":2},"2":{"loc":{"start":{"line":4,"column":8},"end":{"line":4,"column":48}},"type":"if","locations":[{"start":{"line":4,"column":8},"end":{"line":4,"column":48}},{"start":{"line":4,"column":8},"end":{"line":4,"column":48}}],"line":4},"3":{"loc":{"start":{"line":6,"column":9},"end":{"line":8,"column":5}},"type":"if","locations":[{"start":{"line":6,"column":9},"end":{"line":8,"column":5}},{"start":{"line":6,"column":9},"end":{"line":8,"column":5}}],"line":6},"4":{"loc":{"start":{"line":6,"column":13},"end":{"line":6,"column":55}},"type":"binary-expr","locations":[{"start":{"line":6,"column":13},"end":{"line":6,"column":41}},{"start":{"line":6,"column":45},"end":{"line":6,"column":55}}],"line":6},"5":{"loc":{"start":{"line":19,"column":12},"end":{"line":23,"column":13}},"type":"if","locations":[{"start":{"line":19,"column":12},"end":{"line":23,"column":13}},{"start":{"line":19,"column":12},"end":{"line":23,"column":13}}],"line":19},"6":{"loc":{"start":{"line":28,"column":16},"end":{"line":30,"column":17}},"type":"if","locations":[{"start":{"line":28,"column":16},"end":{"line":30,"column":17}},{"start":{"line":28,"column":16},"end":{"line":30,"column":17}}],"line":28},"7":{"loc":{"start":{"line":36,"column":12},"end":{"line":56,"column":13}},"type":"if","locations":[{"start":{"line":36,"column":12},"end":{"line":56,"column":13}},{"start":{"line":36,"column":12},"end":{"line":56,"column":13}}],"line":36},"8":{"loc":{"start":{"line":36,"column":16},"end":{"line":36,"column":46}},"type":"binary-expr","locations":[{"start":{"line":36,"column":16},"end":{"line":36,"column":28}},{"start":{"line":36,"column":32},"end":{"line":36,"column":46}}],"line":36},"9":{"loc":{"start":{"line":37,"column":29},"end":{"line":37,"column":69}},"type":"cond-expr","locations":[{"start":{"line":37,"column":46},"end":{"line":37,"column":49}},{"start":{"line":37,"column":52},"end":{"line":37,"column":69}}],"line":37},"10":{"loc":{"start":{"line":39,"column":16},"end":{"line":52,"column":17}},"type":"if","locations":[{"start":{"line":39,"column":16},"end":{"line":52,"column":17}},{"start":{"line":39,"column":16},"end":{"line":52,"column":17}}],"line":39},"11":{"loc":{"start":{"line":43,"column":20},"end":{"line":50,"column":21}},"type":"if","locations":[{"start":{"line":43,"column":20},"end":{"line":50,"column":21}},{"start":{"line":43,"column":20},"end":{"line":50,"column":21}}],"line":43},"12":{"loc":{"start":{"line":43,"column":24},"end":{"line":43,"column":57}},"type":"binary-expr","locations":[{"start":{"line":43,"column":24},"end":{"line":43,"column":39}},{"start":{"line":43,"column":43},"end":{"line":43,"column":57}}],"line":43},"13":{"loc":{"start":{"line":45,"column":28},"end":{"line":48,"column":29}},"type":"if","locations":[{"start":{"line":45,"column":28},"end":{"line":48,"column":29}},{"start":{"line":45,"column":28},"end":{"line":48,"column":29}}],"line":45},"14":{"loc":{"start":{"line":59,"column":17},"end":{"line":59,"column":49}},"type":"default-arg","locations":[{"start":{"line":59,"column":32},"end":{"line":59,"column":49}}],"line":59},"15":{"loc":{"start":{"line":62,"column":12},"end":{"line":80,"column":13}},"type":"if","locations":[{"start":{"line":62,"column":12},"end":{"line":80,"column":13}},{"start":{"line":62,"column":12},"end":{"line":80,"column":13}}],"line":62},"16":{"loc":{"start":{"line":62,"column":16},"end":{"line":62,"column":46}},"type":"binary-expr","locations":[{"start":{"line":62,"column":16},"end":{"line":62,"column":28}},{"start":{"line":62,"column":32},"end":{"line":62,"column":46}}],"line":62},"17":{"loc":{"start":{"line":63,"column":29},"end":{"line":63,"column":69}},"type":"cond-expr","locations":[{"start":{"line":63,"column":46},"end":{"line":63,"column":49}},{"start":{"line":63,"column":52},"end":{"line":63,"column":69}}],"line":63},"18":{"loc":{"start":{"line":65,"column":16},"end":{"line":76,"column":17}},"type":"if","locations":[{"start":{"line":65,"column":16},"end":{"line":76,"column":17}},{"start":{"line":65,"column":16},"end":{"line":76,"column":17}}],"line":65},"19":{"loc":{"start":{"line":66,"column":20},"end":{"line":75,"column":21}},"type":"if","locations":[{"start":{"line":66,"column":20},"end":{"line":75,"column":21}},{"start":{"line":66,"column":20},"end":{"line":75,"column":21}}],"line":66},"20":{"loc":{"start":{"line":66,"column":24},"end":{"line":66,"column":57}},"type":"binary-expr","locations":[{"start":{"line":66,"column":24},"end":{"line":66,"column":39}},{"start":{"line":66,"column":43},"end":{"line":66,"column":57}}],"line":66},"21":{"loc":{"start":{"line":68,"column":28},"end":{"line":70,"column":29}},"type":"if","locations":[{"start":{"line":68,"column":28},"end":{"line":70,"column":29}},{"start":{"line":68,"column":28},"end":{"line":70,"column":29}}],"line":68},"22":{"loc":{"start":{"line":81,"column":19},"end":{"line":81,"column":61}},"type":"cond-expr","locations":[{"start":{"line":81,"column":41},"end":{"line":81,"column":46}},{"start":{"line":81,"column":49},"end":{"line":81,"column":61}}],"line":81},"23":{"loc":{"start":{"line":85,"column":12},"end":{"line":104,"column":13}},"type":"if","locations":[{"start":{"line":85,"column":12},"end":{"line":104,"column":13}},{"start":{"line":85,"column":12},"end":{"line":104,"column":13}}],"line":85},"24":{"loc":{"start":{"line":85,"column":16},"end":{"line":85,"column":46}},"type":"binary-expr","locations":[{"start":{"line":85,"column":16},"end":{"line":85,"column":28}},{"start":{"line":85,"column":32},"end":{"line":85,"column":46}}],"line":85},"25":{"loc":{"start":{"line":86,"column":29},"end":{"line":86,"column":69}},"type":"cond-expr","locations":[{"start":{"line":86,"column":46},"end":{"line":86,"column":49}},{"start":{"line":86,"column":52},"end":{"line":86,"column":69}}],"line":86},"26":{"loc":{"start":{"line":88,"column":16},"end":{"line":99,"column":17}},"type":"if","locations":[{"start":{"line":88,"column":16},"end":{"line":99,"column":17}},{"start":{"line":88,"column":16},"end":{"line":99,"column":17}}],"line":88},"27":{"loc":{"start":{"line":89,"column":20},"end":{"line":98,"column":21}},"type":"if","locations":[{"start":{"line":89,"column":20},"end":{"line":98,"column":21}},{"start":{"line":89,"column":20},"end":{"line":98,"column":21}}],"line":89},"28":{"loc":{"start":{"line":89,"column":24},"end":{"line":89,"column":57}},"type":"binary-expr","locations":[{"start":{"line":89,"column":24},"end":{"line":89,"column":39}},{"start":{"line":89,"column":43},"end":{"line":89,"column":57}}],"line":89},"29":{"loc":{"start":{"line":91,"column":28},"end":{"line":93,"column":29}},"type":"if","locations":[{"start":{"line":91,"column":28},"end":{"line":93,"column":29}},{"start":{"line":91,"column":28},"end":{"line":93,"column":29}}],"line":91},"30":{"loc":{"start":{"line":108,"column":12},"end":{"line":135,"column":13}},"type":"if","locations":[{"start":{"line":108,"column":12},"end":{"line":135,"column":13}},{"start":{"line":108,"column":12},"end":{"line":135,"column":13}}],"line":108},"31":{"loc":{"start":{"line":108,"column":16},"end":{"line":108,"column":46}},"type":"binary-expr","locations":[{"start":{"line":108,"column":16},"end":{"line":108,"column":28}},{"start":{"line":108,"column":32},"end":{"line":108,"column":46}}],"line":108},"32":{"loc":{"start":{"line":109,"column":29},"end":{"line":109,"column":69}},"type":"cond-expr","locations":[{"start":{"line":109,"column":46},"end":{"line":109,"column":49}},{"start":{"line":109,"column":52},"end":{"line":109,"column":69}}],"line":109},"33":{"loc":{"start":{"line":111,"column":16},"end":{"line":130,"column":17}},"type":"if","locations":[{"start":{"line":111,"column":16},"end":{"line":130,"column":17}},{"start":{"line":111,"column":16},"end":{"line":130,"column":17}}],"line":111},"34":{"loc":{"start":{"line":112,"column":20},"end":{"line":129,"column":21}},"type":"if","locations":[{"start":{"line":112,"column":20},"end":{"line":129,"column":21}},{"start":{"line":112,"column":20},"end":{"line":129,"column":21}}],"line":112},"35":{"loc":{"start":{"line":112,"column":24},"end":{"line":112,"column":57}},"type":"binary-expr","locations":[{"start":{"line":112,"column":24},"end":{"line":112,"column":39}},{"start":{"line":112,"column":43},"end":{"line":112,"column":57}}],"line":112},"36":{"loc":{"start":{"line":114,"column":28},"end":{"line":120,"column":29}},"type":"if","locations":[{"start":{"line":114,"column":28},"end":{"line":120,"column":29}},{"start":{"line":114,"column":28},"end":{"line":120,"column":29}}],"line":114},"37":{"loc":{"start":{"line":116,"column":32},"end":{"line":118,"column":33}},"type":"if","locations":[{"start":{"line":116,"column":32},"end":{"line":118,"column":33}},{"start":{"line":116,"column":32},"end":{"line":118,"column":33}}],"line":116},"38":{"loc":{"start":{"line":125,"column":24},"end":{"line":127,"column":25}},"type":"if","locations":[{"start":{"line":125,"column":24},"end":{"line":127,"column":25}},{"start":{"line":125,"column":24},"end":{"line":127,"column":25}}],"line":125},"39":{"loc":{"start":{"line":140,"column":17},"end":{"line":140,"column":35}},"type":"default-arg","locations":[{"start":{"line":140,"column":30},"end":{"line":140,"column":35}}],"line":140},"40":{"loc":{"start":{"line":140,"column":37},"end":{"line":140,"column":69}},"type":"default-arg","locations":[{"start":{"line":140,"column":52},"end":{"line":140,"column":69}}],"line":140},"41":{"loc":{"start":{"line":142,"column":16},"end":{"line":158,"column":17}},"type":"if","locations":[{"start":{"line":142,"column":16},"end":{"line":158,"column":17}},{"start":{"line":142,"column":16},"end":{"line":158,"column":17}}],"line":142},"42":{"loc":{"start":{"line":146,"column":24},"end":{"line":148,"column":25}},"type":"if","locations":[{"start":{"line":146,"column":24},"end":{"line":148,"column":25}},{"start":{"line":146,"column":24},"end":{"line":148,"column":25}}],"line":146},"43":{"loc":{"start":{"line":146,"column":28},"end":{"line":146,"column":63}},"type":"binary-expr","locations":[{"start":{"line":146,"column":28},"end":{"line":146,"column":38}},{"start":{"line":146,"column":42},"end":{"line":146,"column":63}}],"line":146},"44":{"loc":{"start":{"line":154,"column":20},"end":{"line":156,"column":21}},"type":"if","locations":[{"start":{"line":154,"column":20},"end":{"line":156,"column":21}},{"start":{"line":154,"column":20},"end":{"line":156,"column":21}}],"line":154},"45":{"loc":{"start":{"line":154,"column":24},"end":{"line":154,"column":59}},"type":"binary-expr","locations":[{"start":{"line":154,"column":24},"end":{"line":154,"column":34}},{"start":{"line":154,"column":38},"end":{"line":154,"column":59}}],"line":154},"46":{"loc":{"start":{"line":164,"column":16},"end":{"line":169,"column":17}},"type":"if","locations":[{"start":{"line":164,"column":16},"end":{"line":169,"column":17}},{"start":{"line":164,"column":16},"end":{"line":169,"column":17}}],"line":164},"47":{"loc":{"start":{"line":177,"column":16},"end":{"line":177,"column":34}},"type":"default-arg","locations":[{"start":{"line":177,"column":29},"end":{"line":177,"column":34}}],"line":177},"48":{"loc":{"start":{"line":177,"column":36},"end":{"line":177,"column":68}},"type":"default-arg","locations":[{"start":{"line":177,"column":51},"end":{"line":177,"column":68}}],"line":177}},"s":{"0":5,"1":5,"2":5,"3":5,"4":0,"5":0,"6":0,"7":5,"8":5,"9":16,"10":16,"11":16,"12":16,"13":16,"14":15,"15":278,"16":504,"17":504,"18":5506,"19":3159,"20":504,"21":422,"22":422,"23":344,"24":344,"25":344,"26":170,"27":174,"28":71,"29":126,"30":51,"31":51,"32":123,"33":78,"34":371,"35":215,"36":215,"37":166,"38":166,"39":166,"40":157,"41":13,"42":38,"43":13,"44":144,"45":49,"46":215,"47":409,"48":409,"49":352,"50":352,"51":352,"52":329,"53":71,"54":114,"55":69,"56":258,"57":25,"58":57,"59":67,"60":67,"61":54,"62":54,"63":54,"64":45,"65":7,"66":7,"67":6,"68":6,"69":3,"70":3,"71":38,"72":38,"73":12,"74":26,"75":10,"76":13,"77":7,"78":312,"79":3295,"80":1739,"81":1739,"82":2954,"83":2954,"84":30,"85":2954,"86":1556,"87":1556,"88":26,"89":1556,"90":0,"91":0,"92":0,"93":0,"94":0,"95":1,"96":20,"97":1,"98":20,"99":5,"100":5},"f":{"0":5,"1":5,"2":16,"3":504,"4":422,"5":215,"6":409,"7":67,"8":7,"9":312,"10":0,"11":1,"12":1},"b":{"0":[5,0],"1":[5,5],"2":[0,5],"3":[0,0],"4":[0,0],"5":[15,1],"6":[3159,2347],"7":[344,78],"8":[422,198],"9":[180,164],"10":[170,174],"11":[71,103],"12":[174,144],"13":[51,75],"14":[203],"15":[166,49],"16":[215,98],"17":[79,87],"18":[157,9],"19":[13,144],"20":[157,78],"21":[13,25],"22":[185,30],"23":[352,57],"24":[409,104],"25":[160,192],"26":[329,23],"27":[71,258],"28":[329,186],"29":[69,45],"30":[54,13],"31":[67,25],"32":[36,18],"33":[45,9],"34":[7,38],"35":[45,17],"36":[6,1],"37":[3,3],"38":[12,26],"39":[307],"40":[310],"41":[1739,1556],"42":[30,2924],"43":[2954,30],"44":[26,1530],"45":[1556,26],"46":[0,0],"47":[1],"48":[1]},"_coverageSchema":"332fd63041d2c1bcb487cc26dd0d5f7d97098a6c","hash":"043aee73c0bd1df3eae9c105ca84e10c514cbd97"}
,"/home/bogdan/git-repos/eq-collections/dist/HashOnlyMap.js": {"path":"/home/bogdan/git-repos/eq-collections/dist/HashOnlyMap.js","statementMap":{"0":{"start":{"line":1,"column":0},"end":{"line":101,"column":3}},"1":{"start":{"line":2,"column":4},"end":{"line":8,"column":5}},"2":{"start":{"line":3,"column":16},"end":{"line":3,"column":41}},"3":{"start":{"line":4,"column":8},"end":{"line":4,"column":48}},"4":{"start":{"line":4,"column":29},"end":{"line":4,"column":48}},"5":{"start":{"line":6,"column":9},"end":{"line":8,"column":5}},"6":{"start":{"line":7,"column":8},"end":{"line":7,"column":59}},"7":{"start":{"line":11,"column":4},"end":{"line":11,"column":66}},"8":{"start":{"line":12,"column":20},"end":{"line":12,"column":38}},"9":{"start":{"line":15,"column":12},"end":{"line":15,"column":34}},"10":{"start":{"line":16,"column":12},"end":{"line":16,"column":35}},"11":{"start":{"line":17,"column":12},"end":{"line":17,"column":45}},"12":{"start":{"line":18,"column":12},"end":{"line":22,"column":13}},"13":{"start":{"line":19,"column":16},"end":{"line":21,"column":17}},"14":{"start":{"line":20,"column":20},"end":{"line":20,"column":41}},"15":{"start":{"line":25,"column":12},"end":{"line":25,"column":34}},"16":{"start":{"line":28,"column":25},"end":{"line":28,"column":37}},"17":{"start":{"line":29,"column":35},"end":{"line":29,"column":59}},"18":{"start":{"line":30,"column":12},"end":{"line":35,"column":13}},"19":{"start":{"line":31,"column":16},"end":{"line":31,"column":78}},"20":{"start":{"line":34,"column":16},"end":{"line":34,"column":44}},"21":{"start":{"line":36,"column":12},"end":{"line":36,"column":24}},"22":{"start":{"line":39,"column":26},"end":{"line":39,"column":44}},"23":{"start":{"line":40,"column":12},"end":{"line":40,"column":62}},"24":{"start":{"line":43,"column":26},"end":{"line":43,"column":44}},"25":{"start":{"line":44,"column":12},"end":{"line":44,"column":39}},"26":{"start":{"line":47,"column":12},"end":{"line":49,"column":37}},"27":{"start":{"line":52,"column":12},"end":{"line":52,"column":37}},"28":{"start":{"line":55,"column":12},"end":{"line":67,"column":13}},"29":{"start":{"line":57,"column":16},"end":{"line":62,"column":17}},"30":{"start":{"line":58,"column":20},"end":{"line":58,"column":38}},"31":{"start":{"line":61,"column":20},"end":{"line":61,"column":40}},"32":{"start":{"line":63,"column":16},"end":{"line":65,"column":17}},"33":{"start":{"line":64,"column":20},"end":{"line":64,"column":43}},"34":{"start":{"line":66,"column":16},"end":{"line":66,"column":27}},"35":{"start":{"line":70,"column":28},"end":{"line":70,"column":49}},"36":{"start":{"line":71,"column":12},"end":{"line":78,"column":13}},"37":{"start":{"line":72,"column":16},"end":{"line":77,"column":17}},"38":{"start":{"line":73,"column":20},"end":{"line":73,"column":61}},"39":{"start":{"line":76,"column":20},"end":{"line":76,"column":47}},"40":{"start":{"line":81,"column":12},"end":{"line":83,"column":13}},"41":{"start":{"line":82,"column":16},"end":{"line":82,"column":26}},"42":{"start":{"line":86,"column":12},"end":{"line":88,"column":13}},"43":{"start":{"line":87,"column":16},"end":{"line":87,"column":28}},"44":{"start":{"line":91,"column":35},"end":{"line":91,"column":59}},"45":{"start":{"line":92,"column":32},"end":{"line":92,"column":62}},"46":{"start":{"line":93,"column":26},"end":{"line":95,"column":36}},"47":{"start":{"line":96,"column":12},"end":{"line":96,"column":73}},"48":{"start":{"line":99,"column":4},"end":{"line":99,"column":38}},"49":{"start":{"line":100,"column":4},"end":{"line":100,"column":75}}},"fnMap":{"0":{"name":"(anonymous_0)","decl":{"start":{"line":1,"column":1},"end":{"line":1,"column":2}},"loc":{"start":{"line":1,"column":20},"end":{"line":9,"column":1}},"line":1},"1":{"name":"(anonymous_1)","decl":{"start":{"line":9,"column":3},"end":{"line":9,"column":4}},"loc":{"start":{"line":9,"column":31},"end":{"line":101,"column":1}},"line":9},"2":{"name":"(anonymous_2)","decl":{"start":{"line":14,"column":8},"end":{"line":14,"column":9}},"loc":{"start":{"line":14,"column":52},"end":{"line":23,"column":9}},"line":14},"3":{"name":"(anonymous_3)","decl":{"start":{"line":24,"column":8},"end":{"line":24,"column":9}},"loc":{"start":{"line":24,"column":19},"end":{"line":26,"column":9}},"line":24},"4":{"name":"(anonymous_4)","decl":{"start":{"line":27,"column":8},"end":{"line":27,"column":9}},"loc":{"start":{"line":27,"column":24},"end":{"line":37,"column":9}},"line":27},"5":{"name":"(anonymous_5)","decl":{"start":{"line":38,"column":8},"end":{"line":38,"column":9}},"loc":{"start":{"line":38,"column":51},"end":{"line":41,"column":9}},"line":38},"6":{"name":"(anonymous_6)","decl":{"start":{"line":42,"column":8},"end":{"line":42,"column":9}},"loc":{"start":{"line":42,"column":17},"end":{"line":45,"column":9}},"line":42},"7":{"name":"(anonymous_7)","decl":{"start":{"line":46,"column":8},"end":{"line":46,"column":9}},"loc":{"start":{"line":46,"column":22},"end":{"line":50,"column":9}},"line":46},"8":{"name":"(anonymous_8)","decl":{"start":{"line":51,"column":8},"end":{"line":51,"column":9}},"loc":{"start":{"line":51,"column":16},"end":{"line":53,"column":9}},"line":51},"9":{"name":"(anonymous_9)","decl":{"start":{"line":54,"column":8},"end":{"line":54,"column":9}},"loc":{"start":{"line":54,"column":71},"end":{"line":68,"column":9}},"line":54},"10":{"name":"(anonymous_10)","decl":{"start":{"line":69,"column":8},"end":{"line":69,"column":9}},"loc":{"start":{"line":69,"column":35},"end":{"line":79,"column":9}},"line":69},"11":{"name":"(anonymous_11)","decl":{"start":{"line":80,"column":8},"end":{"line":80,"column":9}},"loc":{"start":{"line":80,"column":16},"end":{"line":84,"column":9}},"line":80},"12":{"name":"(anonymous_12)","decl":{"start":{"line":85,"column":8},"end":{"line":85,"column":9}},"loc":{"start":{"line":85,"column":70},"end":{"line":89,"column":9}},"line":85},"13":{"name":"(anonymous_13)","decl":{"start":{"line":90,"column":8},"end":{"line":90,"column":9}},"loc":{"start":{"line":90,"column":22},"end":{"line":97,"column":9}},"line":90}},"branchMap":{"0":{"loc":{"start":{"line":2,"column":4},"end":{"line":8,"column":5}},"type":"if","locations":[{"start":{"line":2,"column":4},"end":{"line":8,"column":5}},{"start":{"line":2,"column":4},"end":{"line":8,"column":5}}],"line":2},"1":{"loc":{"start":{"line":2,"column":8},"end":{"line":2,"column":72}},"type":"binary-expr","locations":[{"start":{"line":2,"column":8},"end":{"line":2,"column":34}},{"start":{"line":2,"column":38},"end":{"line":2,"column":72}}],"line":2},"2":{"loc":{"start":{"line":4,"column":8},"end":{"line":4,"column":48}},"type":"if","locations":[{"start":{"line":4,"column":8},"end":{"line":4,"column":48}},{"start":{"line":4,"column":8},"end":{"line":4,"column":48}}],"line":4},"3":{"loc":{"start":{"line":6,"column":9},"end":{"line":8,"column":5}},"type":"if","locations":[{"start":{"line":6,"column":9},"end":{"line":8,"column":5}},{"start":{"line":6,"column":9},"end":{"line":8,"column":5}}],"line":6},"4":{"loc":{"start":{"line":6,"column":13},"end":{"line":6,"column":55}},"type":"binary-expr","locations":[{"start":{"line":6,"column":13},"end":{"line":6,"column":41}},{"start":{"line":6,"column":45},"end":{"line":6,"column":55}}],"line":6},"5":{"loc":{"start":{"line":18,"column":12},"end":{"line":22,"column":13}},"type":"if","locations":[{"start":{"line":18,"column":12},"end":{"line":22,"column":13}},{"start":{"line":18,"column":12},"end":{"line":22,"column":13}}],"line":18},"6":{"loc":{"start":{"line":30,"column":12},"end":{"line":35,"column":13}},"type":"if","locations":[{"start":{"line":30,"column":12},"end":{"line":35,"column":13}},{"start":{"line":30,"column":12},"end":{"line":35,"column":13}}],"line":30},"7":{"loc":{"start":{"line":30,"column":16},"end":{"line":30,"column":46}},"type":"binary-expr","locations":[{"start":{"line":30,"column":16},"end":{"line":30,"column":28}},{"start":{"line":30,"column":32},"end":{"line":30,"column":46}}],"line":30},"8":{"loc":{"start":{"line":31,"column":30},"end":{"line":31,"column":70}},"type":"cond-expr","locations":[{"start":{"line":31,"column":47},"end":{"line":31,"column":50}},{"start":{"line":31,"column":53},"end":{"line":31,"column":70}}],"line":31},"9":{"loc":{"start":{"line":38,"column":17},"end":{"line":38,"column":49}},"type":"default-arg","locations":[{"start":{"line":38,"column":32},"end":{"line":38,"column":49}}],"line":38},"10":{"loc":{"start":{"line":40,"column":19},"end":{"line":40,"column":61}},"type":"cond-expr","locations":[{"start":{"line":40,"column":41},"end":{"line":40,"column":46}},{"start":{"line":40,"column":49},"end":{"line":40,"column":61}}],"line":40},"11":{"loc":{"start":{"line":47,"column":36},"end":{"line":49,"column":35}},"type":"cond-expr","locations":[{"start":{"line":48,"column":18},"end":{"line":48,"column":21}},{"start":{"line":49,"column":18},"end":{"line":49,"column":35}}],"line":47},"12":{"loc":{"start":{"line":47,"column":36},"end":{"line":47,"column":77}},"type":"binary-expr","locations":[{"start":{"line":47,"column":36},"end":{"line":47,"column":49}},{"start":{"line":47,"column":53},"end":{"line":47,"column":77}}],"line":47},"13":{"loc":{"start":{"line":54,"column":17},"end":{"line":54,"column":35}},"type":"default-arg","locations":[{"start":{"line":54,"column":30},"end":{"line":54,"column":35}}],"line":54},"14":{"loc":{"start":{"line":54,"column":37},"end":{"line":54,"column":69}},"type":"default-arg","locations":[{"start":{"line":54,"column":52},"end":{"line":54,"column":69}}],"line":54},"15":{"loc":{"start":{"line":57,"column":16},"end":{"line":62,"column":17}},"type":"if","locations":[{"start":{"line":57,"column":16},"end":{"line":62,"column":17}},{"start":{"line":57,"column":16},"end":{"line":62,"column":17}}],"line":57},"16":{"loc":{"start":{"line":63,"column":16},"end":{"line":65,"column":17}},"type":"if","locations":[{"start":{"line":63,"column":16},"end":{"line":65,"column":17}},{"start":{"line":63,"column":16},"end":{"line":65,"column":17}}],"line":63},"17":{"loc":{"start":{"line":63,"column":20},"end":{"line":63,"column":55}},"type":"binary-expr","locations":[{"start":{"line":63,"column":20},"end":{"line":63,"column":30}},{"start":{"line":63,"column":34},"end":{"line":63,"column":55}}],"line":63},"18":{"loc":{"start":{"line":72,"column":16},"end":{"line":77,"column":17}},"type":"if","locations":[{"start":{"line":72,"column":16},"end":{"line":77,"column":17}},{"start":{"line":72,"column":16},"end":{"line":77,"column":17}}],"line":72},"19":{"loc":{"start":{"line":85,"column":16},"end":{"line":85,"column":34}},"type":"default-arg","locations":[{"start":{"line":85,"column":29},"end":{"line":85,"column":34}}],"line":85},"20":{"loc":{"start":{"line":85,"column":36},"end":{"line":85,"column":68}},"type":"default-arg","locations":[{"start":{"line":85,"column":51},"end":{"line":85,"column":68}}],"line":85},"21":{"loc":{"start":{"line":92,"column":32},"end":{"line":92,"column":62}},"type":"binary-expr","locations":[{"start":{"line":92,"column":32},"end":{"line":92,"column":44}},{"start":{"line":92,"column":48},"end":{"line":92,"column":62}}],"line":92},"22":{"loc":{"start":{"line":93,"column":26},"end":{"line":95,"column":36}},"type":"cond-expr","locations":[{"start":{"line":94,"column":18},"end":{"line":94,"column":73}},{"start":{"line":95,"column":18},"end":{"line":95,"column":36}}],"line":93},"23":{"loc":{"start":{"line":94,"column":32},"end":{"line":94,"column":72}},"type":"cond-expr","locations":[{"start":{"line":94,"column":49},"end":{"line":94,"column":52}},{"start":{"line":94,"column":55},"end":{"line":94,"column":72}}],"line":94},"24":{"loc":{"start":{"line":96,"column":19},"end":{"line":96,"column":72}},"type":"cond-expr","locations":[{"start":{"line":96,"column":56},"end":{"line":96,"column":64}},{"start":{"line":96,"column":67},"end":{"line":96,"column":72}}],"line":96},"25":{"loc":{"start":{"line":96,"column":19},"end":{"line":96,"column":53}},"type":"binary-expr","locations":[{"start":{"line":96,"column":19},"end":{"line":96,"column":38}},{"start":{"line":96,"column":42},"end":{"line":96,"column":53}}],"line":96}},"s":{"0":5,"1":5,"2":5,"3":5,"4":0,"5":0,"6":0,"7":5,"8":5,"9":13,"10":13,"11":13,"12":13,"13":12,"14":152,"15":264,"16":221,"17":221,"18":221,"19":197,"20":24,"21":221,"22":114,"23":114,"24":113,"25":113,"26":33,"27":5,"28":158,"29":1569,"30":1417,"31":152,"32":1569,"33":38,"34":1569,"35":0,"36":0,"37":0,"38":0,"39":0,"40":1,"41":17,"42":1,"43":17,"44":227,"45":227,"46":227,"47":227,"48":5,"49":5},"f":{"0":5,"1":5,"2":13,"3":264,"4":221,"5":114,"6":113,"7":33,"8":5,"9":158,"10":0,"11":1,"12":1,"13":227},"b":{"0":[5,0],"1":[5,5],"2":[0,5],"3":[0,0],"4":[0,0],"5":[12,1],"6":[197,24],"7":[221,144],"8":[165,32],"9":[102],"10":[84,30],"11":[27,6],"12":[33,8],"13":[153],"14":[156],"15":[1417,152],"16":[38,1531],"17":[1569,38],"18":[0,0],"19":[1],"20":[1],"21":[227,135],"22":[179,48],"23":[134,45],"24":[154,73],"25":[227,168]},"_coverageSchema":"332fd63041d2c1bcb487cc26dd0d5f7d97098a6c","hash":"d5994c4c1ed3f2a2ce437a933a3ab178daf0c4bf"}
,"/home/bogdan/git-repos/eq-collections/dist/HashOnlySet.js": {"path":"/home/bogdan/git-repos/eq-collections/dist/HashOnlySet.js","statementMap":{"0":{"start":{"line":1,"column":0},"end":{"line":68,"column":3}},"1":{"start":{"line":2,"column":4},"end":{"line":8,"column":5}},"2":{"start":{"line":3,"column":16},"end":{"line":3,"column":41}},"3":{"start":{"line":4,"column":8},"end":{"line":4,"column":48}},"4":{"start":{"line":4,"column":29},"end":{"line":4,"column":48}},"5":{"start":{"line":6,"column":9},"end":{"line":8,"column":5}},"6":{"start":{"line":7,"column":8},"end":{"line":7,"column":59}},"7":{"start":{"line":11,"column":4},"end":{"line":11,"column":66}},"8":{"start":{"line":12,"column":20},"end":{"line":12,"column":38}},"9":{"start":{"line":15,"column":12},"end":{"line":15,"column":34}},"10":{"start":{"line":16,"column":12},"end":{"line":16,"column":39}},"11":{"start":{"line":17,"column":12},"end":{"line":21,"column":13}},"12":{"start":{"line":18,"column":16},"end":{"line":20,"column":17}},"13":{"start":{"line":19,"column":20},"end":{"line":19,"column":36}},"14":{"start":{"line":24,"column":12},"end":{"line":24,"column":34}},"15":{"start":{"line":27,"column":12},"end":{"line":32,"column":13}},"16":{"start":{"line":28,"column":16},"end":{"line":28,"column":44}},"17":{"start":{"line":31,"column":16},"end":{"line":31,"column":60}},"18":{"start":{"line":33,"column":12},"end":{"line":33,"column":24}},"19":{"start":{"line":36,"column":12},"end":{"line":38,"column":41}},"20":{"start":{"line":41,"column":12},"end":{"line":43,"column":41}},"21":{"start":{"line":46,"column":12},"end":{"line":46,"column":37}},"22":{"start":{"line":49,"column":12},"end":{"line":49,"column":38}},"23":{"start":{"line":52,"column":28},"end":{"line":52,"column":49}},"24":{"start":{"line":53,"column":12},"end":{"line":60,"column":13}},"25":{"start":{"line":54,"column":16},"end":{"line":59,"column":17}},"26":{"start":{"line":55,"column":20},"end":{"line":55,"column":63}},"27":{"start":{"line":58,"column":20},"end":{"line":58,"column":49}},"28":{"start":{"line":63,"column":4},"end":{"line":63,"column":38}},"29":{"start":{"line":64,"column":4},"end":{"line":67,"column":47}}},"fnMap":{"0":{"name":"(anonymous_0)","decl":{"start":{"line":1,"column":1},"end":{"line":1,"column":2}},"loc":{"start":{"line":1,"column":20},"end":{"line":9,"column":1}},"line":1},"1":{"name":"(anonymous_1)","decl":{"start":{"line":9,"column":3},"end":{"line":9,"column":4}},"loc":{"start":{"line":9,"column":31},"end":{"line":68,"column":1}},"line":9},"2":{"name":"(anonymous_2)","decl":{"start":{"line":14,"column":8},"end":{"line":14,"column":9}},"loc":{"start":{"line":14,"column":39},"end":{"line":22,"column":9}},"line":14},"3":{"name":"(anonymous_3)","decl":{"start":{"line":23,"column":8},"end":{"line":23,"column":9}},"loc":{"start":{"line":23,"column":19},"end":{"line":25,"column":9}},"line":23},"4":{"name":"(anonymous_4)","decl":{"start":{"line":26,"column":8},"end":{"line":26,"column":9}},"loc":{"start":{"line":26,"column":19},"end":{"line":34,"column":9}},"line":26},"5":{"name":"(anonymous_5)","decl":{"start":{"line":35,"column":8},"end":{"line":35,"column":9}},"loc":{"start":{"line":35,"column":19},"end":{"line":39,"column":9}},"line":35},"6":{"name":"(anonymous_6)","decl":{"start":{"line":40,"column":8},"end":{"line":40,"column":9}},"loc":{"start":{"line":40,"column":24},"end":{"line":44,"column":9}},"line":40},"7":{"name":"(anonymous_7)","decl":{"start":{"line":45,"column":8},"end":{"line":45,"column":9}},"loc":{"start":{"line":45,"column":16},"end":{"line":47,"column":9}},"line":45},"8":{"name":"(anonymous_8)","decl":{"start":{"line":48,"column":8},"end":{"line":48,"column":9}},"loc":{"start":{"line":48,"column":17},"end":{"line":50,"column":9}},"line":48},"9":{"name":"(anonymous_9)","decl":{"start":{"line":51,"column":8},"end":{"line":51,"column":9}},"loc":{"start":{"line":51,"column":35},"end":{"line":61,"column":9}},"line":51}},"branchMap":{"0":{"loc":{"start":{"line":2,"column":4},"end":{"line":8,"column":5}},"type":"if","locations":[{"start":{"line":2,"column":4},"end":{"line":8,"column":5}},{"start":{"line":2,"column":4},"end":{"line":8,"column":5}}],"line":2},"1":{"loc":{"start":{"line":2,"column":8},"end":{"line":2,"column":72}},"type":"binary-expr","locations":[{"start":{"line":2,"column":8},"end":{"line":2,"column":34}},{"start":{"line":2,"column":38},"end":{"line":2,"column":72}}],"line":2},"2":{"loc":{"start":{"line":4,"column":8},"end":{"line":4,"column":48}},"type":"if","locations":[{"start":{"line":4,"column":8},"end":{"line":4,"column":48}},{"start":{"line":4,"column":8},"end":{"line":4,"column":48}}],"line":4},"3":{"loc":{"start":{"line":6,"column":9},"end":{"line":8,"column":5}},"type":"if","locations":[{"start":{"line":6,"column":9},"end":{"line":8,"column":5}},{"start":{"line":6,"column":9},"end":{"line":8,"column":5}}],"line":6},"4":{"loc":{"start":{"line":6,"column":13},"end":{"line":6,"column":55}},"type":"binary-expr","locations":[{"start":{"line":6,"column":13},"end":{"line":6,"column":41}},{"start":{"line":6,"column":45},"end":{"line":6,"column":55}}],"line":6},"5":{"loc":{"start":{"line":17,"column":12},"end":{"line":21,"column":13}},"type":"if","locations":[{"start":{"line":17,"column":12},"end":{"line":21,"column":13}},{"start":{"line":17,"column":12},"end":{"line":21,"column":13}}],"line":17},"6":{"loc":{"start":{"line":27,"column":12},"end":{"line":32,"column":13}},"type":"if","locations":[{"start":{"line":27,"column":12},"end":{"line":32,"column":13}},{"start":{"line":27,"column":12},"end":{"line":32,"column":13}}],"line":27},"7":{"loc":{"start":{"line":27,"column":16},"end":{"line":27,"column":61}},"type":"binary-expr","locations":[{"start":{"line":27,"column":16},"end":{"line":27,"column":31}},{"start":{"line":27,"column":35},"end":{"line":27,"column":61}}],"line":27},"8":{"loc":{"start":{"line":36,"column":33},"end":{"line":38,"column":39}},"type":"cond-expr","locations":[{"start":{"line":37,"column":18},"end":{"line":37,"column":23}},{"start":{"line":38,"column":18},"end":{"line":38,"column":39}}],"line":36},"9":{"loc":{"start":{"line":36,"column":33},"end":{"line":36,"column":78}},"type":"binary-expr","locations":[{"start":{"line":36,"column":33},"end":{"line":36,"column":48}},{"start":{"line":36,"column":52},"end":{"line":36,"column":78}}],"line":36},"10":{"loc":{"start":{"line":41,"column":36},"end":{"line":43,"column":39}},"type":"cond-expr","locations":[{"start":{"line":42,"column":18},"end":{"line":42,"column":23}},{"start":{"line":43,"column":18},"end":{"line":43,"column":39}}],"line":41},"11":{"loc":{"start":{"line":41,"column":36},"end":{"line":41,"column":81}},"type":"binary-expr","locations":[{"start":{"line":41,"column":36},"end":{"line":41,"column":51}},{"start":{"line":41,"column":55},"end":{"line":41,"column":81}}],"line":41},"12":{"loc":{"start":{"line":54,"column":16},"end":{"line":59,"column":17}},"type":"if","locations":[{"start":{"line":54,"column":16},"end":{"line":59,"column":17}},{"start":{"line":54,"column":16},"end":{"line":59,"column":17}}],"line":54}},"s":{"0":5,"1":5,"2":5,"3":5,"4":0,"5":0,"6":0,"7":5,"8":5,"9":8,"10":8,"11":8,"12":7,"13":95,"14":189,"15":145,"16":121,"17":24,"18":145,"19":122,"20":32,"21":5,"22":115,"23":0,"24":0,"25":0,"26":0,"27":0,"28":5,"29":5},"f":{"0":5,"1":5,"2":8,"3":189,"4":145,"5":122,"6":32,"7":5,"8":115,"9":0},"b":{"0":[5,0],"1":[5,5],"2":[0,5],"3":[0,0],"4":[0,0],"5":[7,1],"6":[121,24],"7":[145,54],"8":[98,24],"9":[122,58],"10":[26,6],"11":[32,8],"12":[0,0]},"_coverageSchema":"332fd63041d2c1bcb487cc26dd0d5f7d97098a6c","hash":"b2453d6862a2566ca764c27e7e2e1bffac6bcc93"}
,"/home/bogdan/git-repos/eq-collections/dist/HashSet.js": {"path":"/home/bogdan/git-repos/eq-collections/dist/HashSet.js","statementMap":{"0":{"start":{"line":1,"column":0},"end":{"line":173,"column":3}},"1":{"start":{"line":2,"column":4},"end":{"line":8,"column":5}},"2":{"start":{"line":3,"column":16},"end":{"line":3,"column":41}},"3":{"start":{"line":4,"column":8},"end":{"line":4,"column":48}},"4":{"start":{"line":4,"column":29},"end":{"line":4,"column":48}},"5":{"start":{"line":6,"column":9},"end":{"line":8,"column":5}},"6":{"start":{"line":7,"column":8},"end":{"line":7,"column":59}},"7":{"start":{"line":11,"column":4},"end":{"line":11,"column":66}},"8":{"start":{"line":12,"column":20},"end":{"line":12,"column":38}},"9":{"start":{"line":15,"column":12},"end":{"line":15,"column":34}},"10":{"start":{"line":16,"column":12},"end":{"line":16,"column":39}},"11":{"start":{"line":17,"column":12},"end":{"line":17,"column":43}},"12":{"start":{"line":18,"column":12},"end":{"line":22,"column":13}},"13":{"start":{"line":19,"column":16},"end":{"line":21,"column":17}},"14":{"start":{"line":20,"column":20},"end":{"line":20,"column":36}},"15":{"start":{"line":25,"column":23},"end":{"line":25,"column":37}},"16":{"start":{"line":26,"column":12},"end":{"line":30,"column":13}},"17":{"start":{"line":27,"column":16},"end":{"line":29,"column":17}},"18":{"start":{"line":28,"column":20},"end":{"line":28,"column":45}},"19":{"start":{"line":31,"column":12},"end":{"line":31,"column":24}},"20":{"start":{"line":34,"column":37},"end":{"line":34,"column":63}},"21":{"start":{"line":35,"column":12},"end":{"line":65,"column":13}},"22":{"start":{"line":36,"column":29},"end":{"line":36,"column":77}},"23":{"start":{"line":37,"column":31},"end":{"line":37,"column":50}},"24":{"start":{"line":38,"column":16},"end":{"line":61,"column":17}},"25":{"start":{"line":39,"column":20},"end":{"line":39,"column":49}},"26":{"start":{"line":42,"column":20},"end":{"line":59,"column":21}},"27":{"start":{"line":43,"column":24},"end":{"line":48,"column":25}},"28":{"start":{"line":44,"column":28},"end":{"line":47,"column":29}},"29":{"start":{"line":45,"column":32},"end":{"line":45,"column":50}},"30":{"start":{"line":46,"column":32},"end":{"line":46,"column":44}},"31":{"start":{"line":51,"column":24},"end":{"line":58,"column":25}},"32":{"start":{"line":52,"column":28},"end":{"line":57,"column":29}},"33":{"start":{"line":55,"column":32},"end":{"line":55,"column":50}},"34":{"start":{"line":56,"column":32},"end":{"line":56,"column":44}},"35":{"start":{"line":60,"column":20},"end":{"line":60,"column":39}},"36":{"start":{"line":64,"column":16},"end":{"line":64,"column":44}},"37":{"start":{"line":66,"column":12},"end":{"line":66,"column":24}},"38":{"start":{"line":69,"column":37},"end":{"line":69,"column":63}},"39":{"start":{"line":70,"column":12},"end":{"line":97,"column":13}},"40":{"start":{"line":71,"column":29},"end":{"line":71,"column":77}},"41":{"start":{"line":72,"column":31},"end":{"line":72,"column":50}},"42":{"start":{"line":73,"column":16},"end":{"line":93,"column":17}},"43":{"start":{"line":74,"column":20},"end":{"line":74,"column":33}},"44":{"start":{"line":77,"column":20},"end":{"line":92,"column":21}},"45":{"start":{"line":78,"column":24},"end":{"line":82,"column":25}},"46":{"start":{"line":79,"column":28},"end":{"line":81,"column":29}},"47":{"start":{"line":80,"column":32},"end":{"line":80,"column":44}},"48":{"start":{"line":85,"column":24},"end":{"line":91,"column":25}},"49":{"start":{"line":86,"column":28},"end":{"line":90,"column":29}},"50":{"start":{"line":89,"column":32},"end":{"line":89,"column":44}},"51":{"start":{"line":96,"column":16},"end":{"line":96,"column":44}},"52":{"start":{"line":98,"column":12},"end":{"line":98,"column":25}},"53":{"start":{"line":101,"column":37},"end":{"line":101,"column":63}},"54":{"start":{"line":102,"column":12},"end":{"line":137,"column":13}},"55":{"start":{"line":103,"column":29},"end":{"line":103,"column":77}},"56":{"start":{"line":104,"column":31},"end":{"line":104,"column":50}},"57":{"start":{"line":105,"column":16},"end":{"line":133,"column":17}},"58":{"start":{"line":106,"column":20},"end":{"line":106,"column":33}},"59":{"start":{"line":109,"column":20},"end":{"line":132,"column":21}},"60":{"start":{"line":110,"column":24},"end":{"line":118,"column":25}},"61":{"start":{"line":111,"column":28},"end":{"line":117,"column":29}},"62":{"start":{"line":112,"column":32},"end":{"line":112,"column":52}},"63":{"start":{"line":113,"column":32},"end":{"line":115,"column":33}},"64":{"start":{"line":114,"column":36},"end":{"line":114,"column":59}},"65":{"start":{"line":116,"column":32},"end":{"line":116,"column":44}},"66":{"start":{"line":121,"column":24},"end":{"line":131,"column":25}},"67":{"start":{"line":122,"column":28},"end":{"line":130,"column":29}},"68":{"start":{"line":125,"column":32},"end":{"line":125,"column":52}},"69":{"start":{"line":126,"column":32},"end":{"line":128,"column":33}},"70":{"start":{"line":127,"column":36},"end":{"line":127,"column":59}},"71":{"start":{"line":129,"column":32},"end":{"line":129,"column":44}},"72":{"start":{"line":136,"column":16},"end":{"line":136,"column":47}},"73":{"start":{"line":138,"column":12},"end":{"line":138,"column":25}},"74":{"start":{"line":141,"column":12},"end":{"line":141,"column":37}},"75":{"start":{"line":144,"column":12},"end":{"line":154,"column":13}},"76":{"start":{"line":145,"column":16},"end":{"line":153,"column":17}},"77":{"start":{"line":146,"column":35},"end":{"line":146,"column":40}},"78":{"start":{"line":147,"column":20},"end":{"line":149,"column":21}},"79":{"start":{"line":148,"column":24},"end":{"line":148,"column":40}},"80":{"start":{"line":152,"column":20},"end":{"line":152,"column":32}},"81":{"start":{"line":157,"column":28},"end":{"line":157,"column":49}},"82":{"start":{"line":158,"column":12},"end":{"line":165,"column":13}},"83":{"start":{"line":159,"column":16},"end":{"line":164,"column":17}},"84":{"start":{"line":160,"column":20},"end":{"line":160,"column":63}},"85":{"start":{"line":163,"column":20},"end":{"line":163,"column":49}},"86":{"start":{"line":168,"column":4},"end":{"line":168,"column":30}},"87":{"start":{"line":169,"column":4},"end":{"line":172,"column":43}}},"fnMap":{"0":{"name":"(anonymous_0)","decl":{"start":{"line":1,"column":1},"end":{"line":1,"column":2}},"loc":{"start":{"line":1,"column":20},"end":{"line":9,"column":1}},"line":1},"1":{"name":"(anonymous_1)","decl":{"start":{"line":9,"column":3},"end":{"line":9,"column":4}},"loc":{"start":{"line":9,"column":31},"end":{"line":173,"column":1}},"line":9},"2":{"name":"(anonymous_2)","decl":{"start":{"line":14,"column":8},"end":{"line":14,"column":9}},"loc":{"start":{"line":14,"column":52},"end":{"line":23,"column":9}},"line":14},"3":{"name":"(anonymous_3)","decl":{"start":{"line":24,"column":8},"end":{"line":24,"column":9}},"loc":{"start":{"line":24,"column":19},"end":{"line":32,"column":9}},"line":24},"4":{"name":"(anonymous_4)","decl":{"start":{"line":33,"column":8},"end":{"line":33,"column":9}},"loc":{"start":{"line":33,"column":19},"end":{"line":67,"column":9}},"line":33},"5":{"name":"(anonymous_5)","decl":{"start":{"line":68,"column":8},"end":{"line":68,"column":9}},"loc":{"start":{"line":68,"column":19},"end":{"line":99,"column":9}},"line":68},"6":{"name":"(anonymous_6)","decl":{"start":{"line":100,"column":8},"end":{"line":100,"column":9}},"loc":{"start":{"line":100,"column":24},"end":{"line":139,"column":9}},"line":100},"7":{"name":"(anonymous_7)","decl":{"start":{"line":140,"column":8},"end":{"line":140,"column":9}},"loc":{"start":{"line":140,"column":16},"end":{"line":142,"column":9}},"line":140},"8":{"name":"(anonymous_8)","decl":{"start":{"line":143,"column":8},"end":{"line":143,"column":9}},"loc":{"start":{"line":143,"column":18},"end":{"line":155,"column":9}},"line":143},"9":{"name":"(anonymous_9)","decl":{"start":{"line":156,"column":8},"end":{"line":156,"column":9}},"loc":{"start":{"line":156,"column":35},"end":{"line":166,"column":9}},"line":156}},"branchMap":{"0":{"loc":{"start":{"line":2,"column":4},"end":{"line":8,"column":5}},"type":"if","locations":[{"start":{"line":2,"column":4},"end":{"line":8,"column":5}},{"start":{"line":2,"column":4},"end":{"line":8,"column":5}}],"line":2},"1":{"loc":{"start":{"line":2,"column":8},"end":{"line":2,"column":72}},"type":"binary-expr","locations":[{"start":{"line":2,"column":8},"end":{"line":2,"column":34}},{"start":{"line":2,"column":38},"end":{"line":2,"column":72}}],"line":2},"2":{"loc":{"start":{"line":4,"column":8},"end":{"line":4,"column":48}},"type":"if","locations":[{"start":{"line":4,"column":8},"end":{"line":4,"column":48}},{"start":{"line":4,"column":8},"end":{"line":4,"column":48}}],"line":4},"3":{"loc":{"start":{"line":6,"column":9},"end":{"line":8,"column":5}},"type":"if","locations":[{"start":{"line":6,"column":9},"end":{"line":8,"column":5}},{"start":{"line":6,"column":9},"end":{"line":8,"column":5}}],"line":6},"4":{"loc":{"start":{"line":6,"column":13},"end":{"line":6,"column":55}},"type":"binary-expr","locations":[{"start":{"line":6,"column":13},"end":{"line":6,"column":41}},{"start":{"line":6,"column":45},"end":{"line":6,"column":55}}],"line":6},"5":{"loc":{"start":{"line":18,"column":12},"end":{"line":22,"column":13}},"type":"if","locations":[{"start":{"line":18,"column":12},"end":{"line":22,"column":13}},{"start":{"line":18,"column":12},"end":{"line":22,"column":13}}],"line":18},"6":{"loc":{"start":{"line":27,"column":16},"end":{"line":29,"column":17}},"type":"if","locations":[{"start":{"line":27,"column":16},"end":{"line":29,"column":17}},{"start":{"line":27,"column":16},"end":{"line":29,"column":17}}],"line":27},"7":{"loc":{"start":{"line":35,"column":12},"end":{"line":65,"column":13}},"type":"if","locations":[{"start":{"line":35,"column":12},"end":{"line":65,"column":13}},{"start":{"line":35,"column":12},"end":{"line":65,"column":13}}],"line":35},"8":{"loc":{"start":{"line":35,"column":16},"end":{"line":35,"column":50}},"type":"binary-expr","locations":[{"start":{"line":35,"column":16},"end":{"line":35,"column":30}},{"start":{"line":35,"column":34},"end":{"line":35,"column":50}}],"line":35},"9":{"loc":{"start":{"line":36,"column":29},"end":{"line":36,"column":77}},"type":"cond-expr","locations":[{"start":{"line":36,"column":48},"end":{"line":36,"column":53}},{"start":{"line":36,"column":56},"end":{"line":36,"column":77}}],"line":36},"10":{"loc":{"start":{"line":38,"column":16},"end":{"line":61,"column":17}},"type":"if","locations":[{"start":{"line":38,"column":16},"end":{"line":61,"column":17}},{"start":{"line":38,"column":16},"end":{"line":61,"column":17}}],"line":38},"11":{"loc":{"start":{"line":42,"column":20},"end":{"line":59,"column":21}},"type":"if","locations":[{"start":{"line":42,"column":20},"end":{"line":59,"column":21}},{"start":{"line":42,"column":20},"end":{"line":59,"column":21}}],"line":42},"12":{"loc":{"start":{"line":42,"column":24},"end":{"line":42,"column":61}},"type":"binary-expr","locations":[{"start":{"line":42,"column":24},"end":{"line":42,"column":41}},{"start":{"line":42,"column":45},"end":{"line":42,"column":61}}],"line":42},"13":{"loc":{"start":{"line":44,"column":28},"end":{"line":47,"column":29}},"type":"if","locations":[{"start":{"line":44,"column":28},"end":{"line":47,"column":29}},{"start":{"line":44,"column":28},"end":{"line":47,"column":29}}],"line":44},"14":{"loc":{"start":{"line":52,"column":28},"end":{"line":57,"column":29}},"type":"if","locations":[{"start":{"line":52,"column":28},"end":{"line":57,"column":29}},{"start":{"line":52,"column":28},"end":{"line":57,"column":29}}],"line":52},"15":{"loc":{"start":{"line":52,"column":32},"end":{"line":54,"column":54}},"type":"binary-expr","locations":[{"start":{"line":52,"column":32},"end":{"line":52,"column":51}},{"start":{"line":53,"column":35},"end":{"line":53,"column":58}},{"start":{"line":54,"column":39},"end":{"line":54,"column":54}}],"line":52},"16":{"loc":{"start":{"line":70,"column":12},"end":{"line":97,"column":13}},"type":"if","locations":[{"start":{"line":70,"column":12},"end":{"line":97,"column":13}},{"start":{"line":70,"column":12},"end":{"line":97,"column":13}}],"line":70},"17":{"loc":{"start":{"line":70,"column":16},"end":{"line":70,"column":50}},"type":"binary-expr","locations":[{"start":{"line":70,"column":16},"end":{"line":70,"column":30}},{"start":{"line":70,"column":34},"end":{"line":70,"column":50}}],"line":70},"18":{"loc":{"start":{"line":71,"column":29},"end":{"line":71,"column":77}},"type":"cond-expr","locations":[{"start":{"line":71,"column":48},"end":{"line":71,"column":53}},{"start":{"line":71,"column":56},"end":{"line":71,"column":77}}],"line":71},"19":{"loc":{"start":{"line":73,"column":16},"end":{"line":93,"column":17}},"type":"if","locations":[{"start":{"line":73,"column":16},"end":{"line":93,"column":17}},{"start":{"line":73,"column":16},"end":{"line":93,"column":17}}],"line":73},"20":{"loc":{"start":{"line":77,"column":20},"end":{"line":92,"column":21}},"type":"if","locations":[{"start":{"line":77,"column":20},"end":{"line":92,"column":21}},{"start":{"line":77,"column":20},"end":{"line":92,"column":21}}],"line":77},"21":{"loc":{"start":{"line":77,"column":24},"end":{"line":77,"column":61}},"type":"binary-expr","locations":[{"start":{"line":77,"column":24},"end":{"line":77,"column":41}},{"start":{"line":77,"column":45},"end":{"line":77,"column":61}}],"line":77},"22":{"loc":{"start":{"line":79,"column":28},"end":{"line":81,"column":29}},"type":"if","locations":[{"start":{"line":79,"column":28},"end":{"line":81,"column":29}},{"start":{"line":79,"column":28},"end":{"line":81,"column":29}}],"line":79},"23":{"loc":{"start":{"line":86,"column":28},"end":{"line":90,"column":29}},"type":"if","locations":[{"start":{"line":86,"column":28},"end":{"line":90,"column":29}},{"start":{"line":86,"column":28},"end":{"line":90,"column":29}}],"line":86},"24":{"loc":{"start":{"line":86,"column":32},"end":{"line":88,"column":54}},"type":"binary-expr","locations":[{"start":{"line":86,"column":32},"end":{"line":86,"column":51}},{"start":{"line":87,"column":35},"end":{"line":87,"column":58}},{"start":{"line":88,"column":39},"end":{"line":88,"column":54}}],"line":86},"25":{"loc":{"start":{"line":102,"column":12},"end":{"line":137,"column":13}},"type":"if","locations":[{"start":{"line":102,"column":12},"end":{"line":137,"column":13}},{"start":{"line":102,"column":12},"end":{"line":137,"column":13}}],"line":102},"26":{"loc":{"start":{"line":102,"column":16},"end":{"line":102,"column":50}},"type":"binary-expr","locations":[{"start":{"line":102,"column":16},"end":{"line":102,"column":30}},{"start":{"line":102,"column":34},"end":{"line":102,"column":50}}],"line":102},"27":{"loc":{"start":{"line":103,"column":29},"end":{"line":103,"column":77}},"type":"cond-expr","locations":[{"start":{"line":103,"column":48},"end":{"line":103,"column":53}},{"start":{"line":103,"column":56},"end":{"line":103,"column":77}}],"line":103},"28":{"loc":{"start":{"line":105,"column":16},"end":{"line":133,"column":17}},"type":"if","locations":[{"start":{"line":105,"column":16},"end":{"line":133,"column":17}},{"start":{"line":105,"column":16},"end":{"line":133,"column":17}}],"line":105},"29":{"loc":{"start":{"line":109,"column":20},"end":{"line":132,"column":21}},"type":"if","locations":[{"start":{"line":109,"column":20},"end":{"line":132,"column":21}},{"start":{"line":109,"column":20},"end":{"line":132,"column":21}}],"line":109},"30":{"loc":{"start":{"line":109,"column":24},"end":{"line":109,"column":61}},"type":"binary-expr","locations":[{"start":{"line":109,"column":24},"end":{"line":109,"column":41}},{"start":{"line":109,"column":45},"end":{"line":109,"column":61}}],"line":109},"31":{"loc":{"start":{"line":111,"column":28},"end":{"line":117,"column":29}},"type":"if","locations":[{"start":{"line":111,"column":28},"end":{"line":117,"column":29}},{"start":{"line":111,"column":28},"end":{"line":117,"column":29}}],"line":111},"32":{"loc":{"start":{"line":113,"column":32},"end":{"line":115,"column":33}},"type":"if","locations":[{"start":{"line":113,"column":32},"end":{"line":115,"column":33}},{"start":{"line":113,"column":32},"end":{"line":115,"column":33}}],"line":113},"33":{"loc":{"start":{"line":122,"column":28},"end":{"line":130,"column":29}},"type":"if","locations":[{"start":{"line":122,"column":28},"end":{"line":130,"column":29}},{"start":{"line":122,"column":28},"end":{"line":130,"column":29}}],"line":122},"34":{"loc":{"start":{"line":122,"column":32},"end":{"line":124,"column":54}},"type":"binary-expr","locations":[{"start":{"line":122,"column":32},"end":{"line":122,"column":51}},{"start":{"line":123,"column":35},"end":{"line":123,"column":58}},{"start":{"line":124,"column":39},"end":{"line":124,"column":54}}],"line":122},"35":{"loc":{"start":{"line":126,"column":32},"end":{"line":128,"column":33}},"type":"if","locations":[{"start":{"line":126,"column":32},"end":{"line":128,"column":33}},{"start":{"line":126,"column":32},"end":{"line":128,"column":33}}],"line":126},"36":{"loc":{"start":{"line":145,"column":16},"end":{"line":153,"column":17}},"type":"if","locations":[{"start":{"line":145,"column":16},"end":{"line":153,"column":17}},{"start":{"line":145,"column":16},"end":{"line":153,"column":17}}],"line":145},"37":{"loc":{"start":{"line":159,"column":16},"end":{"line":164,"column":17}},"type":"if","locations":[{"start":{"line":159,"column":16},"end":{"line":164,"column":17}},{"start":{"line":159,"column":16},"end":{"line":164,"column":17}}],"line":159}},"s":{"0":5,"1":5,"2":5,"3":5,"4":0,"5":0,"6":0,"7":5,"8":5,"9":11,"10":11,"11":11,"12":11,"13":10,"14":200,"15":406,"16":406,"17":4183,"18":2343,"19":406,"20":318,"21":318,"22":266,"23":266,"24":266,"25":131,"26":135,"27":56,"28":97,"29":43,"30":43,"31":79,"32":267,"33":16,"34":16,"35":76,"36":52,"37":259,"38":418,"39":418,"40":360,"41":360,"42":360,"43":25,"44":335,"45":71,"46":113,"47":69,"48":264,"49":693,"50":159,"51":58,"52":107,"53":66,"54":66,"55":54,"56":54,"57":54,"58":10,"59":44,"60":7,"61":7,"62":6,"63":6,"64":3,"65":6,"66":37,"67":63,"68":23,"69":23,"70":13,"71":23,"72":12,"73":15,"74":7,"75":255,"76":2518,"77":1326,"78":1326,"79":2557,"80":1192,"81":0,"82":0,"83":0,"84":0,"85":0,"86":5,"87":5},"f":{"0":5,"1":5,"2":11,"3":406,"4":318,"5":418,"6":66,"7":7,"8":255,"9":0},"b":{"0":[5,0],"1":[5,5],"2":[0,5],"3":[0,0],"4":[0,0],"5":[10,1],"6":[2343,1840],"7":[266,52],"8":[318,132],"9":[128,138],"10":[131,135],"11":[56,79],"12":[135,119],"13":[43,54],"14":[16,251],"15":[267,252,1],"16":[360,58],"17":[418,111],"18":[168,192],"19":[25,335],"20":[71,264],"21":[335,186],"22":[69,44],"23":[159,534],"24":[693,538,4],"25":[54,12],"26":[66,24],"27":[36,18],"28":[10,44],"29":[7,37],"30":[44,17],"31":[6,1],"32":[3,3],"33":[23,40],"34":[63,40,0],"35":[13,10],"36":[1326,1192],"37":[0,0]},"_coverageSchema":"332fd63041d2c1bcb487cc26dd0d5f7d97098a6c","hash":"f3b16c3c6323130fcd9904fdc27a79ab113edbcc"}
,"/home/bogdan/git-repos/eq-collections/dist/index.js": {"path":"/home/bogdan/git-repos/eq-collections/dist/index.js","statementMap":{"0":{"start":{"line":1,"column":0},"end":{"line":22,"column":3}},"1":{"start":{"line":2,"column":4},"end":{"line":8,"column":5}},"2":{"start":{"line":3,"column":16},"end":{"line":3,"column":41}},"3":{"start":{"line":4,"column":8},"end":{"line":4,"column":48}},"4":{"start":{"line":4,"column":29},"end":{"line":4,"column":48}},"5":{"start":{"line":6,"column":9},"end":{"line":8,"column":5}},"6":{"start":{"line":7,"column":8},"end":{"line":7,"column":119}},"7":{"start":{"line":11,"column":4},"end":{"line":11,"column":66}},"8":{"start":{"line":12,"column":26},"end":{"line":12,"column":50}},"9":{"start":{"line":13,"column":4},"end":{"line":13,"column":52}},"10":{"start":{"line":14,"column":26},"end":{"line":14,"column":50}},"11":{"start":{"line":15,"column":4},"end":{"line":15,"column":52}},"12":{"start":{"line":16,"column":22},"end":{"line":16,"column":42}},"13":{"start":{"line":17,"column":4},"end":{"line":17,"column":40}},"14":{"start":{"line":18,"column":22},"end":{"line":18,"column":42}},"15":{"start":{"line":19,"column":4},"end":{"line":19,"column":40}},"16":{"start":{"line":20,"column":20},"end":{"line":20,"column":38}},"17":{"start":{"line":21,"column":4},"end":{"line":21,"column":46}}},"fnMap":{"0":{"name":"(anonymous_0)","decl":{"start":{"line":1,"column":1},"end":{"line":1,"column":2}},"loc":{"start":{"line":1,"column":20},"end":{"line":9,"column":1}},"line":1},"1":{"name":"(anonymous_1)","decl":{"start":{"line":9,"column":3},"end":{"line":9,"column":4}},"loc":{"start":{"line":9,"column":31},"end":{"line":22,"column":1}},"line":9}},"branchMap":{"0":{"loc":{"start":{"line":2,"column":4},"end":{"line":8,"column":5}},"type":"if","locations":[{"start":{"line":2,"column":4},"end":{"line":8,"column":5}},{"start":{"line":2,"column":4},"end":{"line":8,"column":5}}],"line":2},"1":{"loc":{"start":{"line":2,"column":8},"end":{"line":2,"column":72}},"type":"binary-expr","locations":[{"start":{"line":2,"column":8},"end":{"line":2,"column":34}},{"start":{"line":2,"column":38},"end":{"line":2,"column":72}}],"line":2},"2":{"loc":{"start":{"line":4,"column":8},"end":{"line":4,"column":48}},"type":"if","locations":[{"start":{"line":4,"column":8},"end":{"line":4,"column":48}},{"start":{"line":4,"column":8},"end":{"line":4,"column":48}}],"line":4},"3":{"loc":{"start":{"line":6,"column":9},"end":{"line":8,"column":5}},"type":"if","locations":[{"start":{"line":6,"column":9},"end":{"line":8,"column":5}},{"start":{"line":6,"column":9},"end":{"line":8,"column":5}}],"line":6},"4":{"loc":{"start":{"line":6,"column":13},"end":{"line":6,"column":55}},"type":"binary-expr","locations":[{"start":{"line":6,"column":13},"end":{"line":6,"column":41}},{"start":{"line":6,"column":45},"end":{"line":6,"column":55}}],"line":6}},"s":{"0":5,"1":5,"2":5,"3":5,"4":0,"5":0,"6":0,"7":5,"8":5,"9":5,"10":5,"11":5,"12":5,"13":5,"14":5,"15":5,"16":5,"17":5},"f":{"0":5,"1":5},"b":{"0":[5,0],"1":[5,5],"2":[0,5],"3":[0,0],"4":[0,0]},"_coverageSchema":"332fd63041d2c1bcb487cc26dd0d5f7d97098a6c","hash":"cdfdac8b6e6c3fb7ceb21ffcd07cd20b1f4b500d"}
,"/home/bogdan/git-repos/eq-collections/dist/utils.js": {"path":"/home/bogdan/git-repos/eq-collections/dist/utils.js","statementMap":{"0":{"start":{"line":1,"column":0},"end":{"line":17,"column":3}},"1":{"start":{"line":2,"column":4},"end":{"line":8,"column":5}},"2":{"start":{"line":3,"column":16},"end":{"line":3,"column":41}},"3":{"start":{"line":4,"column":8},"end":{"line":4,"column":48}},"4":{"start":{"line":4,"column":29},"end":{"line":4,"column":48}},"5":{"start":{"line":6,"column":9},"end":{"line":8,"column":5}},"6":{"start":{"line":7,"column":8},"end":{"line":7,"column":48}},"7":{"start":{"line":11,"column":4},"end":{"line":11,"column":66}},"8":{"start":{"line":13,"column":21},"end":{"line":13,"column":33}},"9":{"start":{"line":14,"column":8},"end":{"line":14,"column":76}},"10":{"start":{"line":16,"column":4},"end":{"line":16,"column":38}}},"fnMap":{"0":{"name":"(anonymous_0)","decl":{"start":{"line":1,"column":1},"end":{"line":1,"column":2}},"loc":{"start":{"line":1,"column":20},"end":{"line":9,"column":1}},"line":1},"1":{"name":"(anonymous_1)","decl":{"start":{"line":9,"column":3},"end":{"line":9,"column":4}},"loc":{"start":{"line":9,"column":31},"end":{"line":17,"column":1}},"line":9},"2":{"name":"isPrimitive","decl":{"start":{"line":12,"column":13},"end":{"line":12,"column":24}},"loc":{"start":{"line":12,"column":32},"end":{"line":15,"column":5}},"line":12}},"branchMap":{"0":{"loc":{"start":{"line":2,"column":4},"end":{"line":8,"column":5}},"type":"if","locations":[{"start":{"line":2,"column":4},"end":{"line":8,"column":5}},{"start":{"line":2,"column":4},"end":{"line":8,"column":5}}],"line":2},"1":{"loc":{"start":{"line":2,"column":8},"end":{"line":2,"column":72}},"type":"binary-expr","locations":[{"start":{"line":2,"column":8},"end":{"line":2,"column":34}},{"start":{"line":2,"column":38},"end":{"line":2,"column":72}}],"line":2},"2":{"loc":{"start":{"line":4,"column":8},"end":{"line":4,"column":48}},"type":"if","locations":[{"start":{"line":4,"column":8},"end":{"line":4,"column":48}},{"start":{"line":4,"column":8},"end":{"line":4,"column":48}}],"line":4},"3":{"loc":{"start":{"line":6,"column":9},"end":{"line":8,"column":5}},"type":"if","locations":[{"start":{"line":6,"column":9},"end":{"line":8,"column":5}},{"start":{"line":6,"column":9},"end":{"line":8,"column":5}}],"line":6},"4":{"loc":{"start":{"line":6,"column":13},"end":{"line":6,"column":55}},"type":"binary-expr","locations":[{"start":{"line":6,"column":13},"end":{"line":6,"column":41}},{"start":{"line":6,"column":45},"end":{"line":6,"column":55}}],"line":6},"5":{"loc":{"start":{"line":14,"column":15},"end":{"line":14,"column":75}},"type":"binary-expr","locations":[{"start":{"line":14,"column":16},"end":{"line":14,"column":33}},{"start":{"line":14,"column":37},"end":{"line":14,"column":56}},{"start":{"line":14,"column":61},"end":{"line":14,"column":75}}],"line":14}},"s":{"0":5,"1":5,"2":5,"3":5,"4":0,"5":0,"6":0,"7":5,"8":19562,"9":19562,"10":5},"f":{"0":5,"1":5,"2":19562},"b":{"0":[5,0],"1":[5,5],"2":[0,5],"3":[0,0],"4":[0,0],"5":[19562,10493,9069]},"_coverageSchema":"332fd63041d2c1bcb487cc26dd0d5f7d97098a6c","hash":"ff4ab9c0e051d6bae40ce5bc92cffcdd8aa0d819"}
}
