TN:
SF:/home/bogdan/git-repos/eq-collections/dist/HashMap.js
FN:1,(anonymous_0)
FN:9,(anonymous_1)
FN:14,(anonymous_2)
FN:25,(anonymous_3)
FN:34,(anonymous_4)
FN:59,(anonymous_5)
FN:83,(anonymous_6)
FN:106,(anonymous_7)
FN:137,(anonymous_8)
FN:140,(anonymous_9)
FN:161,(anonymous_10)
FN:172,(anonymous_11)
FN:177,(anonymous_12)
FNF:13
FNH:12
FNDA:5,(anonymous_0)
FNDA:5,(anonymous_1)
FNDA:16,(anonymous_2)
FNDA:504,(anonymous_3)
FNDA:422,(anonymous_4)
FNDA:215,(anonymous_5)
FNDA:409,(anonymous_6)
FNDA:67,(anonymous_7)
FNDA:7,(anonymous_8)
FNDA:312,(anonymous_9)
FNDA:0,(anonymous_10)
FNDA:1,(anonymous_11)
FNDA:1,(anonymous_12)
DA:1,5
DA:2,5
DA:3,5
DA:4,5
DA:6,0
DA:7,0
DA:11,5
DA:12,5
DA:15,16
DA:16,16
DA:17,16
DA:18,16
DA:19,16
DA:20,15
DA:21,278
DA:26,504
DA:27,504
DA:28,5506
DA:29,3159
DA:32,504
DA:35,422
DA:36,422
DA:37,344
DA:38,344
DA:39,344
DA:40,170
DA:43,174
DA:44,71
DA:45,126
DA:46,51
DA:47,51
DA:51,123
DA:55,78
DA:57,371
DA:61,215
DA:62,215
DA:63,166
DA:64,166
DA:65,166
DA:66,157
DA:67,13
DA:68,38
DA:69,13
DA:74,144
DA:79,49
DA:81,215
DA:84,409
DA:85,409
DA:86,352
DA:87,352
DA:88,352
DA:89,329
DA:90,71
DA:91,114
DA:92,69
DA:97,258
DA:100,25
DA:103,57
DA:107,67
DA:108,67
DA:109,54
DA:110,54
DA:111,54
DA:112,45
DA:113,7
DA:114,7
DA:115,6
DA:116,6
DA:117,3
DA:119,3
DA:124,38
DA:125,38
DA:126,12
DA:128,26
DA:131,10
DA:134,13
DA:138,7
DA:141,312
DA:142,3295
DA:143,1739
DA:144,1739
DA:145,2954
DA:146,2954
DA:147,30
DA:149,2954
DA:153,1556
DA:154,1556
DA:155,26
DA:157,1556
DA:162,0
DA:163,0
DA:164,0
DA:165,0
DA:168,0
DA:173,1
DA:174,20
DA:178,1
DA:179,20
DA:183,5
DA:184,5
LF:100
LH:93
BRDA:2,0,0,5
BRDA:2,0,1,0
BRDA:2,1,0,5
BRDA:2,1,1,5
BRDA:4,2,0,0
BRDA:4,2,1,5
BRDA:6,3,0,0
BRDA:6,3,1,0
BRDA:6,4,0,0
BRDA:6,4,1,0
BRDA:19,5,0,15
BRDA:19,5,1,1
BRDA:28,6,0,3159
BRDA:28,6,1,2347
BRDA:36,7,0,344
BRDA:36,7,1,78
BRDA:36,8,0,422
BRDA:36,8,1,198
BRDA:37,9,0,180
BRDA:37,9,1,164
BRDA:39,10,0,170
BRDA:39,10,1,174
BRDA:43,11,0,71
BRDA:43,11,1,103
BRDA:43,12,0,174
BRDA:43,12,1,144
BRDA:45,13,0,51
BRDA:45,13,1,75
BRDA:59,14,0,203
BRDA:62,15,0,166
BRDA:62,15,1,49
BRDA:62,16,0,215
BRDA:62,16,1,98
BRDA:63,17,0,79
BRDA:63,17,1,87
BRDA:65,18,0,157
BRDA:65,18,1,9
BRDA:66,19,0,13
BRDA:66,19,1,144
BRDA:66,20,0,157
BRDA:66,20,1,78
BRDA:68,21,0,13
BRDA:68,21,1,25
BRDA:81,22,0,185
BRDA:81,22,1,30
BRDA:85,23,0,352
BRDA:85,23,1,57
BRDA:85,24,0,409
BRDA:85,24,1,104
BRDA:86,25,0,160
BRDA:86,25,1,192
BRDA:88,26,0,329
BRDA:88,26,1,23
BRDA:89,27,0,71
BRDA:89,27,1,258
BRDA:89,28,0,329
BRDA:89,28,1,186
BRDA:91,29,0,69
BRDA:91,29,1,45
BRDA:108,30,0,54
BRDA:108,30,1,13
BRDA:108,31,0,67
BRDA:108,31,1,25
BRDA:109,32,0,36
BRDA:109,32,1,18
BRDA:111,33,0,45
BRDA:111,33,1,9
BRDA:112,34,0,7
BRDA:112,34,1,38
BRDA:112,35,0,45
BRDA:112,35,1,17
BRDA:114,36,0,6
BRDA:114,36,1,1
BRDA:116,37,0,3
BRDA:116,37,1,3
BRDA:125,38,0,12
BRDA:125,38,1,26
BRDA:140,39,0,307
BRDA:140,40,0,310
BRDA:142,41,0,1739
BRDA:142,41,1,1556
BRDA:146,42,0,30
BRDA:146,42,1,2924
BRDA:146,43,0,2954
BRDA:146,43,1,30
BRDA:154,44,0,26
BRDA:154,44,1,1530
BRDA:154,45,0,1556
BRDA:154,45,1,26
BRDA:164,46,0,0
BRDA:164,46,1,0
BRDA:177,47,0,1
BRDA:177,48,0,1
BRF:93
BRH:85
end_of_record
TN:
SF:/home/bogdan/git-repos/eq-collections/dist/HashOnlyMap.js
FN:1,(anonymous_0)
FN:9,(anonymous_1)
FN:14,(anonymous_2)
FN:24,(anonymous_3)
FN:27,(anonymous_4)
FN:38,(anonymous_5)
FN:42,(anonymous_6)
FN:46,(anonymous_7)
FN:51,(anonymous_8)
FN:54,(anonymous_9)
FN:69,(anonymous_10)
FN:80,(anonymous_11)
FN:85,(anonymous_12)
FN:90,(anonymous_13)
FNF:14
FNH:13
FNDA:5,(anonymous_0)
FNDA:5,(anonymous_1)
FNDA:13,(anonymous_2)
FNDA:264,(anonymous_3)
FNDA:221,(anonymous_4)
FNDA:114,(anonymous_5)
FNDA:113,(anonymous_6)
FNDA:33,(anonymous_7)
FNDA:5,(anonymous_8)
FNDA:158,(anonymous_9)
FNDA:0,(anonymous_10)
FNDA:1,(anonymous_11)
FNDA:1,(anonymous_12)
FNDA:227,(anonymous_13)
DA:1,5
DA:2,5
DA:3,5
DA:4,5
DA:6,0
DA:7,0
DA:11,5
DA:12,5
DA:15,13
DA:16,13
DA:17,13
DA:18,13
DA:19,12
DA:20,152
DA:25,264
DA:28,221
DA:29,221
DA:30,221
DA:31,197
DA:34,24
DA:36,221
DA:39,114
DA:40,114
DA:43,113
DA:44,113
DA:47,33
DA:52,5
DA:55,158
DA:57,1569
DA:58,1417
DA:61,152
DA:63,1569
DA:64,38
DA:66,1569
DA:70,0
DA:71,0
DA:72,0
DA:73,0
DA:76,0
DA:81,1
DA:82,17
DA:86,1
DA:87,17
DA:91,227
DA:92,227
DA:93,227
DA:96,227
DA:99,5
DA:100,5
LF:49
LH:42
BRDA:2,0,0,5
BRDA:2,0,1,0
BRDA:2,1,0,5
BRDA:2,1,1,5
BRDA:4,2,0,0
BRDA:4,2,1,5
BRDA:6,3,0,0
BRDA:6,3,1,0
BRDA:6,4,0,0
BRDA:6,4,1,0
BRDA:18,5,0,12
BRDA:18,5,1,1
BRDA:30,6,0,197
BRDA:30,6,1,24
BRDA:30,7,0,221
BRDA:30,7,1,144
BRDA:31,8,0,165
BRDA:31,8,1,32
BRDA:38,9,0,102
BRDA:40,10,0,84
BRDA:40,10,1,30
BRDA:47,11,0,27
BRDA:47,11,1,6
BRDA:47,12,0,33
BRDA:47,12,1,8
BRDA:54,13,0,153
BRDA:54,14,0,156
BRDA:57,15,0,1417
BRDA:57,15,1,152
BRDA:63,16,0,38
BRDA:63,16,1,1531
BRDA:63,17,0,1569
BRDA:63,17,1,38
BRDA:72,18,0,0
BRDA:72,18,1,0
BRDA:85,19,0,1
BRDA:85,20,0,1
BRDA:92,21,0,227
BRDA:92,21,1,135
BRDA:93,22,0,179
BRDA:93,22,1,48
BRDA:94,23,0,134
BRDA:94,23,1,45
BRDA:96,24,0,154
BRDA:96,24,1,73
BRDA:96,25,0,227
BRDA:96,25,1,168
BRF:47
BRH:39
end_of_record
TN:
SF:/home/bogdan/git-repos/eq-collections/dist/HashOnlySet.js
FN:1,(anonymous_0)
FN:9,(anonymous_1)
FN:14,(anonymous_2)
FN:23,(anonymous_3)
FN:26,(anonymous_4)
FN:35,(anonymous_5)
FN:40,(anonymous_6)
FN:45,(anonymous_7)
FN:48,(anonymous_8)
FN:51,(anonymous_9)
FNF:10
FNH:9
FNDA:5,(anonymous_0)
FNDA:5,(anonymous_1)
FNDA:8,(anonymous_2)
FNDA:189,(anonymous_3)
FNDA:145,(anonymous_4)
FNDA:122,(anonymous_5)
FNDA:32,(anonymous_6)
FNDA:5,(anonymous_7)
FNDA:115,(anonymous_8)
FNDA:0,(anonymous_9)
DA:1,5
DA:2,5
DA:3,5
DA:4,5
DA:6,0
DA:7,0
DA:11,5
DA:12,5
DA:15,8
DA:16,8
DA:17,8
DA:18,7
DA:19,95
DA:24,189
DA:27,145
DA:28,121
DA:31,24
DA:33,145
DA:36,122
DA:41,32
DA:46,5
DA:49,115
DA:52,0
DA:53,0
DA:54,0
DA:55,0
DA:58,0
DA:63,5
DA:64,5
LF:29
LH:22
BRDA:2,0,0,5
BRDA:2,0,1,0
BRDA:2,1,0,5
BRDA:2,1,1,5
BRDA:4,2,0,0
BRDA:4,2,1,5
BRDA:6,3,0,0
BRDA:6,3,1,0
BRDA:6,4,0,0
BRDA:6,4,1,0
BRDA:17,5,0,7
BRDA:17,5,1,1
BRDA:27,6,0,121
BRDA:27,6,1,24
BRDA:27,7,0,145
BRDA:27,7,1,54
BRDA:36,8,0,98
BRDA:36,8,1,24
BRDA:36,9,0,122
BRDA:36,9,1,58
BRDA:41,10,0,26
BRDA:41,10,1,6
BRDA:41,11,0,32
BRDA:41,11,1,8
BRDA:54,12,0,0
BRDA:54,12,1,0
BRF:26
BRH:18
end_of_record
TN:
SF:/home/bogdan/git-repos/eq-collections/dist/HashSet.js
FN:1,(anonymous_0)
FN:9,(anonymous_1)
FN:14,(anonymous_2)
FN:24,(anonymous_3)
FN:33,(anonymous_4)
FN:68,(anonymous_5)
FN:100,(anonymous_6)
FN:140,(anonymous_7)
FN:143,(anonymous_8)
FN:156,(anonymous_9)
FNF:10
FNH:9
FNDA:5,(anonymous_0)
FNDA:5,(anonymous_1)
FNDA:11,(anonymous_2)
FNDA:406,(anonymous_3)
FNDA:318,(anonymous_4)
FNDA:418,(anonymous_5)
FNDA:66,(anonymous_6)
FNDA:7,(anonymous_7)
FNDA:255,(anonymous_8)
FNDA:0,(anonymous_9)
DA:1,5
DA:2,5
DA:3,5
DA:4,5
DA:6,0
DA:7,0
DA:11,5
DA:12,5
DA:15,11
DA:16,11
DA:17,11
DA:18,11
DA:19,10
DA:20,200
DA:25,406
DA:26,406
DA:27,4183
DA:28,2343
DA:31,406
DA:34,318
DA:35,318
DA:36,266
DA:37,266
DA:38,266
DA:39,131
DA:42,135
DA:43,56
DA:44,97
DA:45,43
DA:46,43
DA:51,79
DA:52,267
DA:55,16
DA:56,16
DA:60,76
DA:64,52
DA:66,259
DA:69,418
DA:70,418
DA:71,360
DA:72,360
DA:73,360
DA:74,25
DA:77,335
DA:78,71
DA:79,113
DA:80,69
DA:85,264
DA:86,693
DA:89,159
DA:96,58
DA:98,107
DA:101,66
DA:102,66
DA:103,54
DA:104,54
DA:105,54
DA:106,10
DA:109,44
DA:110,7
DA:111,7
DA:112,6
DA:113,6
DA:114,3
DA:116,6
DA:121,37
DA:122,63
DA:125,23
DA:126,23
DA:127,13
DA:129,23
DA:136,12
DA:138,15
DA:141,7
DA:144,255
DA:145,2518
DA:146,1326
DA:147,1326
DA:148,2557
DA:152,1192
DA:157,0
DA:158,0
DA:159,0
DA:160,0
DA:163,0
DA:168,5
DA:169,5
LF:87
LH:80
BRDA:2,0,0,5
BRDA:2,0,1,0
BRDA:2,1,0,5
BRDA:2,1,1,5
BRDA:4,2,0,0
BRDA:4,2,1,5
BRDA:6,3,0,0
BRDA:6,3,1,0
BRDA:6,4,0,0
BRDA:6,4,1,0
BRDA:18,5,0,10
BRDA:18,5,1,1
BRDA:27,6,0,2343
BRDA:27,6,1,1840
BRDA:35,7,0,266
BRDA:35,7,1,52
BRDA:35,8,0,318
BRDA:35,8,1,132
BRDA:36,9,0,128
BRDA:36,9,1,138
BRDA:38,10,0,131
BRDA:38,10,1,135
BRDA:42,11,0,56
BRDA:42,11,1,79
BRDA:42,12,0,135
BRDA:42,12,1,119
BRDA:44,13,0,43
BRDA:44,13,1,54
BRDA:52,14,0,16
BRDA:52,14,1,251
BRDA:52,15,0,267
BRDA:52,15,1,252
BRDA:52,15,2,1
BRDA:70,16,0,360
BRDA:70,16,1,58
BRDA:70,17,0,418
BRDA:70,17,1,111
BRDA:71,18,0,168
BRDA:71,18,1,192
BRDA:73,19,0,25
BRDA:73,19,1,335
BRDA:77,20,0,71
BRDA:77,20,1,264
BRDA:77,21,0,335
BRDA:77,21,1,186
BRDA:79,22,0,69
BRDA:79,22,1,44
BRDA:86,23,0,159
BRDA:86,23,1,534
BRDA:86,24,0,693
BRDA:86,24,1,538
BRDA:86,24,2,4
BRDA:102,25,0,54
BRDA:102,25,1,12
BRDA:102,26,0,66
BRDA:102,26,1,24
BRDA:103,27,0,36
BRDA:103,27,1,18
BRDA:105,28,0,10
BRDA:105,28,1,44
BRDA:109,29,0,7
BRDA:109,29,1,37
BRDA:109,30,0,44
BRDA:109,30,1,17
BRDA:111,31,0,6
BRDA:111,31,1,1
BRDA:113,32,0,3
BRDA:113,32,1,3
BRDA:122,33,0,23
BRDA:122,33,1,40
BRDA:122,34,0,63
BRDA:122,34,1,40
BRDA:122,34,2,0
BRDA:126,35,0,13
BRDA:126,35,1,10
BRDA:145,36,0,1326
BRDA:145,36,1,1192
BRDA:159,37,0,0
BRDA:159,37,1,0
BRF:79
BRH:70
end_of_record
TN:
SF:/home/bogdan/git-repos/eq-collections/dist/index.js
FN:1,(anonymous_0)
FN:9,(anonymous_1)
FNF:2
FNH:2
FNDA:5,(anonymous_0)
FNDA:5,(anonymous_1)
DA:1,5
DA:2,5
DA:3,5
DA:4,5
DA:6,0
DA:7,0
DA:11,5
DA:12,5
DA:13,5
DA:14,5
DA:15,5
DA:16,5
DA:17,5
DA:18,5
DA:19,5
DA:20,5
DA:21,5
LF:17
LH:15
BRDA:2,0,0,5
BRDA:2,0,1,0
BRDA:2,1,0,5
BRDA:2,1,1,5
BRDA:4,2,0,0
BRDA:4,2,1,5
BRDA:6,3,0,0
BRDA:6,3,1,0
BRDA:6,4,0,0
BRDA:6,4,1,0
BRF:10
BRH:4
end_of_record
TN:
SF:/home/bogdan/git-repos/eq-collections/dist/utils.js
FN:1,(anonymous_0)
FN:9,(anonymous_1)
FN:12,isPrimitive
FNF:3
FNH:3
FNDA:5,(anonymous_0)
FNDA:5,(anonymous_1)
FNDA:19562,isPrimitive
DA:1,5
DA:2,5
DA:3,5
DA:4,5
DA:6,0
DA:7,0
DA:11,5
DA:13,19562
DA:14,19562
DA:16,5
LF:10
LH:8
BRDA:2,0,0,5
BRDA:2,0,1,0
BRDA:2,1,0,5
BRDA:2,1,1,5
BRDA:4,2,0,0
BRDA:4,2,1,5
BRDA:6,3,0,0
BRDA:6,3,1,0
BRDA:6,4,0,0
BRDA:6,4,1,0
BRDA:14,5,0,19562
BRDA:14,5,1,10493
BRDA:14,5,2,9069
BRF:13
BRH:7
end_of_record
